2023-12-25 22:28:48,229 DEBUG    root            Loaded Command Group: ['gcloud', 'components']
2023-12-25 22:28:48,232 DEBUG    root            Loaded Command Group: ['gcloud', 'components', 'list']
2023-12-25 22:28:48,233 DEBUG    root            Running [gcloud.components.list] with arguments: [--format: "json", --quiet: "True", --verbosity: "warning"]
2023-12-25 22:28:48,241 DEBUG    urllib3.connectionpool Starting new HTTPS connection (1): dl.google.com:443
2023-12-25 22:28:48,470 DEBUG    urllib3.connectionpool https://dl.google.com:443 "GET /dl/cloudsdk/channels/rapid/components-2.json HTTP/1.1" 200 214443
2023-12-25 22:28:48,570 INFO     ___FILE_ONLY___ 
Your current Google Cloud CLI version is: 458.0.1

2023-12-25 22:28:48,570 INFO     ___FILE_ONLY___ The latest available version is: 458.0.1

2023-12-25 22:28:48,570 INFO     ___FILE_ONLY___ 

2023-12-25 22:28:48,571 DEBUG    root            Chosen display Format:table[box,title="Components"](state.name:label=Status,name:label=Name,id:label=ID,size.size(zero="",min=1048576):label=Size:align=right) json
2023-12-25 22:28:48,571 INFO     root            Display format: "table[box,title="Components"](state.name:label=Status,name:label=Name,id:label=ID,size.size(zero="",min=1048576):label=Size:align=right) json"
2023-12-25 22:28:48,572 INFO     ___FILE_ONLY___ [
  {
2023-12-25 22:28:48,572 INFO     ___FILE_ONLY___ 
    "current_version_string": null,
2023-12-25 22:28:48,572 INFO     ___FILE_ONLY___ 
    "id": "app-engine-go",
2023-12-25 22:28:48,572 INFO     ___FILE_ONLY___ 
    "is_configuration": false,
2023-12-25 22:28:48,572 INFO     ___FILE_ONLY___ 
    "is_hidden": false,
2023-12-25 22:28:48,572 INFO     ___FILE_ONLY___ 
    "latest_version_string": "1.9.76",
2023-12-25 22:28:48,572 INFO     ___FILE_ONLY___ 
    "name": "App Engine Go Extensions",
2023-12-25 22:28:48,572 INFO     ___FILE_ONLY___ 
    "platform": {
2023-12-25 22:28:48,572 INFO     ___FILE_ONLY___ 
      "architecture": {
2023-12-25 22:28:48,572 INFO     ___FILE_ONLY___ 
        "file_name": "arm",
2023-12-25 22:28:48,572 INFO     ___FILE_ONLY___ 
        "id": "arm",
2023-12-25 22:28:48,573 INFO     ___FILE_ONLY___ 
        "name": "arm"
2023-12-25 22:28:48,573 INFO     ___FILE_ONLY___ 
      },
2023-12-25 22:28:48,573 INFO     ___FILE_ONLY___ 
      "operating_system": {
2023-12-25 22:28:48,573 INFO     ___FILE_ONLY___ 
        "clean_version": "21.1.0",
2023-12-25 22:28:48,573 INFO     ___FILE_ONLY___ 
        "file_name": "darwin",
2023-12-25 22:28:48,573 INFO     ___FILE_ONLY___ 
        "id": "MACOSX",
2023-12-25 22:28:48,573 INFO     ___FILE_ONLY___ 
        "name": "Mac OS X",
2023-12-25 22:28:48,573 INFO     ___FILE_ONLY___ 
        "version": "21.1.0"
2023-12-25 22:28:48,573 INFO     ___FILE_ONLY___ 
      }
2023-12-25 22:28:48,573 INFO     ___FILE_ONLY___ 
    },
2023-12-25 22:28:48,573 INFO     ___FILE_ONLY___ 
    "platform_required": false,
2023-12-25 22:28:48,573 INFO     ___FILE_ONLY___ 
    "size": 4673886,
2023-12-25 22:28:48,573 INFO     ___FILE_ONLY___ 
    "state": {
2023-12-25 22:28:48,573 INFO     ___FILE_ONLY___ 
      "name": "Not Installed"
2023-12-25 22:28:48,573 INFO     ___FILE_ONLY___ 
    }
2023-12-25 22:28:48,573 INFO     ___FILE_ONLY___ 
  }
2023-12-25 22:28:48,573 INFO     ___FILE_ONLY___ ,
  {
2023-12-25 22:28:48,574 INFO     ___FILE_ONLY___ 
    "current_version_string": null,
2023-12-25 22:28:48,574 INFO     ___FILE_ONLY___ 
    "id": "appctl",
2023-12-25 22:28:48,574 INFO     ___FILE_ONLY___ 
    "is_configuration": false,
2023-12-25 22:28:48,574 INFO     ___FILE_ONLY___ 
    "is_hidden": false,
2023-12-25 22:28:48,574 INFO     ___FILE_ONLY___ 
    "latest_version_string": "0.1.12",
2023-12-25 22:28:48,574 INFO     ___FILE_ONLY___ 
    "name": "Appctl",
2023-12-25 22:28:48,574 INFO     ___FILE_ONLY___ 
    "platform": {
2023-12-25 22:28:48,574 INFO     ___FILE_ONLY___ 
      "architecture": {
2023-12-25 22:28:48,574 INFO     ___FILE_ONLY___ 
        "file_name": "x86_64",
2023-12-25 22:28:48,574 INFO     ___FILE_ONLY___ 
        "id": "x86_64",
2023-12-25 22:28:48,574 INFO     ___FILE_ONLY___ 
        "name": "x86_64"
2023-12-25 22:28:48,574 INFO     ___FILE_ONLY___ 
      },
2023-12-25 22:28:48,574 INFO     ___FILE_ONLY___ 
      "operating_system": {
2023-12-25 22:28:48,574 INFO     ___FILE_ONLY___ 
        "clean_version": "21.1.0",
2023-12-25 22:28:48,574 INFO     ___FILE_ONLY___ 
        "file_name": "darwin",
2023-12-25 22:28:48,574 INFO     ___FILE_ONLY___ 
        "id": "MACOSX",
2023-12-25 22:28:48,574 INFO     ___FILE_ONLY___ 
        "name": "Mac OS X",
2023-12-25 22:28:48,574 INFO     ___FILE_ONLY___ 
        "version": "21.1.0"
2023-12-25 22:28:48,574 INFO     ___FILE_ONLY___ 
      }
2023-12-25 22:28:48,574 INFO     ___FILE_ONLY___ 
    },
2023-12-25 22:28:48,574 INFO     ___FILE_ONLY___ 
    "platform_required": false,
2023-12-25 22:28:48,574 INFO     ___FILE_ONLY___ 
    "size": 19381598,
2023-12-25 22:28:48,574 INFO     ___FILE_ONLY___ 
    "state": {
2023-12-25 22:28:48,574 INFO     ___FILE_ONLY___ 
      "name": "Not Installed"
2023-12-25 22:28:48,574 INFO     ___FILE_ONLY___ 
    }
2023-12-25 22:28:48,574 INFO     ___FILE_ONLY___ 
  }
2023-12-25 22:28:48,575 INFO     ___FILE_ONLY___ ,
  {
2023-12-25 22:28:48,575 INFO     ___FILE_ONLY___ 
    "current_version_string": null,
2023-12-25 22:28:48,575 INFO     ___FILE_ONLY___ 
    "id": "package-go-module",
2023-12-25 22:28:48,575 INFO     ___FILE_ONLY___ 
    "is_configuration": false,
2023-12-25 22:28:48,575 INFO     ___FILE_ONLY___ 
    "is_hidden": false,
2023-12-25 22:28:48,575 INFO     ___FILE_ONLY___ 
    "latest_version_string": "0.4.0",
2023-12-25 22:28:48,575 INFO     ___FILE_ONLY___ 
    "name": "Artifact Registry Go Module Package Helper",
2023-12-25 22:28:48,575 INFO     ___FILE_ONLY___ 
    "platform": {
2023-12-25 22:28:48,575 INFO     ___FILE_ONLY___ 
      "architecture": {
2023-12-25 22:28:48,575 INFO     ___FILE_ONLY___ 
        "file_name": "arm",
2023-12-25 22:28:48,575 INFO     ___FILE_ONLY___ 
        "id": "arm",
2023-12-25 22:28:48,575 INFO     ___FILE_ONLY___ 
        "name": "arm"
2023-12-25 22:28:48,575 INFO     ___FILE_ONLY___ 
      },
2023-12-25 22:28:48,575 INFO     ___FILE_ONLY___ 
      "operating_system": {
2023-12-25 22:28:48,575 INFO     ___FILE_ONLY___ 
        "clean_version": "21.1.0",
2023-12-25 22:28:48,575 INFO     ___FILE_ONLY___ 
        "file_name": "darwin",
2023-12-25 22:28:48,575 INFO     ___FILE_ONLY___ 
        "id": "MACOSX",
2023-12-25 22:28:48,575 INFO     ___FILE_ONLY___ 
        "name": "Mac OS X",
2023-12-25 22:28:48,575 INFO     ___FILE_ONLY___ 
        "version": "21.1.0"
2023-12-25 22:28:48,575 INFO     ___FILE_ONLY___ 
      }
2023-12-25 22:28:48,575 INFO     ___FILE_ONLY___ 
    },
2023-12-25 22:28:48,575 INFO     ___FILE_ONLY___ 
    "platform_required": false,
2023-12-25 22:28:48,575 INFO     ___FILE_ONLY___ 
    "size": 855211,
2023-12-25 22:28:48,575 INFO     ___FILE_ONLY___ 
    "state": {
2023-12-25 22:28:48,576 INFO     ___FILE_ONLY___ 
      "name": "Not Installed"
2023-12-25 22:28:48,576 INFO     ___FILE_ONLY___ 
    }
2023-12-25 22:28:48,576 INFO     ___FILE_ONLY___ 
  }
2023-12-25 22:28:48,576 INFO     ___FILE_ONLY___ ,
  {
2023-12-25 22:28:48,576 INFO     ___FILE_ONLY___ 
    "current_version_string": null,
2023-12-25 22:28:48,576 INFO     ___FILE_ONLY___ 
    "id": "bq",
2023-12-25 22:28:48,576 INFO     ___FILE_ONLY___ 
    "is_configuration": false,
2023-12-25 22:28:48,576 INFO     ___FILE_ONLY___ 
    "is_hidden": false,
2023-12-25 22:28:48,576 INFO     ___FILE_ONLY___ 
    "latest_version_string": "2.0.101",
2023-12-25 22:28:48,576 INFO     ___FILE_ONLY___ 
    "name": "BigQuery Command Line Tool",
2023-12-25 22:28:48,576 INFO     ___FILE_ONLY___ 
    "platform": {
2023-12-25 22:28:48,576 INFO     ___FILE_ONLY___ 
      "architecture": {
2023-12-25 22:28:48,576 INFO     ___FILE_ONLY___ 
        "file_name": "arm",
2023-12-25 22:28:48,576 INFO     ___FILE_ONLY___ 
        "id": "arm",
2023-12-25 22:28:48,576 INFO     ___FILE_ONLY___ 
        "name": "arm"
2023-12-25 22:28:48,576 INFO     ___FILE_ONLY___ 
      },
2023-12-25 22:28:48,576 INFO     ___FILE_ONLY___ 
      "operating_system": {
2023-12-25 22:28:48,576 INFO     ___FILE_ONLY___ 
        "clean_version": "21.1.0",
2023-12-25 22:28:48,576 INFO     ___FILE_ONLY___ 
        "file_name": "darwin",
2023-12-25 22:28:48,576 INFO     ___FILE_ONLY___ 
        "id": "MACOSX",
2023-12-25 22:28:48,576 INFO     ___FILE_ONLY___ 
        "name": "Mac OS X",
2023-12-25 22:28:48,576 INFO     ___FILE_ONLY___ 
        "version": "21.1.0"
2023-12-25 22:28:48,577 INFO     ___FILE_ONLY___ 
      }
2023-12-25 22:28:48,577 INFO     ___FILE_ONLY___ 
    },
2023-12-25 22:28:48,577 INFO     ___FILE_ONLY___ 
    "platform_required": false,
2023-12-25 22:28:48,577 INFO     ___FILE_ONLY___ 
    "size": 1678977,
2023-12-25 22:28:48,577 INFO     ___FILE_ONLY___ 
    "state": {
2023-12-25 22:28:48,577 INFO     ___FILE_ONLY___ 
      "name": "Not Installed"
2023-12-25 22:28:48,577 INFO     ___FILE_ONLY___ 
    }
2023-12-25 22:28:48,577 INFO     ___FILE_ONLY___ 
  }
2023-12-25 22:28:48,577 INFO     ___FILE_ONLY___ ,
  {
2023-12-25 22:28:48,577 INFO     ___FILE_ONLY___ 
    "current_version_string": null,
2023-12-25 22:28:48,577 INFO     ___FILE_ONLY___ 
    "id": "cbt",
2023-12-25 22:28:48,577 INFO     ___FILE_ONLY___ 
    "is_configuration": false,
2023-12-25 22:28:48,577 INFO     ___FILE_ONLY___ 
    "is_hidden": false,
2023-12-25 22:28:48,578 INFO     ___FILE_ONLY___ 
    "latest_version_string": "1.17.1",
2023-12-25 22:28:48,578 INFO     ___FILE_ONLY___ 
    "name": "Cloud Bigtable Command Line Tool",
2023-12-25 22:28:48,578 INFO     ___FILE_ONLY___ 
    "platform": {
2023-12-25 22:28:48,578 INFO     ___FILE_ONLY___ 
      "architecture": {
2023-12-25 22:28:48,578 INFO     ___FILE_ONLY___ 
        "file_name": "arm",
2023-12-25 22:28:48,578 INFO     ___FILE_ONLY___ 
        "id": "arm",
2023-12-25 22:28:48,578 INFO     ___FILE_ONLY___ 
        "name": "arm"
2023-12-25 22:28:48,578 INFO     ___FILE_ONLY___ 
      },
2023-12-25 22:28:48,578 INFO     ___FILE_ONLY___ 
      "operating_system": {
2023-12-25 22:28:48,578 INFO     ___FILE_ONLY___ 
        "clean_version": "21.1.0",
2023-12-25 22:28:48,578 INFO     ___FILE_ONLY___ 
        "file_name": "darwin",
2023-12-25 22:28:48,578 INFO     ___FILE_ONLY___ 
        "id": "MACOSX",
2023-12-25 22:28:48,578 INFO     ___FILE_ONLY___ 
        "name": "Mac OS X",
2023-12-25 22:28:48,578 INFO     ___FILE_ONLY___ 
        "version": "21.1.0"
2023-12-25 22:28:48,578 INFO     ___FILE_ONLY___ 
      }
2023-12-25 22:28:48,578 INFO     ___FILE_ONLY___ 
    },
2023-12-25 22:28:48,578 INFO     ___FILE_ONLY___ 
    "platform_required": false,
2023-12-25 22:28:48,578 INFO     ___FILE_ONLY___ 
    "size": 16557768,
2023-12-25 22:28:48,578 INFO     ___FILE_ONLY___ 
    "state": {
2023-12-25 22:28:48,578 INFO     ___FILE_ONLY___ 
      "name": "Not Installed"
2023-12-25 22:28:48,578 INFO     ___FILE_ONLY___ 
    }
2023-12-25 22:28:48,578 INFO     ___FILE_ONLY___ 
  }
2023-12-25 22:28:48,579 INFO     ___FILE_ONLY___ ,
  {
2023-12-25 22:28:48,579 INFO     ___FILE_ONLY___ 
    "current_version_string": null,
2023-12-25 22:28:48,579 INFO     ___FILE_ONLY___ 
    "id": "bigtable",
2023-12-25 22:28:48,579 INFO     ___FILE_ONLY___ 
    "is_configuration": false,
2023-12-25 22:28:48,579 INFO     ___FILE_ONLY___ 
    "is_hidden": false,
2023-12-25 22:28:48,579 INFO     ___FILE_ONLY___ 
    "latest_version_string": "",
2023-12-25 22:28:48,579 INFO     ___FILE_ONLY___ 
    "name": "Cloud Bigtable Emulator",
2023-12-25 22:28:48,579 INFO     ___FILE_ONLY___ 
    "platform": {
2023-12-25 22:28:48,579 INFO     ___FILE_ONLY___ 
      "architecture": {
2023-12-25 22:28:48,579 INFO     ___FILE_ONLY___ 
        "file_name": "arm",
2023-12-25 22:28:48,579 INFO     ___FILE_ONLY___ 
        "id": "arm",
2023-12-25 22:28:48,579 INFO     ___FILE_ONLY___ 
        "name": "arm"
2023-12-25 22:28:48,579 INFO     ___FILE_ONLY___ 
      },
2023-12-25 22:28:48,579 INFO     ___FILE_ONLY___ 
      "operating_system": {
2023-12-25 22:28:48,579 INFO     ___FILE_ONLY___ 
        "clean_version": "21.1.0",
2023-12-25 22:28:48,579 INFO     ___FILE_ONLY___ 
        "file_name": "darwin",
2023-12-25 22:28:48,579 INFO     ___FILE_ONLY___ 
        "id": "MACOSX",
2023-12-25 22:28:48,579 INFO     ___FILE_ONLY___ 
        "name": "Mac OS X",
2023-12-25 22:28:48,579 INFO     ___FILE_ONLY___ 
        "version": "21.1.0"
2023-12-25 22:28:48,579 INFO     ___FILE_ONLY___ 
      }
2023-12-25 22:28:48,579 INFO     ___FILE_ONLY___ 
    },
2023-12-25 22:28:48,579 INFO     ___FILE_ONLY___ 
    "platform_required": false,
2023-12-25 22:28:48,579 INFO     ___FILE_ONLY___ 
    "size": 7108378,
2023-12-25 22:28:48,579 INFO     ___FILE_ONLY___ 
    "state": {
2023-12-25 22:28:48,580 INFO     ___FILE_ONLY___ 
      "name": "Not Installed"
2023-12-25 22:28:48,580 INFO     ___FILE_ONLY___ 
    }
2023-12-25 22:28:48,580 INFO     ___FILE_ONLY___ 
  }
2023-12-25 22:28:48,580 INFO     ___FILE_ONLY___ ,
  {
2023-12-25 22:28:48,580 INFO     ___FILE_ONLY___ 
    "current_version_string": null,
2023-12-25 22:28:48,580 INFO     ___FILE_ONLY___ 
    "id": "cloud-datastore-emulator",
2023-12-25 22:28:48,580 INFO     ___FILE_ONLY___ 
    "is_configuration": false,
2023-12-25 22:28:48,580 INFO     ___FILE_ONLY___ 
    "is_hidden": false,
2023-12-25 22:28:48,580 INFO     ___FILE_ONLY___ 
    "latest_version_string": "2.3.1",
2023-12-25 22:28:48,580 INFO     ___FILE_ONLY___ 
    "name": "Cloud Datastore Emulator",
2023-12-25 22:28:48,580 INFO     ___FILE_ONLY___ 
    "platform": {
2023-12-25 22:28:48,580 INFO     ___FILE_ONLY___ 
      "architecture": {
2023-12-25 22:28:48,580 INFO     ___FILE_ONLY___ 
        "file_name": "arm",
2023-12-25 22:28:48,580 INFO     ___FILE_ONLY___ 
        "id": "arm",
2023-12-25 22:28:48,580 INFO     ___FILE_ONLY___ 
        "name": "arm"
2023-12-25 22:28:48,580 INFO     ___FILE_ONLY___ 
      },
2023-12-25 22:28:48,580 INFO     ___FILE_ONLY___ 
      "operating_system": {
2023-12-25 22:28:48,580 INFO     ___FILE_ONLY___ 
        "clean_version": "21.1.0",
2023-12-25 22:28:48,580 INFO     ___FILE_ONLY___ 
        "file_name": "darwin",
2023-12-25 22:28:48,580 INFO     ___FILE_ONLY___ 
        "id": "MACOSX",
2023-12-25 22:28:48,581 INFO     ___FILE_ONLY___ 
        "name": "Mac OS X",
2023-12-25 22:28:48,581 INFO     ___FILE_ONLY___ 
        "version": "21.1.0"
2023-12-25 22:28:48,581 INFO     ___FILE_ONLY___ 
      }
2023-12-25 22:28:48,581 INFO     ___FILE_ONLY___ 
    },
2023-12-25 22:28:48,581 INFO     ___FILE_ONLY___ 
    "platform_required": false,
2023-12-25 22:28:48,581 INFO     ___FILE_ONLY___ 
    "size": 37925014,
2023-12-25 22:28:48,581 INFO     ___FILE_ONLY___ 
    "state": {
2023-12-25 22:28:48,581 INFO     ___FILE_ONLY___ 
      "name": "Not Installed"
2023-12-25 22:28:48,581 INFO     ___FILE_ONLY___ 
    }
2023-12-25 22:28:48,581 INFO     ___FILE_ONLY___ 
  }
2023-12-25 22:28:48,581 INFO     ___FILE_ONLY___ ,
  {
2023-12-25 22:28:48,581 INFO     ___FILE_ONLY___ 
    "current_version_string": null,
2023-12-25 22:28:48,581 INFO     ___FILE_ONLY___ 
    "id": "cloud-firestore-emulator",
2023-12-25 22:28:48,581 INFO     ___FILE_ONLY___ 
    "is_configuration": false,
2023-12-25 22:28:48,581 INFO     ___FILE_ONLY___ 
    "is_hidden": false,
2023-12-25 22:28:48,581 INFO     ___FILE_ONLY___ 
    "latest_version_string": "1.18.2",
2023-12-25 22:28:48,581 INFO     ___FILE_ONLY___ 
    "name": "Cloud Firestore Emulator",
2023-12-25 22:28:48,581 INFO     ___FILE_ONLY___ 
    "platform": {
2023-12-25 22:28:48,581 INFO     ___FILE_ONLY___ 
      "architecture": {
2023-12-25 22:28:48,581 INFO     ___FILE_ONLY___ 
        "file_name": "arm",
2023-12-25 22:28:48,582 INFO     ___FILE_ONLY___ 
        "id": "arm",
2023-12-25 22:28:48,582 INFO     ___FILE_ONLY___ 
        "name": "arm"
2023-12-25 22:28:48,582 INFO     ___FILE_ONLY___ 
      },
2023-12-25 22:28:48,582 INFO     ___FILE_ONLY___ 
      "operating_system": {
2023-12-25 22:28:48,582 INFO     ___FILE_ONLY___ 
        "clean_version": "21.1.0",
2023-12-25 22:28:48,582 INFO     ___FILE_ONLY___ 
        "file_name": "darwin",
2023-12-25 22:28:48,582 INFO     ___FILE_ONLY___ 
        "id": "MACOSX",
2023-12-25 22:28:48,582 INFO     ___FILE_ONLY___ 
        "name": "Mac OS X",
2023-12-25 22:28:48,582 INFO     ___FILE_ONLY___ 
        "version": "21.1.0"
2023-12-25 22:28:48,582 INFO     ___FILE_ONLY___ 
      }
2023-12-25 22:28:48,582 INFO     ___FILE_ONLY___ 
    },
2023-12-25 22:28:48,582 INFO     ___FILE_ONLY___ 
    "platform_required": false,
2023-12-25 22:28:48,582 INFO     ___FILE_ONLY___ 
    "size": 44883913,
2023-12-25 22:28:48,582 INFO     ___FILE_ONLY___ 
    "state": {
2023-12-25 22:28:48,582 INFO     ___FILE_ONLY___ 
      "name": "Not Installed"
2023-12-25 22:28:48,582 INFO     ___FILE_ONLY___ 
    }
2023-12-25 22:28:48,582 INFO     ___FILE_ONLY___ 
  }
2023-12-25 22:28:48,583 INFO     ___FILE_ONLY___ ,
  {
2023-12-25 22:28:48,583 INFO     ___FILE_ONLY___ 
    "current_version_string": null,
2023-12-25 22:28:48,583 INFO     ___FILE_ONLY___ 
    "id": "pubsub-emulator",
2023-12-25 22:28:48,583 INFO     ___FILE_ONLY___ 
    "is_configuration": false,
2023-12-25 22:28:48,583 INFO     ___FILE_ONLY___ 
    "is_hidden": false,
2023-12-25 22:28:48,583 INFO     ___FILE_ONLY___ 
    "latest_version_string": "0.8.10",
2023-12-25 22:28:48,583 INFO     ___FILE_ONLY___ 
    "name": "Cloud Pub/Sub Emulator",
2023-12-25 22:28:48,583 INFO     ___FILE_ONLY___ 
    "platform": {
2023-12-25 22:28:48,583 INFO     ___FILE_ONLY___ 
      "architecture": {
2023-12-25 22:28:48,583 INFO     ___FILE_ONLY___ 
        "file_name": "arm",
2023-12-25 22:28:48,583 INFO     ___FILE_ONLY___ 
        "id": "arm",
2023-12-25 22:28:48,583 INFO     ___FILE_ONLY___ 
        "name": "arm"
2023-12-25 22:28:48,583 INFO     ___FILE_ONLY___ 
      },
2023-12-25 22:28:48,583 INFO     ___FILE_ONLY___ 
      "operating_system": {
2023-12-25 22:28:48,583 INFO     ___FILE_ONLY___ 
        "clean_version": "21.1.0",
2023-12-25 22:28:48,583 INFO     ___FILE_ONLY___ 
        "file_name": "darwin",
2023-12-25 22:28:48,583 INFO     ___FILE_ONLY___ 
        "id": "MACOSX",
2023-12-25 22:28:48,583 INFO     ___FILE_ONLY___ 
        "name": "Mac OS X",
2023-12-25 22:28:48,583 INFO     ___FILE_ONLY___ 
        "version": "21.1.0"
2023-12-25 22:28:48,583 INFO     ___FILE_ONLY___ 
      }
2023-12-25 22:28:48,584 INFO     ___FILE_ONLY___ 
    },
2023-12-25 22:28:48,584 INFO     ___FILE_ONLY___ 
    "platform_required": false,
2023-12-25 22:28:48,584 INFO     ___FILE_ONLY___ 
    "size": 65097027,
2023-12-25 22:28:48,584 INFO     ___FILE_ONLY___ 
    "state": {
2023-12-25 22:28:48,584 INFO     ___FILE_ONLY___ 
      "name": "Not Installed"
2023-12-25 22:28:48,584 INFO     ___FILE_ONLY___ 
    }
2023-12-25 22:28:48,584 INFO     ___FILE_ONLY___ 
  }
2023-12-25 22:28:48,584 INFO     ___FILE_ONLY___ ,
  {
2023-12-25 22:28:48,584 INFO     ___FILE_ONLY___ 
    "current_version_string": null,
2023-12-25 22:28:48,584 INFO     ___FILE_ONLY___ 
    "id": "cloud-run-proxy",
2023-12-25 22:28:48,584 INFO     ___FILE_ONLY___ 
    "is_configuration": false,
2023-12-25 22:28:48,584 INFO     ___FILE_ONLY___ 
    "is_hidden": false,
2023-12-25 22:28:48,584 INFO     ___FILE_ONLY___ 
    "latest_version_string": "0.5.0",
2023-12-25 22:28:48,584 INFO     ___FILE_ONLY___ 
    "name": "Cloud Run Proxy",
2023-12-25 22:28:48,584 INFO     ___FILE_ONLY___ 
    "platform": {
2023-12-25 22:28:48,584 INFO     ___FILE_ONLY___ 
      "architecture": {
2023-12-25 22:28:48,584 INFO     ___FILE_ONLY___ 
        "file_name": "arm",
2023-12-25 22:28:48,584 INFO     ___FILE_ONLY___ 
        "id": "arm",
2023-12-25 22:28:48,584 INFO     ___FILE_ONLY___ 
        "name": "arm"
2023-12-25 22:28:48,584 INFO     ___FILE_ONLY___ 
      },
2023-12-25 22:28:48,584 INFO     ___FILE_ONLY___ 
      "operating_system": {
2023-12-25 22:28:48,584 INFO     ___FILE_ONLY___ 
        "clean_version": "21.1.0",
2023-12-25 22:28:48,585 INFO     ___FILE_ONLY___ 
        "file_name": "darwin",
2023-12-25 22:28:48,585 INFO     ___FILE_ONLY___ 
        "id": "MACOSX",
2023-12-25 22:28:48,585 INFO     ___FILE_ONLY___ 
        "name": "Mac OS X",
2023-12-25 22:28:48,585 INFO     ___FILE_ONLY___ 
        "version": "21.1.0"
2023-12-25 22:28:48,585 INFO     ___FILE_ONLY___ 
      }
2023-12-25 22:28:48,585 INFO     ___FILE_ONLY___ 
    },
2023-12-25 22:28:48,585 INFO     ___FILE_ONLY___ 
    "platform_required": false,
2023-12-25 22:28:48,585 INFO     ___FILE_ONLY___ 
    "size": 11892176,
2023-12-25 22:28:48,585 INFO     ___FILE_ONLY___ 
    "state": {
2023-12-25 22:28:48,585 INFO     ___FILE_ONLY___ 
      "name": "Not Installed"
2023-12-25 22:28:48,585 INFO     ___FILE_ONLY___ 
    }
2023-12-25 22:28:48,585 INFO     ___FILE_ONLY___ 
  }
2023-12-25 22:28:48,585 INFO     ___FILE_ONLY___ ,
  {
2023-12-25 22:28:48,585 INFO     ___FILE_ONLY___ 
    "current_version_string": null,
2023-12-25 22:28:48,585 INFO     ___FILE_ONLY___ 
    "id": "cloud_sql_proxy",
2023-12-25 22:28:48,585 INFO     ___FILE_ONLY___ 
    "is_configuration": false,
2023-12-25 22:28:48,585 INFO     ___FILE_ONLY___ 
    "is_hidden": false,
2023-12-25 22:28:48,585 INFO     ___FILE_ONLY___ 
    "latest_version_string": "1.27.0",
2023-12-25 22:28:48,585 INFO     ___FILE_ONLY___ 
    "name": "Cloud SQL Proxy",
2023-12-25 22:28:48,585 INFO     ___FILE_ONLY___ 
    "platform": {
2023-12-25 22:28:48,585 INFO     ___FILE_ONLY___ 
      "architecture": {
2023-12-25 22:28:48,585 INFO     ___FILE_ONLY___ 
        "file_name": "arm",
2023-12-25 22:28:48,586 INFO     ___FILE_ONLY___ 
        "id": "arm",
2023-12-25 22:28:48,586 INFO     ___FILE_ONLY___ 
        "name": "arm"
2023-12-25 22:28:48,586 INFO     ___FILE_ONLY___ 
      },
2023-12-25 22:28:48,586 INFO     ___FILE_ONLY___ 
      "operating_system": {
2023-12-25 22:28:48,586 INFO     ___FILE_ONLY___ 
        "clean_version": "21.1.0",
2023-12-25 22:28:48,586 INFO     ___FILE_ONLY___ 
        "file_name": "darwin",
2023-12-25 22:28:48,586 INFO     ___FILE_ONLY___ 
        "id": "MACOSX",
2023-12-25 22:28:48,586 INFO     ___FILE_ONLY___ 
        "name": "Mac OS X",
2023-12-25 22:28:48,586 INFO     ___FILE_ONLY___ 
        "version": "21.1.0"
2023-12-25 22:28:48,586 INFO     ___FILE_ONLY___ 
      }
2023-12-25 22:28:48,586 INFO     ___FILE_ONLY___ 
    },
2023-12-25 22:28:48,586 INFO     ___FILE_ONLY___ 
    "platform_required": false,
2023-12-25 22:28:48,586 INFO     ___FILE_ONLY___ 
    "size": 7700917,
2023-12-25 22:28:48,586 INFO     ___FILE_ONLY___ 
    "state": {
2023-12-25 22:28:48,586 INFO     ___FILE_ONLY___ 
      "name": "Not Installed"
2023-12-25 22:28:48,586 INFO     ___FILE_ONLY___ 
    }
2023-12-25 22:28:48,586 INFO     ___FILE_ONLY___ 
  }
2023-12-25 22:28:48,586 INFO     ___FILE_ONLY___ ,
  {
2023-12-25 22:28:48,586 INFO     ___FILE_ONLY___ 
    "current_version_string": null,
2023-12-25 22:28:48,586 INFO     ___FILE_ONLY___ 
    "id": "gsutil",
2023-12-25 22:28:48,586 INFO     ___FILE_ONLY___ 
    "is_configuration": false,
2023-12-25 22:28:48,586 INFO     ___FILE_ONLY___ 
    "is_hidden": false,
2023-12-25 22:28:48,586 INFO     ___FILE_ONLY___ 
    "latest_version_string": "5.27",
2023-12-25 22:28:48,586 INFO     ___FILE_ONLY___ 
    "name": "Cloud Storage Command Line Tool",
2023-12-25 22:28:48,586 INFO     ___FILE_ONLY___ 
    "platform": {
2023-12-25 22:28:48,586 INFO     ___FILE_ONLY___ 
      "architecture": {
2023-12-25 22:28:48,586 INFO     ___FILE_ONLY___ 
        "file_name": "arm",
2023-12-25 22:28:48,587 INFO     ___FILE_ONLY___ 
        "id": "arm",
2023-12-25 22:28:48,587 INFO     ___FILE_ONLY___ 
        "name": "arm"
2023-12-25 22:28:48,587 INFO     ___FILE_ONLY___ 
      },
2023-12-25 22:28:48,587 INFO     ___FILE_ONLY___ 
      "operating_system": {
2023-12-25 22:28:48,587 INFO     ___FILE_ONLY___ 
        "clean_version": "21.1.0",
2023-12-25 22:28:48,587 INFO     ___FILE_ONLY___ 
        "file_name": "darwin",
2023-12-25 22:28:48,587 INFO     ___FILE_ONLY___ 
        "id": "MACOSX",
2023-12-25 22:28:48,587 INFO     ___FILE_ONLY___ 
        "name": "Mac OS X",
2023-12-25 22:28:48,587 INFO     ___FILE_ONLY___ 
        "version": "21.1.0"
2023-12-25 22:28:48,587 INFO     ___FILE_ONLY___ 
      }
2023-12-25 22:28:48,587 INFO     ___FILE_ONLY___ 
    },
2023-12-25 22:28:48,587 INFO     ___FILE_ONLY___ 
    "platform_required": false,
2023-12-25 22:28:48,587 INFO     ___FILE_ONLY___ 
    "size": 11833901,
2023-12-25 22:28:48,587 INFO     ___FILE_ONLY___ 
    "state": {
2023-12-25 22:28:48,587 INFO     ___FILE_ONLY___ 
      "name": "Not Installed"
2023-12-25 22:28:48,587 INFO     ___FILE_ONLY___ 
    }
2023-12-25 22:28:48,587 INFO     ___FILE_ONLY___ 
  }
2023-12-25 22:28:48,587 INFO     ___FILE_ONLY___ ,
  {
2023-12-25 22:28:48,587 INFO     ___FILE_ONLY___ 
    "current_version_string": null,
2023-12-25 22:28:48,587 INFO     ___FILE_ONLY___ 
    "id": "gcloud-crc32c",
2023-12-25 22:28:48,587 INFO     ___FILE_ONLY___ 
    "is_configuration": false,
2023-12-25 22:28:48,587 INFO     ___FILE_ONLY___ 
    "is_hidden": false,
2023-12-25 22:28:48,587 INFO     ___FILE_ONLY___ 
    "latest_version_string": "1.0.0",
2023-12-25 22:28:48,587 INFO     ___FILE_ONLY___ 
    "name": "Google Cloud CRC32C Hash Tool",
2023-12-25 22:28:48,587 INFO     ___FILE_ONLY___ 
    "platform": {
2023-12-25 22:28:48,587 INFO     ___FILE_ONLY___ 
      "architecture": {
2023-12-25 22:28:48,588 INFO     ___FILE_ONLY___ 
        "file_name": "arm",
2023-12-25 22:28:48,588 INFO     ___FILE_ONLY___ 
        "id": "arm",
2023-12-25 22:28:48,588 INFO     ___FILE_ONLY___ 
        "name": "arm"
2023-12-25 22:28:48,588 INFO     ___FILE_ONLY___ 
      },
2023-12-25 22:28:48,588 INFO     ___FILE_ONLY___ 
      "operating_system": {
2023-12-25 22:28:48,588 INFO     ___FILE_ONLY___ 
        "clean_version": "21.1.0",
2023-12-25 22:28:48,588 INFO     ___FILE_ONLY___ 
        "file_name": "darwin",
2023-12-25 22:28:48,588 INFO     ___FILE_ONLY___ 
        "id": "MACOSX",
2023-12-25 22:28:48,588 INFO     ___FILE_ONLY___ 
        "name": "Mac OS X",
2023-12-25 22:28:48,588 INFO     ___FILE_ONLY___ 
        "version": "21.1.0"
2023-12-25 22:28:48,588 INFO     ___FILE_ONLY___ 
      }
2023-12-25 22:28:48,588 INFO     ___FILE_ONLY___ 
    },
2023-12-25 22:28:48,588 INFO     ___FILE_ONLY___ 
    "platform_required": false,
2023-12-25 22:28:48,588 INFO     ___FILE_ONLY___ 
    "size": 1242963,
2023-12-25 22:28:48,588 INFO     ___FILE_ONLY___ 
    "state": {
2023-12-25 22:28:48,588 INFO     ___FILE_ONLY___ 
      "name": "Not Installed"
2023-12-25 22:28:48,588 INFO     ___FILE_ONLY___ 
    }
2023-12-25 22:28:48,588 INFO     ___FILE_ONLY___ 
  }
2023-12-25 22:28:48,589 INFO     ___FILE_ONLY___ ,
  {
2023-12-25 22:28:48,589 INFO     ___FILE_ONLY___ 
    "current_version_string": null,
2023-12-25 22:28:48,589 INFO     ___FILE_ONLY___ 
    "id": "docker-credential-gcr",
2023-12-25 22:28:48,589 INFO     ___FILE_ONLY___ 
    "is_configuration": false,
2023-12-25 22:28:48,589 INFO     ___FILE_ONLY___ 
    "is_hidden": false,
2023-12-25 22:28:48,589 INFO     ___FILE_ONLY___ 
    "latest_version_string": "1.5.0",
2023-12-25 22:28:48,589 INFO     ___FILE_ONLY___ 
    "name": "Google Container Registry's Docker credential helper",
2023-12-25 22:28:48,589 INFO     ___FILE_ONLY___ 
    "platform": {
2023-12-25 22:28:48,589 INFO     ___FILE_ONLY___ 
      "architecture": {
2023-12-25 22:28:48,589 INFO     ___FILE_ONLY___ 
        "file_name": "arm",
2023-12-25 22:28:48,589 INFO     ___FILE_ONLY___ 
        "id": "arm",
2023-12-25 22:28:48,589 INFO     ___FILE_ONLY___ 
        "name": "arm"
2023-12-25 22:28:48,589 INFO     ___FILE_ONLY___ 
      },
2023-12-25 22:28:48,589 INFO     ___FILE_ONLY___ 
      "operating_system": {
2023-12-25 22:28:48,589 INFO     ___FILE_ONLY___ 
        "clean_version": "21.1.0",
2023-12-25 22:28:48,589 INFO     ___FILE_ONLY___ 
        "file_name": "darwin",
2023-12-25 22:28:48,589 INFO     ___FILE_ONLY___ 
        "id": "MACOSX",
2023-12-25 22:28:48,589 INFO     ___FILE_ONLY___ 
        "name": "Mac OS X",
2023-12-25 22:28:48,589 INFO     ___FILE_ONLY___ 
        "version": "21.1.0"
2023-12-25 22:28:48,589 INFO     ___FILE_ONLY___ 
      }
2023-12-25 22:28:48,589 INFO     ___FILE_ONLY___ 
    },
2023-12-25 22:28:48,589 INFO     ___FILE_ONLY___ 
    "platform_required": false,
2023-12-25 22:28:48,589 INFO     ___FILE_ONLY___ 
    "size": 0,
2023-12-25 22:28:48,589 INFO     ___FILE_ONLY___ 
    "state": {
2023-12-25 22:28:48,589 INFO     ___FILE_ONLY___ 
      "name": "Not Installed"
2023-12-25 22:28:48,589 INFO     ___FILE_ONLY___ 
    }
2023-12-25 22:28:48,589 INFO     ___FILE_ONLY___ 
  }
2023-12-25 22:28:48,590 INFO     ___FILE_ONLY___ ,
  {
2023-12-25 22:28:48,590 INFO     ___FILE_ONLY___ 
    "current_version_string": null,
2023-12-25 22:28:48,590 INFO     ___FILE_ONLY___ 
    "id": "kustomize",
2023-12-25 22:28:48,590 INFO     ___FILE_ONLY___ 
    "is_configuration": false,
2023-12-25 22:28:48,590 INFO     ___FILE_ONLY___ 
    "is_hidden": false,
2023-12-25 22:28:48,590 INFO     ___FILE_ONLY___ 
    "latest_version_string": "4.4.0",
2023-12-25 22:28:48,590 INFO     ___FILE_ONLY___ 
    "name": "Kustomize",
2023-12-25 22:28:48,590 INFO     ___FILE_ONLY___ 
    "platform": {
2023-12-25 22:28:48,590 INFO     ___FILE_ONLY___ 
      "architecture": {
2023-12-25 22:28:48,590 INFO     ___FILE_ONLY___ 
        "file_name": "arm",
2023-12-25 22:28:48,590 INFO     ___FILE_ONLY___ 
        "id": "arm",
2023-12-25 22:28:48,590 INFO     ___FILE_ONLY___ 
        "name": "arm"
2023-12-25 22:28:48,590 INFO     ___FILE_ONLY___ 
      },
2023-12-25 22:28:48,590 INFO     ___FILE_ONLY___ 
      "operating_system": {
2023-12-25 22:28:48,590 INFO     ___FILE_ONLY___ 
        "clean_version": "21.1.0",
2023-12-25 22:28:48,590 INFO     ___FILE_ONLY___ 
        "file_name": "darwin",
2023-12-25 22:28:48,590 INFO     ___FILE_ONLY___ 
        "id": "MACOSX",
2023-12-25 22:28:48,590 INFO     ___FILE_ONLY___ 
        "name": "Mac OS X",
2023-12-25 22:28:48,590 INFO     ___FILE_ONLY___ 
        "version": "21.1.0"
2023-12-25 22:28:48,590 INFO     ___FILE_ONLY___ 
      }
2023-12-25 22:28:48,591 INFO     ___FILE_ONLY___ 
    },
2023-12-25 22:28:48,591 INFO     ___FILE_ONLY___ 
    "platform_required": false,
2023-12-25 22:28:48,591 INFO     ___FILE_ONLY___ 
    "size": 7742264,
2023-12-25 22:28:48,591 INFO     ___FILE_ONLY___ 
    "state": {
2023-12-25 22:28:48,591 INFO     ___FILE_ONLY___ 
      "name": "Not Installed"
2023-12-25 22:28:48,591 INFO     ___FILE_ONLY___ 
    }
2023-12-25 22:28:48,591 INFO     ___FILE_ONLY___ 
  }
2023-12-25 22:28:48,591 INFO     ___FILE_ONLY___ ,
  {
2023-12-25 22:28:48,591 INFO     ___FILE_ONLY___ 
    "current_version_string": null,
2023-12-25 22:28:48,591 INFO     ___FILE_ONLY___ 
    "id": "log-streaming",
2023-12-25 22:28:48,591 INFO     ___FILE_ONLY___ 
    "is_configuration": false,
2023-12-25 22:28:48,591 INFO     ___FILE_ONLY___ 
    "is_hidden": false,
2023-12-25 22:28:48,591 INFO     ___FILE_ONLY___ 
    "latest_version_string": "0.3.0",
2023-12-25 22:28:48,591 INFO     ___FILE_ONLY___ 
    "name": "Log Streaming",
2023-12-25 22:28:48,591 INFO     ___FILE_ONLY___ 
    "platform": {
2023-12-25 22:28:48,591 INFO     ___FILE_ONLY___ 
      "architecture": {
2023-12-25 22:28:48,591 INFO     ___FILE_ONLY___ 
        "file_name": "arm",
2023-12-25 22:28:48,591 INFO     ___FILE_ONLY___ 
        "id": "arm",
2023-12-25 22:28:48,591 INFO     ___FILE_ONLY___ 
        "name": "arm"
2023-12-25 22:28:48,591 INFO     ___FILE_ONLY___ 
      },
2023-12-25 22:28:48,591 INFO     ___FILE_ONLY___ 
      "operating_system": {
2023-12-25 22:28:48,591 INFO     ___FILE_ONLY___ 
        "clean_version": "21.1.0",
2023-12-25 22:28:48,591 INFO     ___FILE_ONLY___ 
        "file_name": "darwin",
2023-12-25 22:28:48,591 INFO     ___FILE_ONLY___ 
        "id": "MACOSX",
2023-12-25 22:28:48,591 INFO     ___FILE_ONLY___ 
        "name": "Mac OS X",
2023-12-25 22:28:48,592 INFO     ___FILE_ONLY___ 
        "version": "21.1.0"
2023-12-25 22:28:48,592 INFO     ___FILE_ONLY___ 
      }
2023-12-25 22:28:48,592 INFO     ___FILE_ONLY___ 
    },
2023-12-25 22:28:48,592 INFO     ___FILE_ONLY___ 
    "platform_required": false,
2023-12-25 22:28:48,592 INFO     ___FILE_ONLY___ 
    "size": 12455711,
2023-12-25 22:28:48,592 INFO     ___FILE_ONLY___ 
    "state": {
2023-12-25 22:28:48,592 INFO     ___FILE_ONLY___ 
      "name": "Not Installed"
2023-12-25 22:28:48,592 INFO     ___FILE_ONLY___ 
    }
2023-12-25 22:28:48,592 INFO     ___FILE_ONLY___ 
  }
2023-12-25 22:28:48,592 INFO     ___FILE_ONLY___ ,
  {
2023-12-25 22:28:48,592 INFO     ___FILE_ONLY___ 
    "current_version_string": null,
2023-12-25 22:28:48,592 INFO     ___FILE_ONLY___ 
    "id": "nomos",
2023-12-25 22:28:48,592 INFO     ___FILE_ONLY___ 
    "is_configuration": false,
2023-12-25 22:28:48,592 INFO     ___FILE_ONLY___ 
    "is_hidden": false,
2023-12-25 22:28:48,592 INFO     ___FILE_ONLY___ 
    "latest_version_string": "1.17.0-rc.4",
2023-12-25 22:28:48,592 INFO     ___FILE_ONLY___ 
    "name": "Nomos CLI",
2023-12-25 22:28:48,592 INFO     ___FILE_ONLY___ 
    "platform": {
2023-12-25 22:28:48,592 INFO     ___FILE_ONLY___ 
      "architecture": {
2023-12-25 22:28:48,592 INFO     ___FILE_ONLY___ 
        "file_name": "x86_64",
2023-12-25 22:28:48,592 INFO     ___FILE_ONLY___ 
        "id": "x86_64",
2023-12-25 22:28:48,592 INFO     ___FILE_ONLY___ 
        "name": "x86_64"
2023-12-25 22:28:48,592 INFO     ___FILE_ONLY___ 
      },
2023-12-25 22:28:48,592 INFO     ___FILE_ONLY___ 
      "operating_system": {
2023-12-25 22:28:48,592 INFO     ___FILE_ONLY___ 
        "clean_version": "21.1.0",
2023-12-25 22:28:48,592 INFO     ___FILE_ONLY___ 
        "file_name": "darwin",
2023-12-25 22:28:48,592 INFO     ___FILE_ONLY___ 
        "id": "MACOSX",
2023-12-25 22:28:48,593 INFO     ___FILE_ONLY___ 
        "name": "Mac OS X",
2023-12-25 22:28:48,593 INFO     ___FILE_ONLY___ 
        "version": "21.1.0"
2023-12-25 22:28:48,593 INFO     ___FILE_ONLY___ 
      }
2023-12-25 22:28:48,593 INFO     ___FILE_ONLY___ 
    },
2023-12-25 22:28:48,593 INFO     ___FILE_ONLY___ 
    "platform_required": false,
2023-12-25 22:28:48,593 INFO     ___FILE_ONLY___ 
    "size": 29898006,
2023-12-25 22:28:48,593 INFO     ___FILE_ONLY___ 
    "state": {
2023-12-25 22:28:48,593 INFO     ___FILE_ONLY___ 
      "name": "Not Installed"
2023-12-25 22:28:48,593 INFO     ___FILE_ONLY___ 
    }
2023-12-25 22:28:48,593 INFO     ___FILE_ONLY___ 
  }
2023-12-25 22:28:48,593 INFO     ___FILE_ONLY___ ,
  {
2023-12-25 22:28:48,593 INFO     ___FILE_ONLY___ 
    "current_version_string": null,
2023-12-25 22:28:48,593 INFO     ___FILE_ONLY___ 
    "id": "local-extract",
2023-12-25 22:28:48,593 INFO     ___FILE_ONLY___ 
    "is_configuration": false,
2023-12-25 22:28:48,593 INFO     ___FILE_ONLY___ 
    "is_hidden": false,
2023-12-25 22:28:48,593 INFO     ___FILE_ONLY___ 
    "latest_version_string": "1.5.9",
2023-12-25 22:28:48,593 INFO     ___FILE_ONLY___ 
    "name": "On-Demand Scanning API extraction helper",
2023-12-25 22:28:48,593 INFO     ___FILE_ONLY___ 
    "platform": {
2023-12-25 22:28:48,593 INFO     ___FILE_ONLY___ 
      "architecture": {
2023-12-25 22:28:48,593 INFO     ___FILE_ONLY___ 
        "file_name": "arm",
2023-12-25 22:28:48,593 INFO     ___FILE_ONLY___ 
        "id": "arm",
2023-12-25 22:28:48,593 INFO     ___FILE_ONLY___ 
        "name": "arm"
2023-12-25 22:28:48,593 INFO     ___FILE_ONLY___ 
      },
2023-12-25 22:28:48,593 INFO     ___FILE_ONLY___ 
      "operating_system": {
2023-12-25 22:28:48,593 INFO     ___FILE_ONLY___ 
        "clean_version": "21.1.0",
2023-12-25 22:28:48,593 INFO     ___FILE_ONLY___ 
        "file_name": "darwin",
2023-12-25 22:28:48,594 INFO     ___FILE_ONLY___ 
        "id": "MACOSX",
2023-12-25 22:28:48,594 INFO     ___FILE_ONLY___ 
        "name": "Mac OS X",
2023-12-25 22:28:48,594 INFO     ___FILE_ONLY___ 
        "version": "21.1.0"
2023-12-25 22:28:48,594 INFO     ___FILE_ONLY___ 
      }
2023-12-25 22:28:48,594 INFO     ___FILE_ONLY___ 
    },
2023-12-25 22:28:48,594 INFO     ___FILE_ONLY___ 
    "platform_required": false,
2023-12-25 22:28:48,594 INFO     ___FILE_ONLY___ 
    "size": 14360355,
2023-12-25 22:28:48,594 INFO     ___FILE_ONLY___ 
    "state": {
2023-12-25 22:28:48,594 INFO     ___FILE_ONLY___ 
      "name": "Not Installed"
2023-12-25 22:28:48,594 INFO     ___FILE_ONLY___ 
    }
2023-12-25 22:28:48,594 INFO     ___FILE_ONLY___ 
  }
2023-12-25 22:28:48,594 INFO     ___FILE_ONLY___ ,
  {
2023-12-25 22:28:48,594 INFO     ___FILE_ONLY___ 
    "current_version_string": null,
2023-12-25 22:28:48,594 INFO     ___FILE_ONLY___ 
    "id": "terraform-tools",
2023-12-25 22:28:48,594 INFO     ___FILE_ONLY___ 
    "is_configuration": false,
2023-12-25 22:28:48,594 INFO     ___FILE_ONLY___ 
    "is_hidden": false,
2023-12-25 22:28:48,594 INFO     ___FILE_ONLY___ 
    "latest_version_string": "0.11.1",
2023-12-25 22:28:48,594 INFO     ___FILE_ONLY___ 
    "name": "Terraform Tools",
2023-12-25 22:28:48,594 INFO     ___FILE_ONLY___ 
    "platform": {
2023-12-25 22:28:48,594 INFO     ___FILE_ONLY___ 
      "architecture": {
2023-12-25 22:28:48,594 INFO     ___FILE_ONLY___ 
        "file_name": "arm",
2023-12-25 22:28:48,594 INFO     ___FILE_ONLY___ 
        "id": "arm",
2023-12-25 22:28:48,594 INFO     ___FILE_ONLY___ 
        "name": "arm"
2023-12-25 22:28:48,594 INFO     ___FILE_ONLY___ 
      },
2023-12-25 22:28:48,594 INFO     ___FILE_ONLY___ 
      "operating_system": {
2023-12-25 22:28:48,594 INFO     ___FILE_ONLY___ 
        "clean_version": "21.1.0",
2023-12-25 22:28:48,594 INFO     ___FILE_ONLY___ 
        "file_name": "darwin",
2023-12-25 22:28:48,595 INFO     ___FILE_ONLY___ 
        "id": "MACOSX",
2023-12-25 22:28:48,595 INFO     ___FILE_ONLY___ 
        "name": "Mac OS X",
2023-12-25 22:28:48,595 INFO     ___FILE_ONLY___ 
        "version": "21.1.0"
2023-12-25 22:28:48,595 INFO     ___FILE_ONLY___ 
      }
2023-12-25 22:28:48,595 INFO     ___FILE_ONLY___ 
    },
2023-12-25 22:28:48,595 INFO     ___FILE_ONLY___ 
    "platform_required": false,
2023-12-25 22:28:48,595 INFO     ___FILE_ONLY___ 
    "size": 66685257,
2023-12-25 22:28:48,595 INFO     ___FILE_ONLY___ 
    "state": {
2023-12-25 22:28:48,595 INFO     ___FILE_ONLY___ 
      "name": "Not Installed"
2023-12-25 22:28:48,595 INFO     ___FILE_ONLY___ 
    }
2023-12-25 22:28:48,595 INFO     ___FILE_ONLY___ 
  }
2023-12-25 22:28:48,595 INFO     ___FILE_ONLY___ ,
  {
2023-12-25 22:28:48,595 INFO     ___FILE_ONLY___ 
    "current_version_string": null,
2023-12-25 22:28:48,595 INFO     ___FILE_ONLY___ 
    "id": "anthos-auth",
2023-12-25 22:28:48,595 INFO     ___FILE_ONLY___ 
    "is_configuration": false,
2023-12-25 22:28:48,595 INFO     ___FILE_ONLY___ 
    "is_hidden": false,
2023-12-25 22:28:48,595 INFO     ___FILE_ONLY___ 
    "latest_version_string": "1.5.0",
2023-12-25 22:28:48,595 INFO     ___FILE_ONLY___ 
    "name": "anthos-auth",
2023-12-25 22:28:48,595 INFO     ___FILE_ONLY___ 
    "platform": {
2023-12-25 22:28:48,595 INFO     ___FILE_ONLY___ 
      "architecture": {
2023-12-25 22:28:48,595 INFO     ___FILE_ONLY___ 
        "file_name": "arm",
2023-12-25 22:28:48,595 INFO     ___FILE_ONLY___ 
        "id": "arm",
2023-12-25 22:28:48,595 INFO     ___FILE_ONLY___ 
        "name": "arm"
2023-12-25 22:28:48,595 INFO     ___FILE_ONLY___ 
      },
2023-12-25 22:28:48,595 INFO     ___FILE_ONLY___ 
      "operating_system": {
2023-12-25 22:28:48,595 INFO     ___FILE_ONLY___ 
        "clean_version": "21.1.0",
2023-12-25 22:28:48,595 INFO     ___FILE_ONLY___ 
        "file_name": "darwin",
2023-12-25 22:28:48,596 INFO     ___FILE_ONLY___ 
        "id": "MACOSX",
2023-12-25 22:28:48,596 INFO     ___FILE_ONLY___ 
        "name": "Mac OS X",
2023-12-25 22:28:48,596 INFO     ___FILE_ONLY___ 
        "version": "21.1.0"
2023-12-25 22:28:48,596 INFO     ___FILE_ONLY___ 
      }
2023-12-25 22:28:48,596 INFO     ___FILE_ONLY___ 
    },
2023-12-25 22:28:48,596 INFO     ___FILE_ONLY___ 
    "platform_required": false,
2023-12-25 22:28:48,596 INFO     ___FILE_ONLY___ 
    "size": 21674635,
2023-12-25 22:28:48,596 INFO     ___FILE_ONLY___ 
    "state": {
2023-12-25 22:28:48,596 INFO     ___FILE_ONLY___ 
      "name": "Not Installed"
2023-12-25 22:28:48,596 INFO     ___FILE_ONLY___ 
    }
2023-12-25 22:28:48,596 INFO     ___FILE_ONLY___ 
  }
2023-12-25 22:28:48,596 INFO     ___FILE_ONLY___ ,
  {
2023-12-25 22:28:48,596 INFO     ___FILE_ONLY___ 
    "current_version_string": null,
2023-12-25 22:28:48,596 INFO     ___FILE_ONLY___ 
    "id": "config-connector",
2023-12-25 22:28:48,596 INFO     ___FILE_ONLY___ 
    "is_configuration": false,
2023-12-25 22:28:48,596 INFO     ___FILE_ONLY___ 
    "is_hidden": false,
2023-12-25 22:28:48,596 INFO     ___FILE_ONLY___ 
    "latest_version_string": "1.93.0",
2023-12-25 22:28:48,596 INFO     ___FILE_ONLY___ 
    "name": "config-connector",
2023-12-25 22:28:48,596 INFO     ___FILE_ONLY___ 
    "platform": {
2023-12-25 22:28:48,596 INFO     ___FILE_ONLY___ 
      "architecture": {
2023-12-25 22:28:48,596 INFO     ___FILE_ONLY___ 
        "file_name": "arm",
2023-12-25 22:28:48,596 INFO     ___FILE_ONLY___ 
        "id": "arm",
2023-12-25 22:28:48,596 INFO     ___FILE_ONLY___ 
        "name": "arm"
2023-12-25 22:28:48,596 INFO     ___FILE_ONLY___ 
      },
2023-12-25 22:28:48,596 INFO     ___FILE_ONLY___ 
      "operating_system": {
2023-12-25 22:28:48,596 INFO     ___FILE_ONLY___ 
        "clean_version": "21.1.0",
2023-12-25 22:28:48,597 INFO     ___FILE_ONLY___ 
        "file_name": "darwin",
2023-12-25 22:28:48,597 INFO     ___FILE_ONLY___ 
        "id": "MACOSX",
2023-12-25 22:28:48,597 INFO     ___FILE_ONLY___ 
        "name": "Mac OS X",
2023-12-25 22:28:48,597 INFO     ___FILE_ONLY___ 
        "version": "21.1.0"
2023-12-25 22:28:48,597 INFO     ___FILE_ONLY___ 
      }
2023-12-25 22:28:48,597 INFO     ___FILE_ONLY___ 
    },
2023-12-25 22:28:48,597 INFO     ___FILE_ONLY___ 
    "platform_required": false,
2023-12-25 22:28:48,597 INFO     ___FILE_ONLY___ 
    "size": 58308273,
2023-12-25 22:28:48,597 INFO     ___FILE_ONLY___ 
    "state": {
2023-12-25 22:28:48,597 INFO     ___FILE_ONLY___ 
      "name": "Not Installed"
2023-12-25 22:28:48,597 INFO     ___FILE_ONLY___ 
    }
2023-12-25 22:28:48,597 INFO     ___FILE_ONLY___ 
  }
2023-12-25 22:28:48,597 INFO     ___FILE_ONLY___ ,
  {
2023-12-25 22:28:48,597 INFO     ___FILE_ONLY___ 
    "current_version_string": null,
2023-12-25 22:28:48,597 INFO     ___FILE_ONLY___ 
    "id": "enterprise-certificate-proxy",
2023-12-25 22:28:48,597 INFO     ___FILE_ONLY___ 
    "is_configuration": false,
2023-12-25 22:28:48,597 INFO     ___FILE_ONLY___ 
    "is_hidden": false,
2023-12-25 22:28:48,597 INFO     ___FILE_ONLY___ 
    "latest_version_string": "0.3.2",
2023-12-25 22:28:48,597 INFO     ___FILE_ONLY___ 
    "name": "enterprise-certificate-proxy",
2023-12-25 22:28:48,597 INFO     ___FILE_ONLY___ 
    "platform": {
2023-12-25 22:28:48,597 INFO     ___FILE_ONLY___ 
      "architecture": {
2023-12-25 22:28:48,597 INFO     ___FILE_ONLY___ 
        "file_name": "arm",
2023-12-25 22:28:48,597 INFO     ___FILE_ONLY___ 
        "id": "arm",
2023-12-25 22:28:48,597 INFO     ___FILE_ONLY___ 
        "name": "arm"
2023-12-25 22:28:48,597 INFO     ___FILE_ONLY___ 
      },
2023-12-25 22:28:48,597 INFO     ___FILE_ONLY___ 
      "operating_system": {
2023-12-25 22:28:48,597 INFO     ___FILE_ONLY___ 
        "clean_version": "21.1.0",
2023-12-25 22:28:48,598 INFO     ___FILE_ONLY___ 
        "file_name": "darwin",
2023-12-25 22:28:48,598 INFO     ___FILE_ONLY___ 
        "id": "MACOSX",
2023-12-25 22:28:48,598 INFO     ___FILE_ONLY___ 
        "name": "Mac OS X",
2023-12-25 22:28:48,598 INFO     ___FILE_ONLY___ 
        "version": "21.1.0"
2023-12-25 22:28:48,598 INFO     ___FILE_ONLY___ 
      }
2023-12-25 22:28:48,598 INFO     ___FILE_ONLY___ 
    },
2023-12-25 22:28:48,598 INFO     ___FILE_ONLY___ 
    "platform_required": false,
2023-12-25 22:28:48,598 INFO     ___FILE_ONLY___ 
    "size": 8680702,
2023-12-25 22:28:48,598 INFO     ___FILE_ONLY___ 
    "state": {
2023-12-25 22:28:48,598 INFO     ___FILE_ONLY___ 
      "name": "Not Installed"
2023-12-25 22:28:48,598 INFO     ___FILE_ONLY___ 
    }
2023-12-25 22:28:48,598 INFO     ___FILE_ONLY___ 
  }
2023-12-25 22:28:48,598 INFO     ___FILE_ONLY___ ,
  {
2023-12-25 22:28:48,598 INFO     ___FILE_ONLY___ 
    "current_version_string": null,
2023-12-25 22:28:48,598 INFO     ___FILE_ONLY___ 
    "id": "app-engine-java",
2023-12-25 22:28:48,598 INFO     ___FILE_ONLY___ 
    "is_configuration": false,
2023-12-25 22:28:48,598 INFO     ___FILE_ONLY___ 
    "is_hidden": false,
2023-12-25 22:28:48,598 INFO     ___FILE_ONLY___ 
    "latest_version_string": "2.0.23",
2023-12-25 22:28:48,598 INFO     ___FILE_ONLY___ 
    "name": "gcloud app Java Extensions",
2023-12-25 22:28:48,598 INFO     ___FILE_ONLY___ 
    "platform": {
2023-12-25 22:28:48,598 INFO     ___FILE_ONLY___ 
      "architecture": {
2023-12-25 22:28:48,598 INFO     ___FILE_ONLY___ 
        "file_name": "arm",
2023-12-25 22:28:48,598 INFO     ___FILE_ONLY___ 
        "id": "arm",
2023-12-25 22:28:48,598 INFO     ___FILE_ONLY___ 
        "name": "arm"
2023-12-25 22:28:48,598 INFO     ___FILE_ONLY___ 
      },
2023-12-25 22:28:48,598 INFO     ___FILE_ONLY___ 
      "operating_system": {
2023-12-25 22:28:48,598 INFO     ___FILE_ONLY___ 
        "clean_version": "21.1.0",
2023-12-25 22:28:48,599 INFO     ___FILE_ONLY___ 
        "file_name": "darwin",
2023-12-25 22:28:48,599 INFO     ___FILE_ONLY___ 
        "id": "MACOSX",
2023-12-25 22:28:48,599 INFO     ___FILE_ONLY___ 
        "name": "Mac OS X",
2023-12-25 22:28:48,599 INFO     ___FILE_ONLY___ 
        "version": "21.1.0"
2023-12-25 22:28:48,599 INFO     ___FILE_ONLY___ 
      }
2023-12-25 22:28:48,599 INFO     ___FILE_ONLY___ 
    },
2023-12-25 22:28:48,599 INFO     ___FILE_ONLY___ 
    "platform_required": false,
2023-12-25 22:28:48,599 INFO     ___FILE_ONLY___ 
    "size": 132033562,
2023-12-25 22:28:48,599 INFO     ___FILE_ONLY___ 
    "state": {
2023-12-25 22:28:48,599 INFO     ___FILE_ONLY___ 
      "name": "Not Installed"
2023-12-25 22:28:48,599 INFO     ___FILE_ONLY___ 
    }
2023-12-25 22:28:48,599 INFO     ___FILE_ONLY___ 
  }
2023-12-25 22:28:48,599 INFO     ___FILE_ONLY___ ,
  {
2023-12-25 22:28:48,599 INFO     ___FILE_ONLY___ 
    "current_version_string": null,
2023-12-25 22:28:48,599 INFO     ___FILE_ONLY___ 
    "id": "app-engine-php",
2023-12-25 22:28:48,599 INFO     ___FILE_ONLY___ 
    "is_configuration": false,
2023-12-25 22:28:48,599 INFO     ___FILE_ONLY___ 
    "is_hidden": false,
2023-12-25 22:28:48,599 INFO     ___FILE_ONLY___ 
    "latest_version_string": "",
2023-12-25 22:28:48,599 INFO     ___FILE_ONLY___ 
    "name": "gcloud app PHP Extensions",
2023-12-25 22:28:48,599 INFO     ___FILE_ONLY___ 
    "platform": {
2023-12-25 22:28:48,599 INFO     ___FILE_ONLY___ 
      "architecture": {
2023-12-25 22:28:48,599 INFO     ___FILE_ONLY___ 
        "file_name": "arm",
2023-12-25 22:28:48,599 INFO     ___FILE_ONLY___ 
        "id": "arm",
2023-12-25 22:28:48,599 INFO     ___FILE_ONLY___ 
        "name": "arm"
2023-12-25 22:28:48,599 INFO     ___FILE_ONLY___ 
      },
2023-12-25 22:28:48,599 INFO     ___FILE_ONLY___ 
      "operating_system": {
2023-12-25 22:28:48,599 INFO     ___FILE_ONLY___ 
        "clean_version": "21.1.0",
2023-12-25 22:28:48,600 INFO     ___FILE_ONLY___ 
        "file_name": "darwin",
2023-12-25 22:28:48,600 INFO     ___FILE_ONLY___ 
        "id": "MACOSX",
2023-12-25 22:28:48,600 INFO     ___FILE_ONLY___ 
        "name": "Mac OS X",
2023-12-25 22:28:48,600 INFO     ___FILE_ONLY___ 
        "version": "21.1.0"
2023-12-25 22:28:48,600 INFO     ___FILE_ONLY___ 
      }
2023-12-25 22:28:48,600 INFO     ___FILE_ONLY___ 
    },
2023-12-25 22:28:48,600 INFO     ___FILE_ONLY___ 
    "platform_required": false,
2023-12-25 22:28:48,600 INFO     ___FILE_ONLY___ 
    "size": 22985548,
2023-12-25 22:28:48,600 INFO     ___FILE_ONLY___ 
    "state": {
2023-12-25 22:28:48,600 INFO     ___FILE_ONLY___ 
      "name": "Not Installed"
2023-12-25 22:28:48,600 INFO     ___FILE_ONLY___ 
    }
2023-12-25 22:28:48,600 INFO     ___FILE_ONLY___ 
  }
2023-12-25 22:28:48,601 INFO     ___FILE_ONLY___ ,
  {
2023-12-25 22:28:48,601 INFO     ___FILE_ONLY___ 
    "current_version_string": null,
2023-12-25 22:28:48,601 INFO     ___FILE_ONLY___ 
    "id": "app-engine-python",
2023-12-25 22:28:48,601 INFO     ___FILE_ONLY___ 
    "is_configuration": false,
2023-12-25 22:28:48,601 INFO     ___FILE_ONLY___ 
    "is_hidden": false,
2023-12-25 22:28:48,601 INFO     ___FILE_ONLY___ 
    "latest_version_string": "1.9.108",
2023-12-25 22:28:48,601 INFO     ___FILE_ONLY___ 
    "name": "gcloud app Python Extensions",
2023-12-25 22:28:48,601 INFO     ___FILE_ONLY___ 
    "platform": {
2023-12-25 22:28:48,601 INFO     ___FILE_ONLY___ 
      "architecture": {
2023-12-25 22:28:48,601 INFO     ___FILE_ONLY___ 
        "file_name": "arm",
2023-12-25 22:28:48,601 INFO     ___FILE_ONLY___ 
        "id": "arm",
2023-12-25 22:28:48,601 INFO     ___FILE_ONLY___ 
        "name": "arm"
2023-12-25 22:28:48,601 INFO     ___FILE_ONLY___ 
      },
2023-12-25 22:28:48,601 INFO     ___FILE_ONLY___ 
      "operating_system": {
2023-12-25 22:28:48,601 INFO     ___FILE_ONLY___ 
        "clean_version": "21.1.0",
2023-12-25 22:28:48,601 INFO     ___FILE_ONLY___ 
        "file_name": "darwin",
2023-12-25 22:28:48,601 INFO     ___FILE_ONLY___ 
        "id": "MACOSX",
2023-12-25 22:28:48,601 INFO     ___FILE_ONLY___ 
        "name": "Mac OS X",
2023-12-25 22:28:48,602 INFO     ___FILE_ONLY___ 
        "version": "21.1.0"
2023-12-25 22:28:48,602 INFO     ___FILE_ONLY___ 
      }
2023-12-25 22:28:48,602 INFO     ___FILE_ONLY___ 
    },
2023-12-25 22:28:48,602 INFO     ___FILE_ONLY___ 
    "platform_required": false,
2023-12-25 22:28:48,602 INFO     ___FILE_ONLY___ 
    "size": 8767572,
2023-12-25 22:28:48,602 INFO     ___FILE_ONLY___ 
    "state": {
2023-12-25 22:28:48,602 INFO     ___FILE_ONLY___ 
      "name": "Not Installed"
2023-12-25 22:28:48,602 INFO     ___FILE_ONLY___ 
    }
2023-12-25 22:28:48,602 INFO     ___FILE_ONLY___ 
  }
2023-12-25 22:28:48,602 INFO     ___FILE_ONLY___ ,
  {
2023-12-25 22:28:48,602 INFO     ___FILE_ONLY___ 
    "current_version_string": null,
2023-12-25 22:28:48,602 INFO     ___FILE_ONLY___ 
    "id": "app-engine-python-extras",
2023-12-25 22:28:48,602 INFO     ___FILE_ONLY___ 
    "is_configuration": false,
2023-12-25 22:28:48,602 INFO     ___FILE_ONLY___ 
    "is_hidden": false,
2023-12-25 22:28:48,602 INFO     ___FILE_ONLY___ 
    "latest_version_string": "1.9.102",
2023-12-25 22:28:48,602 INFO     ___FILE_ONLY___ 
    "name": "gcloud app Python Extensions (Extra Libraries)",
2023-12-25 22:28:48,602 INFO     ___FILE_ONLY___ 
    "platform": {
2023-12-25 22:28:48,602 INFO     ___FILE_ONLY___ 
      "architecture": {
2023-12-25 22:28:48,602 INFO     ___FILE_ONLY___ 
        "file_name": "arm",
2023-12-25 22:28:48,602 INFO     ___FILE_ONLY___ 
        "id": "arm",
2023-12-25 22:28:48,602 INFO     ___FILE_ONLY___ 
        "name": "arm"
2023-12-25 22:28:48,602 INFO     ___FILE_ONLY___ 
      },
2023-12-25 22:28:48,602 INFO     ___FILE_ONLY___ 
      "operating_system": {
2023-12-25 22:28:48,602 INFO     ___FILE_ONLY___ 
        "clean_version": "21.1.0",
2023-12-25 22:28:48,602 INFO     ___FILE_ONLY___ 
        "file_name": "darwin",
2023-12-25 22:28:48,603 INFO     ___FILE_ONLY___ 
        "id": "MACOSX",
2023-12-25 22:28:48,603 INFO     ___FILE_ONLY___ 
        "name": "Mac OS X",
2023-12-25 22:28:48,603 INFO     ___FILE_ONLY___ 
        "version": "21.1.0"
2023-12-25 22:28:48,603 INFO     ___FILE_ONLY___ 
      }
2023-12-25 22:28:48,603 INFO     ___FILE_ONLY___ 
    },
2023-12-25 22:28:48,603 INFO     ___FILE_ONLY___ 
    "platform_required": false,
2023-12-25 22:28:48,603 INFO     ___FILE_ONLY___ 
    "size": 33004574,
2023-12-25 22:28:48,603 INFO     ___FILE_ONLY___ 
    "state": {
2023-12-25 22:28:48,603 INFO     ___FILE_ONLY___ 
      "name": "Not Installed"
2023-12-25 22:28:48,603 INFO     ___FILE_ONLY___ 
    }
2023-12-25 22:28:48,603 INFO     ___FILE_ONLY___ 
  }
2023-12-25 22:28:48,603 INFO     ___FILE_ONLY___ ,
  {
2023-12-25 22:28:48,603 INFO     ___FILE_ONLY___ 
    "current_version_string": null,
2023-12-25 22:28:48,603 INFO     ___FILE_ONLY___ 
    "id": "kpt",
2023-12-25 22:28:48,603 INFO     ___FILE_ONLY___ 
    "is_configuration": false,
2023-12-25 22:28:48,603 INFO     ___FILE_ONLY___ 
    "is_hidden": false,
2023-12-25 22:28:48,603 INFO     ___FILE_ONLY___ 
    "latest_version_string": "1.0.0-beta.49",
2023-12-25 22:28:48,603 INFO     ___FILE_ONLY___ 
    "name": "kpt",
2023-12-25 22:28:48,603 INFO     ___FILE_ONLY___ 
    "platform": {
2023-12-25 22:28:48,603 INFO     ___FILE_ONLY___ 
      "architecture": {
2023-12-25 22:28:48,603 INFO     ___FILE_ONLY___ 
        "file_name": "arm",
2023-12-25 22:28:48,603 INFO     ___FILE_ONLY___ 
        "id": "arm",
2023-12-25 22:28:48,603 INFO     ___FILE_ONLY___ 
        "name": "arm"
2023-12-25 22:28:48,604 INFO     ___FILE_ONLY___ 
      },
2023-12-25 22:28:48,604 INFO     ___FILE_ONLY___ 
      "operating_system": {
2023-12-25 22:28:48,604 INFO     ___FILE_ONLY___ 
        "clean_version": "21.1.0",
2023-12-25 22:28:48,604 INFO     ___FILE_ONLY___ 
        "file_name": "darwin",
2023-12-25 22:28:48,604 INFO     ___FILE_ONLY___ 
        "id": "MACOSX",
2023-12-25 22:28:48,604 INFO     ___FILE_ONLY___ 
        "name": "Mac OS X",
2023-12-25 22:28:48,604 INFO     ___FILE_ONLY___ 
        "version": "21.1.0"
2023-12-25 22:28:48,604 INFO     ___FILE_ONLY___ 
      }
2023-12-25 22:28:48,604 INFO     ___FILE_ONLY___ 
    },
2023-12-25 22:28:48,604 INFO     ___FILE_ONLY___ 
    "platform_required": false,
2023-12-25 22:28:48,604 INFO     ___FILE_ONLY___ 
    "size": 15088020,
2023-12-25 22:28:48,604 INFO     ___FILE_ONLY___ 
    "state": {
2023-12-25 22:28:48,604 INFO     ___FILE_ONLY___ 
      "name": "Not Installed"
2023-12-25 22:28:48,604 INFO     ___FILE_ONLY___ 
    }
2023-12-25 22:28:48,604 INFO     ___FILE_ONLY___ 
  }
2023-12-25 22:28:48,604 INFO     ___FILE_ONLY___ ,
  {
2023-12-25 22:28:48,604 INFO     ___FILE_ONLY___ 
    "current_version_string": null,
2023-12-25 22:28:48,604 INFO     ___FILE_ONLY___ 
    "id": "kubectl-oidc",
2023-12-25 22:28:48,604 INFO     ___FILE_ONLY___ 
    "is_configuration": false,
2023-12-25 22:28:48,604 INFO     ___FILE_ONLY___ 
    "is_hidden": false,
2023-12-25 22:28:48,605 INFO     ___FILE_ONLY___ 
    "latest_version_string": "1.5.0",
2023-12-25 22:28:48,605 INFO     ___FILE_ONLY___ 
    "name": "kubectl-oidc",
2023-12-25 22:28:48,605 INFO     ___FILE_ONLY___ 
    "platform": {
2023-12-25 22:28:48,605 INFO     ___FILE_ONLY___ 
      "architecture": {
2023-12-25 22:28:48,605 INFO     ___FILE_ONLY___ 
        "file_name": "arm",
2023-12-25 22:28:48,605 INFO     ___FILE_ONLY___ 
        "id": "arm",
2023-12-25 22:28:48,605 INFO     ___FILE_ONLY___ 
        "name": "arm"
2023-12-25 22:28:48,605 INFO     ___FILE_ONLY___ 
      },
2023-12-25 22:28:48,605 INFO     ___FILE_ONLY___ 
      "operating_system": {
2023-12-25 22:28:48,605 INFO     ___FILE_ONLY___ 
        "clean_version": "21.1.0",
2023-12-25 22:28:48,605 INFO     ___FILE_ONLY___ 
        "file_name": "darwin",
2023-12-25 22:28:48,605 INFO     ___FILE_ONLY___ 
        "id": "MACOSX",
2023-12-25 22:28:48,605 INFO     ___FILE_ONLY___ 
        "name": "Mac OS X",
2023-12-25 22:28:48,605 INFO     ___FILE_ONLY___ 
        "version": "21.1.0"
2023-12-25 22:28:48,605 INFO     ___FILE_ONLY___ 
      }
2023-12-25 22:28:48,605 INFO     ___FILE_ONLY___ 
    },
2023-12-25 22:28:48,605 INFO     ___FILE_ONLY___ 
    "platform_required": false,
2023-12-25 22:28:48,605 INFO     ___FILE_ONLY___ 
    "size": 21674622,
2023-12-25 22:28:48,605 INFO     ___FILE_ONLY___ 
    "state": {
2023-12-25 22:28:48,605 INFO     ___FILE_ONLY___ 
      "name": "Not Installed"
2023-12-25 22:28:48,605 INFO     ___FILE_ONLY___ 
    }
2023-12-25 22:28:48,605 INFO     ___FILE_ONLY___ 
  }
2023-12-25 22:28:48,605 INFO     ___FILE_ONLY___ ,
  {
2023-12-25 22:28:48,605 INFO     ___FILE_ONLY___ 
    "current_version_string": null,
2023-12-25 22:28:48,605 INFO     ___FILE_ONLY___ 
    "id": "pkg",
2023-12-25 22:28:48,605 INFO     ___FILE_ONLY___ 
    "is_configuration": false,
2023-12-25 22:28:48,605 INFO     ___FILE_ONLY___ 
    "is_hidden": false,
2023-12-25 22:28:48,606 INFO     ___FILE_ONLY___ 
    "latest_version_string": "",
2023-12-25 22:28:48,606 INFO     ___FILE_ONLY___ 
    "name": "pkg",
2023-12-25 22:28:48,606 INFO     ___FILE_ONLY___ 
    "platform": {
2023-12-25 22:28:48,606 INFO     ___FILE_ONLY___ 
      "architecture": {
2023-12-25 22:28:48,606 INFO     ___FILE_ONLY___ 
        "file_name": "arm",
2023-12-25 22:28:48,606 INFO     ___FILE_ONLY___ 
        "id": "arm",
2023-12-25 22:28:48,606 INFO     ___FILE_ONLY___ 
        "name": "arm"
2023-12-25 22:28:48,606 INFO     ___FILE_ONLY___ 
      },
2023-12-25 22:28:48,606 INFO     ___FILE_ONLY___ 
      "operating_system": {
2023-12-25 22:28:48,606 INFO     ___FILE_ONLY___ 
        "clean_version": "21.1.0",
2023-12-25 22:28:48,606 INFO     ___FILE_ONLY___ 
        "file_name": "darwin",
2023-12-25 22:28:48,606 INFO     ___FILE_ONLY___ 
        "id": "MACOSX",
2023-12-25 22:28:48,606 INFO     ___FILE_ONLY___ 
        "name": "Mac OS X",
2023-12-25 22:28:48,606 INFO     ___FILE_ONLY___ 
        "version": "21.1.0"
2023-12-25 22:28:48,606 INFO     ___FILE_ONLY___ 
      }
2023-12-25 22:28:48,606 INFO     ___FILE_ONLY___ 
    },
2023-12-25 22:28:48,606 INFO     ___FILE_ONLY___ 
    "platform_required": false,
2023-12-25 22:28:48,606 INFO     ___FILE_ONLY___ 
    "size": 0,
2023-12-25 22:28:48,606 INFO     ___FILE_ONLY___ 
    "state": {
2023-12-25 22:28:48,606 INFO     ___FILE_ONLY___ 
      "name": "Not Installed"
2023-12-25 22:28:48,606 INFO     ___FILE_ONLY___ 
    }
2023-12-25 22:28:48,606 INFO     ___FILE_ONLY___ 
  }
2023-12-25 22:28:48,606 INFO     ___FILE_ONLY___ ,
  {
2023-12-25 22:28:48,606 INFO     ___FILE_ONLY___ 
    "current_version_string": "2023.12.20",
2023-12-25 22:28:48,606 INFO     ___FILE_ONLY___ 
    "id": "core",
2023-12-25 22:28:48,606 INFO     ___FILE_ONLY___ 
    "is_configuration": false,
2023-12-25 22:28:48,606 INFO     ___FILE_ONLY___ 
    "is_hidden": false,
2023-12-25 22:28:48,607 INFO     ___FILE_ONLY___ 
    "latest_version_string": "2023.12.20",
2023-12-25 22:28:48,607 INFO     ___FILE_ONLY___ 
    "name": "Google Cloud CLI Core Libraries",
2023-12-25 22:28:48,607 INFO     ___FILE_ONLY___ 
    "platform": {
2023-12-25 22:28:48,607 INFO     ___FILE_ONLY___ 
      "architecture": {
2023-12-25 22:28:48,607 INFO     ___FILE_ONLY___ 
        "file_name": "arm",
2023-12-25 22:28:48,607 INFO     ___FILE_ONLY___ 
        "id": "arm",
2023-12-25 22:28:48,607 INFO     ___FILE_ONLY___ 
        "name": "arm"
2023-12-25 22:28:48,607 INFO     ___FILE_ONLY___ 
      },
2023-12-25 22:28:48,607 INFO     ___FILE_ONLY___ 
      "operating_system": {
2023-12-25 22:28:48,607 INFO     ___FILE_ONLY___ 
        "clean_version": "21.1.0",
2023-12-25 22:28:48,607 INFO     ___FILE_ONLY___ 
        "file_name": "darwin",
2023-12-25 22:28:48,607 INFO     ___FILE_ONLY___ 
        "id": "MACOSX",
2023-12-25 22:28:48,607 INFO     ___FILE_ONLY___ 
        "name": "Mac OS X",
2023-12-25 22:28:48,607 INFO     ___FILE_ONLY___ 
        "version": "21.1.0"
2023-12-25 22:28:48,607 INFO     ___FILE_ONLY___ 
      }
2023-12-25 22:28:48,607 INFO     ___FILE_ONLY___ 
    },
2023-12-25 22:28:48,607 INFO     ___FILE_ONLY___ 
    "platform_required": false,
2023-12-25 22:28:48,607 INFO     ___FILE_ONLY___ 
    "size": 23272071,
2023-12-25 22:28:48,607 INFO     ___FILE_ONLY___ 
    "state": {
2023-12-25 22:28:48,607 INFO     ___FILE_ONLY___ 
      "name": "Installed"
2023-12-25 22:28:48,607 INFO     ___FILE_ONLY___ 
    }
2023-12-25 22:28:48,607 INFO     ___FILE_ONLY___ 
  }
2023-12-25 22:28:48,607 INFO     ___FILE_ONLY___ ,
  {
2023-12-25 22:28:48,607 INFO     ___FILE_ONLY___ 
    "current_version_string": "1.32.0",
2023-12-25 22:28:48,608 INFO     ___FILE_ONLY___ 
    "id": "minikube",
2023-12-25 22:28:48,608 INFO     ___FILE_ONLY___ 
    "is_configuration": false,
2023-12-25 22:28:48,608 INFO     ___FILE_ONLY___ 
    "is_hidden": false,
2023-12-25 22:28:48,608 INFO     ___FILE_ONLY___ 
    "latest_version_string": "1.32.0",
2023-12-25 22:28:48,608 INFO     ___FILE_ONLY___ 
    "name": "Minikube",
2023-12-25 22:28:48,608 INFO     ___FILE_ONLY___ 
    "platform": {
2023-12-25 22:28:48,608 INFO     ___FILE_ONLY___ 
      "architecture": {
2023-12-25 22:28:48,608 INFO     ___FILE_ONLY___ 
        "file_name": "arm",
2023-12-25 22:28:48,608 INFO     ___FILE_ONLY___ 
        "id": "arm",
2023-12-25 22:28:48,608 INFO     ___FILE_ONLY___ 
        "name": "arm"
2023-12-25 22:28:48,608 INFO     ___FILE_ONLY___ 
      },
2023-12-25 22:28:48,608 INFO     ___FILE_ONLY___ 
      "operating_system": {
2023-12-25 22:28:48,608 INFO     ___FILE_ONLY___ 
        "clean_version": "21.1.0",
2023-12-25 22:28:48,608 INFO     ___FILE_ONLY___ 
        "file_name": "darwin",
2023-12-25 22:28:48,608 INFO     ___FILE_ONLY___ 
        "id": "MACOSX",
2023-12-25 22:28:48,608 INFO     ___FILE_ONLY___ 
        "name": "Mac OS X",
2023-12-25 22:28:48,608 INFO     ___FILE_ONLY___ 
        "version": "21.1.0"
2023-12-25 22:28:48,608 INFO     ___FILE_ONLY___ 
      }
2023-12-25 22:28:48,608 INFO     ___FILE_ONLY___ 
    },
2023-12-25 22:28:48,608 INFO     ___FILE_ONLY___ 
    "platform_required": false,
2023-12-25 22:28:48,608 INFO     ___FILE_ONLY___ 
    "size": 35193661,
2023-12-25 22:28:48,608 INFO     ___FILE_ONLY___ 
    "state": {
2023-12-25 22:28:48,608 INFO     ___FILE_ONLY___ 
      "name": "Installed"
2023-12-25 22:28:48,608 INFO     ___FILE_ONLY___ 
    }
2023-12-25 22:28:48,608 INFO     ___FILE_ONLY___ 
  }
2023-12-25 22:28:48,609 INFO     ___FILE_ONLY___ ,
  {
2023-12-25 22:28:48,609 INFO     ___FILE_ONLY___ 
    "current_version_string": "2.9.0",
2023-12-25 22:28:48,609 INFO     ___FILE_ONLY___ 
    "id": "skaffold",
2023-12-25 22:28:48,609 INFO     ___FILE_ONLY___ 
    "is_configuration": false,
2023-12-25 22:28:48,609 INFO     ___FILE_ONLY___ 
    "is_hidden": false,
2023-12-25 22:28:48,609 INFO     ___FILE_ONLY___ 
    "latest_version_string": "2.9.0",
2023-12-25 22:28:48,609 INFO     ___FILE_ONLY___ 
    "name": "Skaffold",
2023-12-25 22:28:48,609 INFO     ___FILE_ONLY___ 
    "platform": {
2023-12-25 22:28:48,609 INFO     ___FILE_ONLY___ 
      "architecture": {
2023-12-25 22:28:48,609 INFO     ___FILE_ONLY___ 
        "file_name": "arm",
2023-12-25 22:28:48,609 INFO     ___FILE_ONLY___ 
        "id": "arm",
2023-12-25 22:28:48,609 INFO     ___FILE_ONLY___ 
        "name": "arm"
2023-12-25 22:28:48,609 INFO     ___FILE_ONLY___ 
      },
2023-12-25 22:28:48,609 INFO     ___FILE_ONLY___ 
      "operating_system": {
2023-12-25 22:28:48,609 INFO     ___FILE_ONLY___ 
        "clean_version": "21.1.0",
2023-12-25 22:28:48,609 INFO     ___FILE_ONLY___ 
        "file_name": "darwin",
2023-12-25 22:28:48,609 INFO     ___FILE_ONLY___ 
        "id": "MACOSX",
2023-12-25 22:28:48,609 INFO     ___FILE_ONLY___ 
        "name": "Mac OS X",
2023-12-25 22:28:48,609 INFO     ___FILE_ONLY___ 
        "version": "21.1.0"
2023-12-25 22:28:48,609 INFO     ___FILE_ONLY___ 
      }
2023-12-25 22:28:48,609 INFO     ___FILE_ONLY___ 
    },
2023-12-25 22:28:48,609 INFO     ___FILE_ONLY___ 
    "platform_required": false,
2023-12-25 22:28:48,609 INFO     ___FILE_ONLY___ 
    "size": 24426195,
2023-12-25 22:28:48,609 INFO     ___FILE_ONLY___ 
    "state": {
2023-12-25 22:28:48,609 INFO     ___FILE_ONLY___ 
      "name": "Installed"
2023-12-25 22:28:48,609 INFO     ___FILE_ONLY___ 
    }
2023-12-25 22:28:48,609 INFO     ___FILE_ONLY___ 
  }
2023-12-25 22:28:48,610 INFO     ___FILE_ONLY___ ,
  {
2023-12-25 22:28:48,610 INFO     ___FILE_ONLY___ 
    "current_version_string": "2023.12.20",
2023-12-25 22:28:48,610 INFO     ___FILE_ONLY___ 
    "id": "alpha",
2023-12-25 22:28:48,610 INFO     ___FILE_ONLY___ 
    "is_configuration": false,
2023-12-25 22:28:48,610 INFO     ___FILE_ONLY___ 
    "is_hidden": false,
2023-12-25 22:28:48,610 INFO     ___FILE_ONLY___ 
    "latest_version_string": "2023.12.20",
2023-12-25 22:28:48,610 INFO     ___FILE_ONLY___ 
    "name": "gcloud Alpha Commands",
2023-12-25 22:28:48,610 INFO     ___FILE_ONLY___ 
    "platform": {
2023-12-25 22:28:48,610 INFO     ___FILE_ONLY___ 
      "architecture": {
2023-12-25 22:28:48,610 INFO     ___FILE_ONLY___ 
        "file_name": "arm",
2023-12-25 22:28:48,610 INFO     ___FILE_ONLY___ 
        "id": "arm",
2023-12-25 22:28:48,610 INFO     ___FILE_ONLY___ 
        "name": "arm"
2023-12-25 22:28:48,610 INFO     ___FILE_ONLY___ 
      },
2023-12-25 22:28:48,610 INFO     ___FILE_ONLY___ 
      "operating_system": {
2023-12-25 22:28:48,610 INFO     ___FILE_ONLY___ 
        "clean_version": "21.1.0",
2023-12-25 22:28:48,610 INFO     ___FILE_ONLY___ 
        "file_name": "darwin",
2023-12-25 22:28:48,610 INFO     ___FILE_ONLY___ 
        "id": "MACOSX",
2023-12-25 22:28:48,610 INFO     ___FILE_ONLY___ 
        "name": "Mac OS X",
2023-12-25 22:28:48,610 INFO     ___FILE_ONLY___ 
        "version": "21.1.0"
2023-12-25 22:28:48,610 INFO     ___FILE_ONLY___ 
      }
2023-12-25 22:28:48,610 INFO     ___FILE_ONLY___ 
    },
2023-12-25 22:28:48,610 INFO     ___FILE_ONLY___ 
    "platform_required": false,
2023-12-25 22:28:48,610 INFO     ___FILE_ONLY___ 
    "size": 800,
2023-12-25 22:28:48,610 INFO     ___FILE_ONLY___ 
    "state": {
2023-12-25 22:28:48,610 INFO     ___FILE_ONLY___ 
      "name": "Installed"
2023-12-25 22:28:48,610 INFO     ___FILE_ONLY___ 
    }
2023-12-25 22:28:48,610 INFO     ___FILE_ONLY___ 
  }
2023-12-25 22:28:48,611 INFO     ___FILE_ONLY___ ,
  {
2023-12-25 22:28:48,611 INFO     ___FILE_ONLY___ 
    "current_version_string": "2023.12.20",
2023-12-25 22:28:48,611 INFO     ___FILE_ONLY___ 
    "id": "beta",
2023-12-25 22:28:48,611 INFO     ___FILE_ONLY___ 
    "is_configuration": false,
2023-12-25 22:28:48,611 INFO     ___FILE_ONLY___ 
    "is_hidden": false,
2023-12-25 22:28:48,611 INFO     ___FILE_ONLY___ 
    "latest_version_string": "2023.12.20",
2023-12-25 22:28:48,611 INFO     ___FILE_ONLY___ 
    "name": "gcloud Beta Commands",
2023-12-25 22:28:48,611 INFO     ___FILE_ONLY___ 
    "platform": {
2023-12-25 22:28:48,611 INFO     ___FILE_ONLY___ 
      "architecture": {
2023-12-25 22:28:48,611 INFO     ___FILE_ONLY___ 
        "file_name": "arm",
2023-12-25 22:28:48,611 INFO     ___FILE_ONLY___ 
        "id": "arm",
2023-12-25 22:28:48,611 INFO     ___FILE_ONLY___ 
        "name": "arm"
2023-12-25 22:28:48,611 INFO     ___FILE_ONLY___ 
      },
2023-12-25 22:28:48,611 INFO     ___FILE_ONLY___ 
      "operating_system": {
2023-12-25 22:28:48,611 INFO     ___FILE_ONLY___ 
        "clean_version": "21.1.0",
2023-12-25 22:28:48,611 INFO     ___FILE_ONLY___ 
        "file_name": "darwin",
2023-12-25 22:28:48,611 INFO     ___FILE_ONLY___ 
        "id": "MACOSX",
2023-12-25 22:28:48,611 INFO     ___FILE_ONLY___ 
        "name": "Mac OS X",
2023-12-25 22:28:48,611 INFO     ___FILE_ONLY___ 
        "version": "21.1.0"
2023-12-25 22:28:48,611 INFO     ___FILE_ONLY___ 
      }
2023-12-25 22:28:48,611 INFO     ___FILE_ONLY___ 
    },
2023-12-25 22:28:48,611 INFO     ___FILE_ONLY___ 
    "platform_required": false,
2023-12-25 22:28:48,611 INFO     ___FILE_ONLY___ 
    "size": 797,
2023-12-25 22:28:48,611 INFO     ___FILE_ONLY___ 
    "state": {
2023-12-25 22:28:48,611 INFO     ___FILE_ONLY___ 
      "name": "Installed"
2023-12-25 22:28:48,611 INFO     ___FILE_ONLY___ 
    }
2023-12-25 22:28:48,611 INFO     ___FILE_ONLY___ 
  }
2023-12-25 22:28:48,611 INFO     ___FILE_ONLY___ ,
  {
2023-12-25 22:28:48,611 INFO     ___FILE_ONLY___ 
    "current_version_string": "0.5.7",
2023-12-25 22:28:48,612 INFO     ___FILE_ONLY___ 
    "id": "gke-gcloud-auth-plugin",
2023-12-25 22:28:48,612 INFO     ___FILE_ONLY___ 
    "is_configuration": false,
2023-12-25 22:28:48,612 INFO     ___FILE_ONLY___ 
    "is_hidden": false,
2023-12-25 22:28:48,612 INFO     ___FILE_ONLY___ 
    "latest_version_string": "0.5.7",
2023-12-25 22:28:48,612 INFO     ___FILE_ONLY___ 
    "name": "gke-gcloud-auth-plugin",
2023-12-25 22:28:48,612 INFO     ___FILE_ONLY___ 
    "platform": {
2023-12-25 22:28:48,612 INFO     ___FILE_ONLY___ 
      "architecture": {
2023-12-25 22:28:48,612 INFO     ___FILE_ONLY___ 
        "file_name": "arm",
2023-12-25 22:28:48,612 INFO     ___FILE_ONLY___ 
        "id": "arm",
2023-12-25 22:28:48,612 INFO     ___FILE_ONLY___ 
        "name": "arm"
2023-12-25 22:28:48,612 INFO     ___FILE_ONLY___ 
      },
2023-12-25 22:28:48,612 INFO     ___FILE_ONLY___ 
      "operating_system": {
2023-12-25 22:28:48,612 INFO     ___FILE_ONLY___ 
        "clean_version": "21.1.0",
2023-12-25 22:28:48,612 INFO     ___FILE_ONLY___ 
        "file_name": "darwin",
2023-12-25 22:28:48,612 INFO     ___FILE_ONLY___ 
        "id": "MACOSX",
2023-12-25 22:28:48,612 INFO     ___FILE_ONLY___ 
        "name": "Mac OS X",
2023-12-25 22:28:48,612 INFO     ___FILE_ONLY___ 
        "version": "21.1.0"
2023-12-25 22:28:48,612 INFO     ___FILE_ONLY___ 
      }
2023-12-25 22:28:48,612 INFO     ___FILE_ONLY___ 
    },
2023-12-25 22:28:48,612 INFO     ___FILE_ONLY___ 
    "platform_required": false,
2023-12-25 22:28:48,612 INFO     ___FILE_ONLY___ 
    "size": 7779288,
2023-12-25 22:28:48,612 INFO     ___FILE_ONLY___ 
    "state": {
2023-12-25 22:28:48,612 INFO     ___FILE_ONLY___ 
      "name": "Installed"
2023-12-25 22:28:48,612 INFO     ___FILE_ONLY___ 
    }
2023-12-25 22:28:48,612 INFO     ___FILE_ONLY___ 
  }
2023-12-25 22:28:48,613 INFO     ___FILE_ONLY___ ,
  {
2023-12-25 22:28:48,613 INFO     ___FILE_ONLY___ 
    "current_version_string": "1.27.8",
2023-12-25 22:28:48,613 INFO     ___FILE_ONLY___ 
    "id": "kubectl",
2023-12-25 22:28:48,613 INFO     ___FILE_ONLY___ 
    "is_configuration": false,
2023-12-25 22:28:48,613 INFO     ___FILE_ONLY___ 
    "is_hidden": false,
2023-12-25 22:28:48,613 INFO     ___FILE_ONLY___ 
    "latest_version_string": "1.27.8",
2023-12-25 22:28:48,613 INFO     ___FILE_ONLY___ 
    "name": "kubectl",
2023-12-25 22:28:48,613 INFO     ___FILE_ONLY___ 
    "platform": {
2023-12-25 22:28:48,613 INFO     ___FILE_ONLY___ 
      "architecture": {
2023-12-25 22:28:48,613 INFO     ___FILE_ONLY___ 
        "file_name": "arm",
2023-12-25 22:28:48,613 INFO     ___FILE_ONLY___ 
        "id": "arm",
2023-12-25 22:28:48,613 INFO     ___FILE_ONLY___ 
        "name": "arm"
2023-12-25 22:28:48,613 INFO     ___FILE_ONLY___ 
      },
2023-12-25 22:28:48,613 INFO     ___FILE_ONLY___ 
      "operating_system": {
2023-12-25 22:28:48,613 INFO     ___FILE_ONLY___ 
        "clean_version": "21.1.0",
2023-12-25 22:28:48,613 INFO     ___FILE_ONLY___ 
        "file_name": "darwin",
2023-12-25 22:28:48,613 INFO     ___FILE_ONLY___ 
        "id": "MACOSX",
2023-12-25 22:28:48,613 INFO     ___FILE_ONLY___ 
        "name": "Mac OS X",
2023-12-25 22:28:48,613 INFO     ___FILE_ONLY___ 
        "version": "21.1.0"
2023-12-25 22:28:48,613 INFO     ___FILE_ONLY___ 
      }
2023-12-25 22:28:48,613 INFO     ___FILE_ONLY___ 
    },
2023-12-25 22:28:48,613 INFO     ___FILE_ONLY___ 
    "platform_required": true,
2023-12-25 22:28:48,613 INFO     ___FILE_ONLY___ 
    "size": 35802,
2023-12-25 22:28:48,613 INFO     ___FILE_ONLY___ 
    "state": {
2023-12-25 22:28:48,613 INFO     ___FILE_ONLY___ 
      "name": "Installed"
2023-12-25 22:28:48,613 INFO     ___FILE_ONLY___ 
    }
2023-12-25 22:28:48,613 INFO     ___FILE_ONLY___ 
  }
2023-12-25 22:28:48,613 INFO     ___FILE_ONLY___ 
]

2023-12-25 22:28:48,620 DEBUG    root            Metrics reporting process started...
