2023-12-25 22:28:25,489 DEBUG    root            Metrics collector initialized...
2023-12-25 22:28:25,490 DEBUG    root            Loaded Command Group: ['gcloud', 'components']
2023-12-25 22:28:25,491 DEBUG    root            Loaded Command Group: ['gcloud', 'components', 'update']
2023-12-25 22:28:25,492 DEBUG    root            Running [gcloud.components.update] with arguments: [--allow-no-backup: "True", --no-compile-python: "False", --quiet: "True", COMPONENT-IDS:6: "['alpha', 'beta', 'gke-gcloud-auth-plugin', 'kubectl', 'skaffold', 'minikube']"]
2023-12-25 22:28:25,493 INFO     ___FILE_ONLY___ Beginning update. This process may take several minutes.

2023-12-25 22:28:25,499 DEBUG    urllib3.connectionpool Starting new HTTPS connection (1): dl.google.com:443
2023-12-25 22:28:25,736 DEBUG    urllib3.connectionpool https://dl.google.com:443 "GET /dl/cloudsdk/channels/rapid/components-2.json HTTP/1.1" 200 214443
2023-12-25 22:28:25,845 INFO     ___FILE_ONLY___ 

2023-12-25 22:28:25,846 INFO     ___FILE_ONLY___ 
Your current Google Cloud CLI version is: 458.0.1

2023-12-25 22:28:25,847 INFO     ___FILE_ONLY___ Installing components from version: 458.0.1

2023-12-25 22:28:25,847 INFO     ___FILE_ONLY___ 

2023-12-25 22:28:25,848 DEBUG    root            Chosen display Format:table[box,title="These components will be removed."](details.display_name:label=Name:align=left,version.version_string:label=Version:align=right,data.size.size(zero="",min=1048576):label=Size:align=right)
2023-12-25 22:28:25,850 DEBUG    root            Chosen display Format:table[box,title="These components will be updated."](details.display_name:label=Name:align=left,version.version_string:label=Version:align=right,data.size.size(zero="",min=1048576):label=Size:align=right)
2023-12-25 22:28:25,851 DEBUG    root            Chosen display Format:table[box,title="These components will be installed."](details.display_name:label=Name:align=left,version.version_string:label=Version:align=right,data.size.size(zero="",min=1048576):label=Size:align=right)
2023-12-25 22:28:25,859 INFO     ___FILE_ONLY___ ┌─────────────────────────────────────────────────────────────────────────────┐
2023-12-25 22:28:25,860 INFO     ___FILE_ONLY___ 

2023-12-25 22:28:25,860 INFO     ___FILE_ONLY___ │                     These components will be installed.                     │
2023-12-25 22:28:25,860 INFO     ___FILE_ONLY___ 

2023-12-25 22:28:25,860 INFO     ___FILE_ONLY___ ├─────────────────────────────────────────────────────┬────────────┬──────────┤
2023-12-25 22:28:25,860 INFO     ___FILE_ONLY___ 

2023-12-25 22:28:25,860 INFO     ___FILE_ONLY___ │                         Name                        │  Version   │   Size   │
2023-12-25 22:28:25,860 INFO     ___FILE_ONLY___ 

2023-12-25 22:28:25,860 INFO     ___FILE_ONLY___ ├─────────────────────────────────────────────────────┼────────────┼──────────┤
2023-12-25 22:28:25,860 INFO     ___FILE_ONLY___ 

2023-12-25 22:28:25,861 INFO     ___FILE_ONLY___ │ 
2023-12-25 22:28:25,861 INFO     ___FILE_ONLY___ Google Cloud CLI Core Libraries (Platform Specific)
2023-12-25 22:28:25,861 INFO     ___FILE_ONLY___  
2023-12-25 22:28:25,861 INFO     ___FILE_ONLY___ │ 
2023-12-25 22:28:25,861 INFO     ___FILE_ONLY___ 2023.12.20
2023-12-25 22:28:25,861 INFO     ___FILE_ONLY___  
2023-12-25 22:28:25,861 INFO     ___FILE_ONLY___ │ 
2023-12-25 22:28:25,861 INFO     ___FILE_ONLY___  < 1 MiB
2023-12-25 22:28:25,861 INFO     ___FILE_ONLY___  
2023-12-25 22:28:25,861 INFO     ___FILE_ONLY___ │
2023-12-25 22:28:25,861 INFO     ___FILE_ONLY___ 

2023-12-25 22:28:25,861 INFO     ___FILE_ONLY___ │ 
2023-12-25 22:28:25,862 INFO     ___FILE_ONLY___ Minikube                                           
2023-12-25 22:28:25,862 INFO     ___FILE_ONLY___  
2023-12-25 22:28:25,862 INFO     ___FILE_ONLY___ │ 
2023-12-25 22:28:25,862 INFO     ___FILE_ONLY___     1.32.0
2023-12-25 22:28:25,862 INFO     ___FILE_ONLY___  
2023-12-25 22:28:25,862 INFO     ___FILE_ONLY___ │ 
2023-12-25 22:28:25,862 INFO     ___FILE_ONLY___ 33.6 MiB
2023-12-25 22:28:25,862 INFO     ___FILE_ONLY___  
2023-12-25 22:28:25,862 INFO     ___FILE_ONLY___ │
2023-12-25 22:28:25,862 INFO     ___FILE_ONLY___ 

2023-12-25 22:28:25,862 INFO     ___FILE_ONLY___ │ 
2023-12-25 22:28:25,863 INFO     ___FILE_ONLY___ Skaffold                                           
2023-12-25 22:28:25,863 INFO     ___FILE_ONLY___  
2023-12-25 22:28:25,863 INFO     ___FILE_ONLY___ │ 
2023-12-25 22:28:25,863 INFO     ___FILE_ONLY___      2.9.0
2023-12-25 22:28:25,863 INFO     ___FILE_ONLY___  
2023-12-25 22:28:25,863 INFO     ___FILE_ONLY___ │ 
2023-12-25 22:28:25,863 INFO     ___FILE_ONLY___ 23.3 MiB
2023-12-25 22:28:25,864 INFO     ___FILE_ONLY___  
2023-12-25 22:28:25,864 INFO     ___FILE_ONLY___ │
2023-12-25 22:28:25,864 INFO     ___FILE_ONLY___ 

2023-12-25 22:28:25,864 INFO     ___FILE_ONLY___ │ 
2023-12-25 22:28:25,864 INFO     ___FILE_ONLY___ gcloud Alpha Commands                              
2023-12-25 22:28:25,864 INFO     ___FILE_ONLY___  
2023-12-25 22:28:25,864 INFO     ___FILE_ONLY___ │ 
2023-12-25 22:28:25,864 INFO     ___FILE_ONLY___ 2023.12.20
2023-12-25 22:28:25,865 INFO     ___FILE_ONLY___  
2023-12-25 22:28:25,865 INFO     ___FILE_ONLY___ │ 
2023-12-25 22:28:25,865 INFO     ___FILE_ONLY___  < 1 MiB
2023-12-25 22:28:25,865 INFO     ___FILE_ONLY___  
2023-12-25 22:28:25,865 INFO     ___FILE_ONLY___ │
2023-12-25 22:28:25,865 INFO     ___FILE_ONLY___ 

2023-12-25 22:28:25,865 INFO     ___FILE_ONLY___ │ 
2023-12-25 22:28:25,865 INFO     ___FILE_ONLY___ gcloud Beta Commands                               
2023-12-25 22:28:25,865 INFO     ___FILE_ONLY___  
2023-12-25 22:28:25,866 INFO     ___FILE_ONLY___ │ 
2023-12-25 22:28:25,866 INFO     ___FILE_ONLY___ 2023.12.20
2023-12-25 22:28:25,866 INFO     ___FILE_ONLY___  
2023-12-25 22:28:25,866 INFO     ___FILE_ONLY___ │ 
2023-12-25 22:28:25,866 INFO     ___FILE_ONLY___  < 1 MiB
2023-12-25 22:28:25,866 INFO     ___FILE_ONLY___  
2023-12-25 22:28:25,866 INFO     ___FILE_ONLY___ │
2023-12-25 22:28:25,866 INFO     ___FILE_ONLY___ 

2023-12-25 22:28:25,866 INFO     ___FILE_ONLY___ │ 
2023-12-25 22:28:25,866 INFO     ___FILE_ONLY___ gcloud cli dependencies                            
2023-12-25 22:28:25,866 INFO     ___FILE_ONLY___  
2023-12-25 22:28:25,866 INFO     ___FILE_ONLY___ │ 
2023-12-25 22:28:25,866 INFO     ___FILE_ONLY___ 2021.04.16
2023-12-25 22:28:25,867 INFO     ___FILE_ONLY___  
2023-12-25 22:28:25,867 INFO     ___FILE_ONLY___ │ 
2023-12-25 22:28:25,867 INFO     ___FILE_ONLY___  < 1 MiB
2023-12-25 22:28:25,867 INFO     ___FILE_ONLY___  
2023-12-25 22:28:25,867 INFO     ___FILE_ONLY___ │
2023-12-25 22:28:25,867 INFO     ___FILE_ONLY___ 

2023-12-25 22:28:25,867 INFO     ___FILE_ONLY___ │ 
2023-12-25 22:28:25,867 INFO     ___FILE_ONLY___ gke-gcloud-auth-plugin                             
2023-12-25 22:28:25,867 INFO     ___FILE_ONLY___  
2023-12-25 22:28:25,867 INFO     ___FILE_ONLY___ │ 
2023-12-25 22:28:25,867 INFO     ___FILE_ONLY___      0.5.7
2023-12-25 22:28:25,867 INFO     ___FILE_ONLY___  
2023-12-25 22:28:25,867 INFO     ___FILE_ONLY___ │ 
2023-12-25 22:28:25,867 INFO     ___FILE_ONLY___  7.4 MiB
2023-12-25 22:28:25,867 INFO     ___FILE_ONLY___  
2023-12-25 22:28:25,868 INFO     ___FILE_ONLY___ │
2023-12-25 22:28:25,868 INFO     ___FILE_ONLY___ 

2023-12-25 22:28:25,868 INFO     ___FILE_ONLY___ │ 
2023-12-25 22:28:25,868 INFO     ___FILE_ONLY___ kubectl                                            
2023-12-25 22:28:25,868 INFO     ___FILE_ONLY___  
2023-12-25 22:28:25,868 INFO     ___FILE_ONLY___ │ 
2023-12-25 22:28:25,868 INFO     ___FILE_ONLY___     1.27.8
2023-12-25 22:28:25,868 INFO     ___FILE_ONLY___  
2023-12-25 22:28:25,868 INFO     ___FILE_ONLY___ │ 
2023-12-25 22:28:25,868 INFO     ___FILE_ONLY___ 85.4 MiB
2023-12-25 22:28:25,868 INFO     ___FILE_ONLY___  
2023-12-25 22:28:25,868 INFO     ___FILE_ONLY___ │
2023-12-25 22:28:25,868 INFO     ___FILE_ONLY___ 

2023-12-25 22:28:25,868 INFO     ___FILE_ONLY___ │ 
2023-12-25 22:28:25,868 INFO     ___FILE_ONLY___ kubectl                                            
2023-12-25 22:28:25,869 INFO     ___FILE_ONLY___  
2023-12-25 22:28:25,869 INFO     ___FILE_ONLY___ │ 
2023-12-25 22:28:25,869 INFO     ___FILE_ONLY___     1.27.8
2023-12-25 22:28:25,869 INFO     ___FILE_ONLY___  
2023-12-25 22:28:25,869 INFO     ___FILE_ONLY___ │ 
2023-12-25 22:28:25,869 INFO     ___FILE_ONLY___  < 1 MiB
2023-12-25 22:28:25,869 INFO     ___FILE_ONLY___  
2023-12-25 22:28:25,869 INFO     ___FILE_ONLY___ │
2023-12-25 22:28:25,869 INFO     ___FILE_ONLY___ 

2023-12-25 22:28:25,869 INFO     ___FILE_ONLY___ └─────────────────────────────────────────────────────┴────────────┴──────────┘
2023-12-25 22:28:25,869 INFO     ___FILE_ONLY___ 

2023-12-25 22:28:25,869 INFO     ___FILE_ONLY___ 

2023-12-25 22:28:25,875 DEBUG    urllib3.connectionpool Starting new HTTPS connection (1): dl.google.com:443
2023-12-25 22:28:26,057 DEBUG    urllib3.connectionpool https://dl.google.com:443 "GET /dl/cloudsdk/channels/rapid/RELEASE_NOTES HTTP/1.1" 200 1129488
2023-12-25 22:28:26,240 INFO     ___FILE_ONLY___ For the latest full release notes, please visit:
  https://cloud.google.com/sdk/release_notes


2023-12-25 22:28:26,245 INFO     ___FILE_ONLY___ ╔════════════════════════════════════════════════════════════╗

2023-12-25 22:28:26,246 INFO     ___FILE_ONLY___ ╠═ Creating update staging area                             ═╣

2023-12-25 22:28:26,246 INFO     ___FILE_ONLY___ ╚
2023-12-25 22:28:26,246 INFO     ___FILE_ONLY___ ══════
2023-12-25 22:28:26,246 INFO     ___FILE_ONLY___ ══════
2023-12-25 22:28:26,246 INFO     ___FILE_ONLY___ ══════
2023-12-25 22:28:26,495 INFO     ___FILE_ONLY___ ═
2023-12-25 22:28:26,568 INFO     ___FILE_ONLY___ ═
2023-12-25 22:28:26,651 INFO     ___FILE_ONLY___ ═
2023-12-25 22:28:26,708 INFO     ___FILE_ONLY___ ═
2023-12-25 22:28:26,760 INFO     ___FILE_ONLY___ ═
2023-12-25 22:28:26,814 INFO     ___FILE_ONLY___ ═
2023-12-25 22:28:26,869 INFO     ___FILE_ONLY___ ═
2023-12-25 22:28:26,915 INFO     ___FILE_ONLY___ ═
2023-12-25 22:28:26,970 INFO     ___FILE_ONLY___ ═
2023-12-25 22:28:27,019 INFO     ___FILE_ONLY___ ═
2023-12-25 22:28:27,067 INFO     ___FILE_ONLY___ ═
2023-12-25 22:28:27,125 INFO     ___FILE_ONLY___ ═
2023-12-25 22:28:27,179 INFO     ___FILE_ONLY___ ═
2023-12-25 22:28:27,244 INFO     ___FILE_ONLY___ ═
2023-12-25 22:28:27,308 INFO     ___FILE_ONLY___ ═
2023-12-25 22:28:27,392 INFO     ___FILE_ONLY___ ═
2023-12-25 22:28:27,475 INFO     ___FILE_ONLY___ ═
2023-12-25 22:28:27,551 INFO     ___FILE_ONLY___ ═
2023-12-25 22:28:27,626 INFO     ___FILE_ONLY___ ═
2023-12-25 22:28:27,709 INFO     ___FILE_ONLY___ ═
2023-12-25 22:28:27,791 INFO     ___FILE_ONLY___ ═
2023-12-25 22:28:27,868 INFO     ___FILE_ONLY___ ═
2023-12-25 22:28:27,963 INFO     ___FILE_ONLY___ ═
2023-12-25 22:28:28,083 INFO     ___FILE_ONLY___ ═
2023-12-25 22:28:28,166 INFO     ___FILE_ONLY___ ═
2023-12-25 22:28:28,269 INFO     ___FILE_ONLY___ ═
2023-12-25 22:28:28,375 INFO     ___FILE_ONLY___ ═
2023-12-25 22:28:28,459 INFO     ___FILE_ONLY___ ═
2023-12-25 22:28:28,545 INFO     ___FILE_ONLY___ ═
2023-12-25 22:28:28,633 INFO     ___FILE_ONLY___ ═
2023-12-25 22:28:28,729 INFO     ___FILE_ONLY___ ═
2023-12-25 22:28:28,844 INFO     ___FILE_ONLY___ ═
2023-12-25 22:28:28,989 INFO     ___FILE_ONLY___ ═
2023-12-25 22:28:29,203 INFO     ___FILE_ONLY___ ═
2023-12-25 22:28:29,264 INFO     ___FILE_ONLY___ ═
2023-12-25 22:28:29,317 INFO     ___FILE_ONLY___ ═
2023-12-25 22:28:29,362 INFO     ___FILE_ONLY___ ═
2023-12-25 22:28:29,403 INFO     ___FILE_ONLY___ ═
2023-12-25 22:28:29,447 INFO     ___FILE_ONLY___ ═
2023-12-25 22:28:29,511 INFO     ___FILE_ONLY___ ═
2023-12-25 22:28:29,666 INFO     ___FILE_ONLY___ ═
2023-12-25 22:28:30,013 INFO     ___FILE_ONLY___ ═
2023-12-25 22:28:30,016 INFO     ___FILE_ONLY___ ╝

2023-12-25 22:28:30,044 INFO     ___FILE_ONLY___ ╔════════════════════════════════════════════════════════════╗

2023-12-25 22:28:30,044 INFO     ___FILE_ONLY___ ╠═ Installing: Google Cloud CLI Core Libraries (Platform... ═╣

2023-12-25 22:28:30,044 INFO     ___FILE_ONLY___ ╚
2023-12-25 22:28:30,048 DEBUG    urllib3.connectionpool Starting new HTTPS connection (1): dl.google.com:443
2023-12-25 22:28:30,225 DEBUG    urllib3.connectionpool https://dl.google.com:443 "GET /dl/cloudsdk/channels/rapid/components/google-cloud-sdk-core-nix-20231220215703.tar.gz HTTP/1.1" 200 2402
2023-12-25 22:28:30,227 INFO     ___FILE_ONLY___ ══════════════════════════════
2023-12-25 22:28:30,231 INFO     ___FILE_ONLY___ ═══════════════
2023-12-25 22:28:30,232 INFO     ___FILE_ONLY___ ═══════════════
2023-12-25 22:28:30,232 INFO     ___FILE_ONLY___ ╝

2023-12-25 22:28:30,249 INFO     ___FILE_ONLY___ ╔════════════════════════════════════════════════════════════╗

2023-12-25 22:28:30,250 INFO     ___FILE_ONLY___ ╠═ Installing: Minikube                                     ═╣

2023-12-25 22:28:30,250 INFO     ___FILE_ONLY___ ╚
2023-12-25 22:28:30,257 DEBUG    urllib3.connectionpool Starting new HTTPS connection (1): dl.google.com:443
2023-12-25 22:28:30,475 DEBUG    urllib3.connectionpool https://dl.google.com:443 "GET /dl/cloudsdk/channels/rapid/components/google-cloud-sdk-minikube-darwin-arm-20231201141418.tar.gz HTTP/1.1" 200 35193661
2023-12-25 22:28:31,696 INFO     ___FILE_ONLY___ ═
2023-12-25 22:28:31,697 INFO     ___FILE_ONLY___ ═
2023-12-25 22:28:31,698 INFO     ___FILE_ONLY___ ═
2023-12-25 22:28:31,699 INFO     ___FILE_ONLY___ ═
2023-12-25 22:28:31,700 INFO     ___FILE_ONLY___ ═
2023-12-25 22:28:31,701 INFO     ___FILE_ONLY___ ═
2023-12-25 22:28:31,702 INFO     ___FILE_ONLY___ ═
2023-12-25 22:28:31,703 INFO     ___FILE_ONLY___ ═
2023-12-25 22:28:31,704 INFO     ___FILE_ONLY___ ═
2023-12-25 22:28:31,704 INFO     ___FILE_ONLY___ ═
2023-12-25 22:28:31,705 INFO     ___FILE_ONLY___ ═
2023-12-25 22:28:31,706 INFO     ___FILE_ONLY___ ═
2023-12-25 22:28:31,707 INFO     ___FILE_ONLY___ ═
2023-12-25 22:28:31,708 INFO     ___FILE_ONLY___ ═
2023-12-25 22:28:31,709 INFO     ___FILE_ONLY___ ═
2023-12-25 22:28:31,710 INFO     ___FILE_ONLY___ ═
2023-12-25 22:28:31,711 INFO     ___FILE_ONLY___ ═
2023-12-25 22:28:31,712 INFO     ___FILE_ONLY___ ═
2023-12-25 22:28:31,713 INFO     ___FILE_ONLY___ ═
2023-12-25 22:28:31,713 INFO     ___FILE_ONLY___ ═
2023-12-25 22:28:31,714 INFO     ___FILE_ONLY___ ═
2023-12-25 22:28:31,715 INFO     ___FILE_ONLY___ ═
2023-12-25 22:28:31,716 INFO     ___FILE_ONLY___ ═
2023-12-25 22:28:31,717 INFO     ___FILE_ONLY___ ═
2023-12-25 22:28:31,717 INFO     ___FILE_ONLY___ ═
2023-12-25 22:28:31,718 INFO     ___FILE_ONLY___ ═
2023-12-25 22:28:31,719 INFO     ___FILE_ONLY___ ═
2023-12-25 22:28:31,720 INFO     ___FILE_ONLY___ ═
2023-12-25 22:28:31,721 INFO     ___FILE_ONLY___ ═
2023-12-25 22:28:31,721 INFO     ___FILE_ONLY___ ═
2023-12-25 22:28:32,235 INFO     ___FILE_ONLY___ ══════════════════════════════
2023-12-25 22:28:32,235 INFO     ___FILE_ONLY___ ╝

2023-12-25 22:28:32,243 INFO     ___FILE_ONLY___ ╔════════════════════════════════════════════════════════════╗

2023-12-25 22:28:32,243 INFO     ___FILE_ONLY___ ╠═ Installing: Minikube                                     ═╣

2023-12-25 22:28:32,244 INFO     ___FILE_ONLY___ ╚
2023-12-25 22:28:32,245 INFO     ___FILE_ONLY___ ════════════════════════════════════════════════════════════
2023-12-25 22:28:32,246 INFO     ___FILE_ONLY___ ╝

2023-12-25 22:28:32,248 INFO     ___FILE_ONLY___ ╔════════════════════════════════════════════════════════════╗

2023-12-25 22:28:32,249 INFO     ___FILE_ONLY___ ╠═ Installing: Skaffold                                     ═╣

2023-12-25 22:28:32,249 INFO     ___FILE_ONLY___ ╚
2023-12-25 22:28:32,252 DEBUG    urllib3.connectionpool Starting new HTTPS connection (1): dl.google.com:443
2023-12-25 22:28:33,163 DEBUG    urllib3.connectionpool https://dl.google.com:443 "GET /dl/cloudsdk/channels/rapid/components/google-cloud-sdk-skaffold-darwin-arm-20231110155547.tar.gz HTTP/1.1" 200 24426195
2023-12-25 22:28:36,078 INFO     ___FILE_ONLY___ ═
2023-12-25 22:28:36,080 INFO     ___FILE_ONLY___ ═
2023-12-25 22:28:36,082 INFO     ___FILE_ONLY___ ═
2023-12-25 22:28:36,083 INFO     ___FILE_ONLY___ ═
2023-12-25 22:28:36,084 INFO     ___FILE_ONLY___ ═
2023-12-25 22:28:36,086 INFO     ___FILE_ONLY___ ═
2023-12-25 22:28:36,087 INFO     ___FILE_ONLY___ ═
2023-12-25 22:28:36,088 INFO     ___FILE_ONLY___ ═
2023-12-25 22:28:36,089 INFO     ___FILE_ONLY___ ═
2023-12-25 22:28:36,090 INFO     ___FILE_ONLY___ ═
2023-12-25 22:28:36,092 INFO     ___FILE_ONLY___ ═
2023-12-25 22:28:36,093 INFO     ___FILE_ONLY___ ═
2023-12-25 22:28:36,094 INFO     ___FILE_ONLY___ ═
2023-12-25 22:28:36,095 INFO     ___FILE_ONLY___ ═
2023-12-25 22:28:36,096 INFO     ___FILE_ONLY___ ═
2023-12-25 22:28:36,097 INFO     ___FILE_ONLY___ ═
2023-12-25 22:28:36,098 INFO     ___FILE_ONLY___ ═
2023-12-25 22:28:36,099 INFO     ___FILE_ONLY___ ═
2023-12-25 22:28:36,100 INFO     ___FILE_ONLY___ ═
2023-12-25 22:28:36,101 INFO     ___FILE_ONLY___ ═
2023-12-25 22:28:36,102 INFO     ___FILE_ONLY___ ═
2023-12-25 22:28:36,103 INFO     ___FILE_ONLY___ ═
2023-12-25 22:28:36,104 INFO     ___FILE_ONLY___ ═
2023-12-25 22:28:36,105 INFO     ___FILE_ONLY___ ═
2023-12-25 22:28:36,106 INFO     ___FILE_ONLY___ ═
2023-12-25 22:28:36,106 INFO     ___FILE_ONLY___ ═
2023-12-25 22:28:36,107 INFO     ___FILE_ONLY___ ═
2023-12-25 22:28:36,108 INFO     ___FILE_ONLY___ ═
2023-12-25 22:28:36,109 INFO     ___FILE_ONLY___ ═
2023-12-25 22:28:36,110 INFO     ___FILE_ONLY___ ═
2023-12-25 22:28:36,642 INFO     ___FILE_ONLY___ ══════════════════════════════
2023-12-25 22:28:36,642 INFO     ___FILE_ONLY___ ╝

2023-12-25 22:28:36,649 INFO     ___FILE_ONLY___ ╔════════════════════════════════════════════════════════════╗

2023-12-25 22:28:36,650 INFO     ___FILE_ONLY___ ╠═ Installing: Skaffold                                     ═╣

2023-12-25 22:28:36,650 INFO     ___FILE_ONLY___ ╚
2023-12-25 22:28:36,652 INFO     ___FILE_ONLY___ ════════════════════════════════════════════════════════════
2023-12-25 22:28:36,652 INFO     ___FILE_ONLY___ ╝

2023-12-25 22:28:36,654 INFO     ___FILE_ONLY___ ╔════════════════════════════════════════════════════════════╗

2023-12-25 22:28:36,655 INFO     ___FILE_ONLY___ ╠═ Installing: gcloud Alpha Commands                        ═╣

2023-12-25 22:28:36,655 INFO     ___FILE_ONLY___ ╚
2023-12-25 22:28:36,658 DEBUG    urllib3.connectionpool Starting new HTTPS connection (1): dl.google.com:443
2023-12-25 22:28:36,830 DEBUG    urllib3.connectionpool https://dl.google.com:443 "GET /dl/cloudsdk/channels/rapid/components/google-cloud-sdk-alpha-20231220215703.tar.gz HTTP/1.1" 200 800
2023-12-25 22:28:36,831 INFO     ___FILE_ONLY___ ══════════════════════════════
2023-12-25 22:28:36,833 INFO     ___FILE_ONLY___ ══════════════════════════════
2023-12-25 22:28:36,834 INFO     ___FILE_ONLY___ ╝

2023-12-25 22:28:36,853 INFO     ___FILE_ONLY___ ╔════════════════════════════════════════════════════════════╗

2023-12-25 22:28:36,853 INFO     ___FILE_ONLY___ ╠═ Installing: gcloud Beta Commands                         ═╣

2023-12-25 22:28:36,854 INFO     ___FILE_ONLY___ ╚
2023-12-25 22:28:36,861 DEBUG    urllib3.connectionpool Starting new HTTPS connection (1): dl.google.com:443
2023-12-25 22:28:37,084 DEBUG    urllib3.connectionpool https://dl.google.com:443 "GET /dl/cloudsdk/channels/rapid/components/google-cloud-sdk-beta-20231220215703.tar.gz HTTP/1.1" 200 797
2023-12-25 22:28:37,086 INFO     ___FILE_ONLY___ ══════════════════════════════
2023-12-25 22:28:37,087 INFO     ___FILE_ONLY___ ══════════════════════════════
2023-12-25 22:28:37,087 INFO     ___FILE_ONLY___ ╝

2023-12-25 22:28:37,100 INFO     ___FILE_ONLY___ ╔════════════════════════════════════════════════════════════╗

2023-12-25 22:28:37,100 INFO     ___FILE_ONLY___ ╠═ Installing: gcloud cli dependencies                      ═╣

2023-12-25 22:28:37,100 INFO     ___FILE_ONLY___ ╚
2023-12-25 22:28:37,106 DEBUG    urllib3.connectionpool Starting new HTTPS connection (1): dl.google.com:443
2023-12-25 22:28:37,329 DEBUG    urllib3.connectionpool https://dl.google.com:443 "GET /dl/cloudsdk/channels/rapid/components/google-cloud-sdk-gcloud-deps-darwin-x86_64-20210416153011.tar.gz HTTP/1.1" 200 105
2023-12-25 22:28:37,330 INFO     ___FILE_ONLY___ ══════════════════════════════
2023-12-25 22:28:37,331 INFO     ___FILE_ONLY___ ══════════════════════════════
2023-12-25 22:28:37,331 INFO     ___FILE_ONLY___ ╝

2023-12-25 22:28:37,356 INFO     ___FILE_ONLY___ ╔════════════════════════════════════════════════════════════╗

2023-12-25 22:28:37,357 INFO     ___FILE_ONLY___ ╠═ Installing: gke-gcloud-auth-plugin                       ═╣

2023-12-25 22:28:37,357 INFO     ___FILE_ONLY___ ╚
2023-12-25 22:28:37,365 INFO     ___FILE_ONLY___ ════════════════════════════════════════════════════════════
2023-12-25 22:28:37,365 INFO     ___FILE_ONLY___ ╝

2023-12-25 22:28:37,372 INFO     ___FILE_ONLY___ ╔════════════════════════════════════════════════════════════╗

2023-12-25 22:28:37,372 INFO     ___FILE_ONLY___ ╠═ Installing: gke-gcloud-auth-plugin                       ═╣

2023-12-25 22:28:37,372 INFO     ___FILE_ONLY___ ╚
2023-12-25 22:28:37,379 DEBUG    urllib3.connectionpool Starting new HTTPS connection (1): dl.google.com:443
2023-12-25 22:28:37,597 DEBUG    urllib3.connectionpool https://dl.google.com:443 "GET /dl/cloudsdk/channels/rapid/components/google-cloud-sdk-gke-gcloud-auth-plugin-darwin-arm-20231208151900.tar.gz HTTP/1.1" 200 7779288
2023-12-25 22:28:38,023 INFO     ___FILE_ONLY___ ═
2023-12-25 22:28:38,024 INFO     ___FILE_ONLY___ ═
2023-12-25 22:28:38,024 INFO     ___FILE_ONLY___ ═
2023-12-25 22:28:38,025 INFO     ___FILE_ONLY___ ═
2023-12-25 22:28:38,025 INFO     ___FILE_ONLY___ ═
2023-12-25 22:28:38,026 INFO     ___FILE_ONLY___ ═
2023-12-25 22:28:38,026 INFO     ___FILE_ONLY___ ═
2023-12-25 22:28:38,027 INFO     ___FILE_ONLY___ ═
2023-12-25 22:28:38,028 INFO     ___FILE_ONLY___ ═
2023-12-25 22:28:38,029 INFO     ___FILE_ONLY___ ═
2023-12-25 22:28:38,029 INFO     ___FILE_ONLY___ ═
2023-12-25 22:28:38,030 INFO     ___FILE_ONLY___ ═
2023-12-25 22:28:38,030 INFO     ___FILE_ONLY___ ═
2023-12-25 22:28:38,031 INFO     ___FILE_ONLY___ ═
2023-12-25 22:28:38,031 INFO     ___FILE_ONLY___ ═
2023-12-25 22:28:38,032 INFO     ___FILE_ONLY___ ═
2023-12-25 22:28:38,033 INFO     ___FILE_ONLY___ ═
2023-12-25 22:28:38,035 INFO     ___FILE_ONLY___ ═
2023-12-25 22:28:38,035 INFO     ___FILE_ONLY___ ═
2023-12-25 22:28:38,036 INFO     ___FILE_ONLY___ ═
2023-12-25 22:28:38,036 INFO     ___FILE_ONLY___ ═
2023-12-25 22:28:38,037 INFO     ___FILE_ONLY___ ═
2023-12-25 22:28:38,038 INFO     ___FILE_ONLY___ ═
2023-12-25 22:28:38,038 INFO     ___FILE_ONLY___ ═
2023-12-25 22:28:38,038 INFO     ___FILE_ONLY___ ═
2023-12-25 22:28:38,039 INFO     ___FILE_ONLY___ ═
2023-12-25 22:28:38,039 INFO     ___FILE_ONLY___ ═
2023-12-25 22:28:38,040 INFO     ___FILE_ONLY___ ═
2023-12-25 22:28:38,040 INFO     ___FILE_ONLY___ ═
2023-12-25 22:28:38,041 INFO     ___FILE_ONLY___ ═
2023-12-25 22:28:38,170 INFO     ___FILE_ONLY___ ══════════════════════════════
2023-12-25 22:28:38,170 INFO     ___FILE_ONLY___ ╝

2023-12-25 22:28:38,177 INFO     ___FILE_ONLY___ ╔════════════════════════════════════════════════════════════╗

2023-12-25 22:28:38,178 INFO     ___FILE_ONLY___ ╠═ Installing: kubectl                                      ═╣

2023-12-25 22:28:38,178 INFO     ___FILE_ONLY___ ╚
2023-12-25 22:28:38,181 DEBUG    urllib3.connectionpool Starting new HTTPS connection (1): dl.google.com:443
2023-12-25 22:28:38,386 DEBUG    urllib3.connectionpool https://dl.google.com:443 "GET /dl/cloudsdk/channels/rapid/components/google-cloud-sdk-kubectl-darwin-arm-20231215195722.tar.gz HTTP/1.1" 200 89584427
2023-12-25 22:28:41,903 INFO     ___FILE_ONLY___ ═
2023-12-25 22:28:41,907 INFO     ___FILE_ONLY___ ═
2023-12-25 22:28:41,911 INFO     ___FILE_ONLY___ ═
2023-12-25 22:28:41,914 INFO     ___FILE_ONLY___ ═
2023-12-25 22:28:41,917 INFO     ___FILE_ONLY___ ═
2023-12-25 22:28:41,921 INFO     ___FILE_ONLY___ ═
2023-12-25 22:28:41,923 INFO     ___FILE_ONLY___ ═
2023-12-25 22:28:41,926 INFO     ___FILE_ONLY___ ═
2023-12-25 22:28:41,929 INFO     ___FILE_ONLY___ ═
2023-12-25 22:28:41,932 INFO     ___FILE_ONLY___ ═
2023-12-25 22:28:41,934 INFO     ___FILE_ONLY___ ═
2023-12-25 22:28:41,937 INFO     ___FILE_ONLY___ ═
2023-12-25 22:28:41,940 INFO     ___FILE_ONLY___ ═
2023-12-25 22:28:41,942 INFO     ___FILE_ONLY___ ═
2023-12-25 22:28:41,944 INFO     ___FILE_ONLY___ ═
2023-12-25 22:28:41,946 INFO     ___FILE_ONLY___ ═
2023-12-25 22:28:41,948 INFO     ___FILE_ONLY___ ═
2023-12-25 22:28:41,950 INFO     ___FILE_ONLY___ ═
2023-12-25 22:28:41,952 INFO     ___FILE_ONLY___ ═
2023-12-25 22:28:41,954 INFO     ___FILE_ONLY___ ═
2023-12-25 22:28:41,957 INFO     ___FILE_ONLY___ ═
2023-12-25 22:28:42,037 INFO     ___FILE_ONLY___ ═
2023-12-25 22:28:42,040 INFO     ___FILE_ONLY___ ═
2023-12-25 22:28:42,043 INFO     ___FILE_ONLY___ ═
2023-12-25 22:28:42,046 INFO     ___FILE_ONLY___ ═
2023-12-25 22:28:42,049 INFO     ___FILE_ONLY___ ═
2023-12-25 22:28:42,051 INFO     ___FILE_ONLY___ ═
2023-12-25 22:28:42,053 INFO     ___FILE_ONLY___ ═
2023-12-25 22:28:42,055 INFO     ___FILE_ONLY___ ═
2023-12-25 22:28:42,057 INFO     ___FILE_ONLY___ ═
2023-12-25 22:28:43,242 INFO     ___FILE_ONLY___ ═════
2023-12-25 22:28:43,418 INFO     ___FILE_ONLY___ ═════
2023-12-25 22:28:43,589 INFO     ___FILE_ONLY___ ═════
2023-12-25 22:28:43,782 INFO     ___FILE_ONLY___ ════
2023-12-25 22:28:43,990 INFO     ___FILE_ONLY___ ══════
2023-12-25 22:28:44,197 INFO     ___FILE_ONLY___ ═════
2023-12-25 22:28:44,197 INFO     ___FILE_ONLY___ ╝

2023-12-25 22:28:44,209 INFO     ___FILE_ONLY___ ╔════════════════════════════════════════════════════════════╗

2023-12-25 22:28:44,209 INFO     ___FILE_ONLY___ ╠═ Installing: kubectl                                      ═╣

2023-12-25 22:28:44,209 INFO     ___FILE_ONLY___ ╚
2023-12-25 22:28:44,213 DEBUG    urllib3.connectionpool Starting new HTTPS connection (1): dl.google.com:443
2023-12-25 22:28:44,385 DEBUG    urllib3.connectionpool https://dl.google.com:443 "GET /dl/cloudsdk/channels/rapid/components/google-cloud-sdk-kubectl-20231215195722.tar.gz HTTP/1.1" 200 35802
2023-12-25 22:28:44,407 INFO     ___FILE_ONLY___ ═════════════
2023-12-25 22:28:44,407 INFO     ___FILE_ONLY___ ══════════════
2023-12-25 22:28:44,407 INFO     ___FILE_ONLY___ ═══
2023-12-25 22:28:44,412 INFO     ___FILE_ONLY___ ══════════════════════════════
2023-12-25 22:28:44,413 INFO     ___FILE_ONLY___ ╝

2023-12-25 22:28:44,423 INFO     ___FILE_ONLY___ ╔════════════════════════════════════════════════════════════╗

2023-12-25 22:28:44,424 INFO     ___FILE_ONLY___ ╠═ Creating backup and activating new installation          ═╣

2023-12-25 22:28:44,424 INFO     ___FILE_ONLY___ ╚
2023-12-25 22:28:44,424 DEBUG    root            Attempting to move directory [/Users/prathyureddy/Library/Application Support/cloud-code/installer/google-cloud-sdk] to [/Users/prathyureddy/Library/Application Support/cloud-code/installer/google-cloud-sdk.staging/.install/.backup]
2023-12-25 22:28:44,424 INFO     ___FILE_ONLY___ ══════════════════════════════
2023-12-25 22:28:44,424 DEBUG    root            Attempting to move directory [/Users/prathyureddy/Library/Application Support/cloud-code/installer/google-cloud-sdk.staging] to [/Users/prathyureddy/Library/Application Support/cloud-code/installer/google-cloud-sdk]
2023-12-25 22:28:44,424 INFO     ___FILE_ONLY___ ══════════════════════════════
2023-12-25 22:28:44,424 INFO     ___FILE_ONLY___ ╝

2023-12-25 22:28:44,428 DEBUG    root            Updating notification cache...
2023-12-25 22:28:44,430 INFO     ___FILE_ONLY___ 

2023-12-25 22:28:44,433 INFO     ___FILE_ONLY___ Performing post processing steps...
2023-12-25 22:28:44,433 DEBUG    root            Executing command: ['/Library/Developer/CommandLineTools/usr/bin/python3', '-S', '/Users/prathyureddy/Library/Application Support/cloud-code/installer/google-cloud-sdk/lib/gcloud.py', 'components', 'post-process', '--no-compile-python']
2023-12-25 22:28:45,041 DEBUG    ___FILE_ONLY___ 
2023-12-25 22:28:45,041 DEBUG    ___FILE_ONLY___ 
2023-12-25 22:28:45,200 INFO     ___FILE_ONLY___ 
Update done!


2023-12-25 22:28:45,205 DEBUG    root            Chosen display Format:none
2023-12-25 22:28:45,205 INFO     root            Display format: "none"
2023-12-25 22:28:45,229 DEBUG    root            Executing command: ['curl', '--silent', '-O', 'https://dl.google.com/dl/cloudsdk/channels/rapid/python-3.11.6-macos11.tar.gz']
2023-12-25 22:28:46,917 DEBUG    root            Executing command: ['tar', '-xf', 'python-3.11.6-macos11.tar.gz']
2023-12-25 22:28:47,043 DEBUG    root            Executing command: ['sudo', 'installer', '-target', '/', '-pkg', './python-3.11.6-macos11.pkg']
