2023-12-25 22:27:28,928 DEBUG    root            Loaded Command Group: ['gcloud', 'components']
2023-12-25 22:27:28,931 DEBUG    root            Loaded Command Group: ['gcloud', 'components', 'update']
2023-12-25 22:27:28,932 DEBUG    root            Running [gcloud.components.update] with arguments: [--no-compile-python: "False", --quiet: "True"]
2023-12-25 22:27:28,937 INFO     ___FILE_ONLY___ Beginning update. This process may take several minutes.

2023-12-25 22:27:28,948 DEBUG    urllib3.connectionpool Starting new HTTPS connection (1): dl.google.com:443
2023-12-25 22:27:29,146 DEBUG    urllib3.connectionpool https://dl.google.com:443 "GET /dl/cloudsdk/channels/rapid/components-2.json HTTP/1.1" 200 214443
2023-12-25 22:27:29,245 INFO     ___FILE_ONLY___ 

2023-12-25 22:27:29,246 INFO     ___FILE_ONLY___ 
Your current Google Cloud CLI version is: 437.0.1

2023-12-25 22:27:29,246 INFO     ___FILE_ONLY___ You will be upgraded to version: 458.0.1

2023-12-25 22:27:29,246 INFO     ___FILE_ONLY___ 

2023-12-25 22:27:29,246 DEBUG    root            Chosen display Format:table[box,title="These components will be removed."](details.display_name:label=Name:align=left,version.version_string:label=Version:align=right,data.size.size(zero="",min=1048576):label=Size:align=right)
2023-12-25 22:27:29,246 DEBUG    root            Chosen display Format:table[box,title="These components will be updated."](details.display_name:label=Name:align=left,version.version_string:label=Version:align=right,data.size.size(zero="",min=1048576):label=Size:align=right)
2023-12-25 22:27:29,250 INFO     ___FILE_ONLY___ ┌─────────────────────────────────────────────────────────────────────────────┐
2023-12-25 22:27:29,250 INFO     ___FILE_ONLY___ 

2023-12-25 22:27:29,250 INFO     ___FILE_ONLY___ │                      These components will be updated.                      │
2023-12-25 22:27:29,250 INFO     ___FILE_ONLY___ 

2023-12-25 22:27:29,250 INFO     ___FILE_ONLY___ ├─────────────────────────────────────────────────────┬────────────┬──────────┤
2023-12-25 22:27:29,250 INFO     ___FILE_ONLY___ 

2023-12-25 22:27:29,250 INFO     ___FILE_ONLY___ │                         Name                        │  Version   │   Size   │
2023-12-25 22:27:29,250 INFO     ___FILE_ONLY___ 

2023-12-25 22:27:29,250 INFO     ___FILE_ONLY___ ├─────────────────────────────────────────────────────┼────────────┼──────────┤
2023-12-25 22:27:29,250 INFO     ___FILE_ONLY___ 

2023-12-25 22:27:29,250 INFO     ___FILE_ONLY___ │ 
2023-12-25 22:27:29,251 INFO     ___FILE_ONLY___ BigQuery Command Line Tool                         
2023-12-25 22:27:29,251 INFO     ___FILE_ONLY___  
2023-12-25 22:27:29,251 INFO     ___FILE_ONLY___ │ 
2023-12-25 22:27:29,251 INFO     ___FILE_ONLY___    2.0.101
2023-12-25 22:27:29,251 INFO     ___FILE_ONLY___  
2023-12-25 22:27:29,251 INFO     ___FILE_ONLY___ │ 
2023-12-25 22:27:29,251 INFO     ___FILE_ONLY___  1.6 MiB
2023-12-25 22:27:29,251 INFO     ___FILE_ONLY___  
2023-12-25 22:27:29,251 INFO     ___FILE_ONLY___ │
2023-12-25 22:27:29,251 INFO     ___FILE_ONLY___ 

2023-12-25 22:27:29,251 INFO     ___FILE_ONLY___ │ 
2023-12-25 22:27:29,251 INFO     ___FILE_ONLY___ BigQuery Command Line Tool (Platform Specific)     
2023-12-25 22:27:29,251 INFO     ___FILE_ONLY___  
2023-12-25 22:27:29,251 INFO     ___FILE_ONLY___ │ 
2023-12-25 22:27:29,251 INFO     ___FILE_ONLY___    2.0.101
2023-12-25 22:27:29,251 INFO     ___FILE_ONLY___  
2023-12-25 22:27:29,251 INFO     ___FILE_ONLY___ │ 
2023-12-25 22:27:29,251 INFO     ___FILE_ONLY___  < 1 MiB
2023-12-25 22:27:29,251 INFO     ___FILE_ONLY___  
2023-12-25 22:27:29,251 INFO     ___FILE_ONLY___ │
2023-12-25 22:27:29,251 INFO     ___FILE_ONLY___ 

2023-12-25 22:27:29,251 INFO     ___FILE_ONLY___ │ 
2023-12-25 22:27:29,251 INFO     ___FILE_ONLY___ Cloud Storage Command Line Tool                    
2023-12-25 22:27:29,251 INFO     ___FILE_ONLY___  
2023-12-25 22:27:29,251 INFO     ___FILE_ONLY___ │ 
2023-12-25 22:27:29,251 INFO     ___FILE_ONLY___       5.27
2023-12-25 22:27:29,251 INFO     ___FILE_ONLY___  
2023-12-25 22:27:29,251 INFO     ___FILE_ONLY___ │ 
2023-12-25 22:27:29,251 INFO     ___FILE_ONLY___ 11.3 MiB
2023-12-25 22:27:29,251 INFO     ___FILE_ONLY___  
2023-12-25 22:27:29,251 INFO     ___FILE_ONLY___ │
2023-12-25 22:27:29,251 INFO     ___FILE_ONLY___ 

2023-12-25 22:27:29,251 INFO     ___FILE_ONLY___ │ 
2023-12-25 22:27:29,251 INFO     ___FILE_ONLY___ Cloud Storage Command Line Tool (Platform Specific)
2023-12-25 22:27:29,251 INFO     ___FILE_ONLY___  
2023-12-25 22:27:29,251 INFO     ___FILE_ONLY___ │ 
2023-12-25 22:27:29,251 INFO     ___FILE_ONLY___       5.27
2023-12-25 22:27:29,251 INFO     ___FILE_ONLY___  
2023-12-25 22:27:29,251 INFO     ___FILE_ONLY___ │ 
2023-12-25 22:27:29,251 INFO     ___FILE_ONLY___  < 1 MiB
2023-12-25 22:27:29,252 INFO     ___FILE_ONLY___  
2023-12-25 22:27:29,252 INFO     ___FILE_ONLY___ │
2023-12-25 22:27:29,252 INFO     ___FILE_ONLY___ 

2023-12-25 22:27:29,252 INFO     ___FILE_ONLY___ │ 
2023-12-25 22:27:29,252 INFO     ___FILE_ONLY___ Google Cloud CLI Core Libraries                    
2023-12-25 22:27:29,252 INFO     ___FILE_ONLY___  
2023-12-25 22:27:29,252 INFO     ___FILE_ONLY___ │ 
2023-12-25 22:27:29,252 INFO     ___FILE_ONLY___ 2023.12.20
2023-12-25 22:27:29,252 INFO     ___FILE_ONLY___  
2023-12-25 22:27:29,252 INFO     ___FILE_ONLY___ │ 
2023-12-25 22:27:29,252 INFO     ___FILE_ONLY___ 22.2 MiB
2023-12-25 22:27:29,252 INFO     ___FILE_ONLY___  
2023-12-25 22:27:29,252 INFO     ___FILE_ONLY___ │
2023-12-25 22:27:29,252 INFO     ___FILE_ONLY___ 

2023-12-25 22:27:29,252 INFO     ___FILE_ONLY___ │ 
2023-12-25 22:27:29,252 INFO     ___FILE_ONLY___ Google Cloud CLI Core Libraries (Platform Specific)
2023-12-25 22:27:29,252 INFO     ___FILE_ONLY___  
2023-12-25 22:27:29,252 INFO     ___FILE_ONLY___ │ 
2023-12-25 22:27:29,252 INFO     ___FILE_ONLY___ 2023.12.20
2023-12-25 22:27:29,252 INFO     ___FILE_ONLY___  
2023-12-25 22:27:29,252 INFO     ___FILE_ONLY___ │ 
2023-12-25 22:27:29,252 INFO     ___FILE_ONLY___  < 1 MiB
2023-12-25 22:27:29,252 INFO     ___FILE_ONLY___  
2023-12-25 22:27:29,252 INFO     ___FILE_ONLY___ │
2023-12-25 22:27:29,252 INFO     ___FILE_ONLY___ 

2023-12-25 22:27:29,252 INFO     ___FILE_ONLY___ │ 
2023-12-25 22:27:29,252 INFO     ___FILE_ONLY___ Google Cloud CRC32C Hash Tool                      
2023-12-25 22:27:29,252 INFO     ___FILE_ONLY___  
2023-12-25 22:27:29,252 INFO     ___FILE_ONLY___ │ 
2023-12-25 22:27:29,252 INFO     ___FILE_ONLY___      1.0.0
2023-12-25 22:27:29,252 INFO     ___FILE_ONLY___  
2023-12-25 22:27:29,252 INFO     ___FILE_ONLY___ │ 
2023-12-25 22:27:29,252 INFO     ___FILE_ONLY___  1.2 MiB
2023-12-25 22:27:29,252 INFO     ___FILE_ONLY___  
2023-12-25 22:27:29,252 INFO     ___FILE_ONLY___ │
2023-12-25 22:27:29,252 INFO     ___FILE_ONLY___ 

2023-12-25 22:27:29,252 INFO     ___FILE_ONLY___ │ 
2023-12-25 22:27:29,252 INFO     ___FILE_ONLY___ Minikube                                           
2023-12-25 22:27:29,252 INFO     ___FILE_ONLY___  
2023-12-25 22:27:29,252 INFO     ___FILE_ONLY___ │ 
2023-12-25 22:27:29,252 INFO     ___FILE_ONLY___     1.32.0
2023-12-25 22:27:29,253 INFO     ___FILE_ONLY___  
2023-12-25 22:27:29,253 INFO     ___FILE_ONLY___ │ 
2023-12-25 22:27:29,253 INFO     ___FILE_ONLY___ 33.6 MiB
2023-12-25 22:27:29,253 INFO     ___FILE_ONLY___  
2023-12-25 22:27:29,253 INFO     ___FILE_ONLY___ │
2023-12-25 22:27:29,253 INFO     ___FILE_ONLY___ 

2023-12-25 22:27:29,253 INFO     ___FILE_ONLY___ │ 
2023-12-25 22:27:29,253 INFO     ___FILE_ONLY___ Skaffold                                           
2023-12-25 22:27:29,253 INFO     ___FILE_ONLY___  
2023-12-25 22:27:29,253 INFO     ___FILE_ONLY___ │ 
2023-12-25 22:27:29,253 INFO     ___FILE_ONLY___      2.9.0
2023-12-25 22:27:29,253 INFO     ___FILE_ONLY___  
2023-12-25 22:27:29,253 INFO     ___FILE_ONLY___ │ 
2023-12-25 22:27:29,253 INFO     ___FILE_ONLY___ 23.3 MiB
2023-12-25 22:27:29,253 INFO     ___FILE_ONLY___  
2023-12-25 22:27:29,253 INFO     ___FILE_ONLY___ │
2023-12-25 22:27:29,253 INFO     ___FILE_ONLY___ 

2023-12-25 22:27:29,253 INFO     ___FILE_ONLY___ │ 
2023-12-25 22:27:29,253 INFO     ___FILE_ONLY___ anthoscli                                          
2023-12-25 22:27:29,253 INFO     ___FILE_ONLY___  
2023-12-25 22:27:29,253 INFO     ___FILE_ONLY___ │ 
2023-12-25 22:27:29,253 INFO     ___FILE_ONLY___     0.2.46
2023-12-25 22:27:29,254 INFO     ___FILE_ONLY___  
2023-12-25 22:27:29,254 INFO     ___FILE_ONLY___ │ 
2023-12-25 22:27:29,254 INFO     ___FILE_ONLY___ 67.0 MiB
2023-12-25 22:27:29,254 INFO     ___FILE_ONLY___  
2023-12-25 22:27:29,254 INFO     ___FILE_ONLY___ │
2023-12-25 22:27:29,254 INFO     ___FILE_ONLY___ 

2023-12-25 22:27:29,254 INFO     ___FILE_ONLY___ │ 
2023-12-25 22:27:29,254 INFO     ___FILE_ONLY___ gcloud Alpha Commands                              
2023-12-25 22:27:29,254 INFO     ___FILE_ONLY___  
2023-12-25 22:27:29,254 INFO     ___FILE_ONLY___ │ 
2023-12-25 22:27:29,254 INFO     ___FILE_ONLY___ 2023.12.20
2023-12-25 22:27:29,254 INFO     ___FILE_ONLY___  
2023-12-25 22:27:29,254 INFO     ___FILE_ONLY___ │ 
2023-12-25 22:27:29,254 INFO     ___FILE_ONLY___  < 1 MiB
2023-12-25 22:27:29,254 INFO     ___FILE_ONLY___  
2023-12-25 22:27:29,254 INFO     ___FILE_ONLY___ │
2023-12-25 22:27:29,254 INFO     ___FILE_ONLY___ 

2023-12-25 22:27:29,254 INFO     ___FILE_ONLY___ │ 
2023-12-25 22:27:29,254 INFO     ___FILE_ONLY___ gcloud Beta Commands                               
2023-12-25 22:27:29,254 INFO     ___FILE_ONLY___  
2023-12-25 22:27:29,254 INFO     ___FILE_ONLY___ │ 
2023-12-25 22:27:29,254 INFO     ___FILE_ONLY___ 2023.12.20
2023-12-25 22:27:29,254 INFO     ___FILE_ONLY___  
2023-12-25 22:27:29,254 INFO     ___FILE_ONLY___ │ 
2023-12-25 22:27:29,254 INFO     ___FILE_ONLY___  < 1 MiB
2023-12-25 22:27:29,254 INFO     ___FILE_ONLY___  
2023-12-25 22:27:29,254 INFO     ___FILE_ONLY___ │
2023-12-25 22:27:29,254 INFO     ___FILE_ONLY___ 

2023-12-25 22:27:29,254 INFO     ___FILE_ONLY___ │ 
2023-12-25 22:27:29,254 INFO     ___FILE_ONLY___ gcloud cli dependencies                            
2023-12-25 22:27:29,254 INFO     ___FILE_ONLY___  
2023-12-25 22:27:29,254 INFO     ___FILE_ONLY___ │ 
2023-12-25 22:27:29,254 INFO     ___FILE_ONLY___ 2023.12.08
2023-12-25 22:27:29,254 INFO     ___FILE_ONLY___  
2023-12-25 22:27:29,254 INFO     ___FILE_ONLY___ │ 
2023-12-25 22:27:29,254 INFO     ___FILE_ONLY___ 11.8 MiB
2023-12-25 22:27:29,254 INFO     ___FILE_ONLY___  
2023-12-25 22:27:29,254 INFO     ___FILE_ONLY___ │
2023-12-25 22:27:29,254 INFO     ___FILE_ONLY___ 

2023-12-25 22:27:29,254 INFO     ___FILE_ONLY___ │ 
2023-12-25 22:27:29,255 INFO     ___FILE_ONLY___ gke-gcloud-auth-plugin                             
2023-12-25 22:27:29,255 INFO     ___FILE_ONLY___  
2023-12-25 22:27:29,255 INFO     ___FILE_ONLY___ │ 
2023-12-25 22:27:29,255 INFO     ___FILE_ONLY___      0.5.7
2023-12-25 22:27:29,255 INFO     ___FILE_ONLY___  
2023-12-25 22:27:29,255 INFO     ___FILE_ONLY___ │ 
2023-12-25 22:27:29,255 INFO     ___FILE_ONLY___  7.4 MiB
2023-12-25 22:27:29,255 INFO     ___FILE_ONLY___  
2023-12-25 22:27:29,255 INFO     ___FILE_ONLY___ │
2023-12-25 22:27:29,255 INFO     ___FILE_ONLY___ 

2023-12-25 22:27:29,255 INFO     ___FILE_ONLY___ │ 
2023-12-25 22:27:29,255 INFO     ___FILE_ONLY___ kubectl                                            
2023-12-25 22:27:29,255 INFO     ___FILE_ONLY___  
2023-12-25 22:27:29,255 INFO     ___FILE_ONLY___ │ 
2023-12-25 22:27:29,255 INFO     ___FILE_ONLY___     1.27.8
2023-12-25 22:27:29,255 INFO     ___FILE_ONLY___  
2023-12-25 22:27:29,255 INFO     ___FILE_ONLY___ │ 
2023-12-25 22:27:29,255 INFO     ___FILE_ONLY___ 85.4 MiB
2023-12-25 22:27:29,255 INFO     ___FILE_ONLY___  
2023-12-25 22:27:29,255 INFO     ___FILE_ONLY___ │
2023-12-25 22:27:29,255 INFO     ___FILE_ONLY___ 

2023-12-25 22:27:29,255 INFO     ___FILE_ONLY___ │ 
2023-12-25 22:27:29,255 INFO     ___FILE_ONLY___ kubectl                                            
2023-12-25 22:27:29,255 INFO     ___FILE_ONLY___  
2023-12-25 22:27:29,255 INFO     ___FILE_ONLY___ │ 
2023-12-25 22:27:29,255 INFO     ___FILE_ONLY___     1.27.8
2023-12-25 22:27:29,255 INFO     ___FILE_ONLY___  
2023-12-25 22:27:29,255 INFO     ___FILE_ONLY___ │ 
2023-12-25 22:27:29,255 INFO     ___FILE_ONLY___  < 1 MiB
2023-12-25 22:27:29,255 INFO     ___FILE_ONLY___  
2023-12-25 22:27:29,255 INFO     ___FILE_ONLY___ │
2023-12-25 22:27:29,255 INFO     ___FILE_ONLY___ 

2023-12-25 22:27:29,255 INFO     ___FILE_ONLY___ └─────────────────────────────────────────────────────┴────────────┴──────────┘
2023-12-25 22:27:29,255 INFO     ___FILE_ONLY___ 

2023-12-25 22:27:29,255 DEBUG    root            Chosen display Format:table[box,title="These components will be installed."](details.display_name:label=Name:align=left,version.version_string:label=Version:align=right,data.size.size(zero="",min=1048576):label=Size:align=right)
2023-12-25 22:27:29,256 INFO     ___FILE_ONLY___ 

2023-12-25 22:27:29,258 DEBUG    urllib3.connectionpool Starting new HTTPS connection (1): dl.google.com:443
2023-12-25 22:27:29,705 DEBUG    urllib3.connectionpool https://dl.google.com:443 "GET /dl/cloudsdk/channels/rapid/RELEASE_NOTES HTTP/1.1" 200 1129488
2023-12-25 22:27:29,862 INFO     ___FILE_ONLY___ A lot has changed since your last upgrade.  For the latest full release notes,
please visit:
  https://cloud.google.com/sdk/release_notes


2023-12-25 22:27:29,866 INFO     ___FILE_ONLY___ ╔════════════════════════════════════════════════════════════╗

2023-12-25 22:27:29,866 INFO     ___FILE_ONLY___ ╠═ Creating update staging area                             ═╣

2023-12-25 22:27:29,867 INFO     ___FILE_ONLY___ ╚
2023-12-25 22:27:29,867 INFO     ___FILE_ONLY___ ══════
2023-12-25 22:27:31,831 INFO     ___FILE_ONLY___ ══════
2023-12-25 22:27:31,831 INFO     ___FILE_ONLY___ ══════
2023-12-25 22:27:33,574 INFO     ___FILE_ONLY___ ═
2023-12-25 22:27:33,746 INFO     ___FILE_ONLY___ ═
2023-12-25 22:27:34,134 INFO     ___FILE_ONLY___ ═
2023-12-25 22:27:34,397 INFO     ___FILE_ONLY___ ═
2023-12-25 22:27:34,561 INFO     ___FILE_ONLY___ ═
2023-12-25 22:27:34,806 INFO     ___FILE_ONLY___ ═
2023-12-25 22:27:35,182 INFO     ___FILE_ONLY___ ═
2023-12-25 22:27:35,459 INFO     ___FILE_ONLY___ ═
2023-12-25 22:27:35,647 INFO     ___FILE_ONLY___ ═
2023-12-25 22:27:35,795 INFO     ___FILE_ONLY___ ═
2023-12-25 22:27:35,905 INFO     ___FILE_ONLY___ ═
2023-12-25 22:27:36,041 INFO     ___FILE_ONLY___ ═
2023-12-25 22:27:36,201 INFO     ___FILE_ONLY___ ═
2023-12-25 22:27:36,355 INFO     ___FILE_ONLY___ ═
2023-12-25 22:27:36,604 INFO     ___FILE_ONLY___ ═
2023-12-25 22:27:36,742 INFO     ___FILE_ONLY___ ═
2023-12-25 22:27:36,868 INFO     ___FILE_ONLY___ ═
2023-12-25 22:27:36,989 INFO     ___FILE_ONLY___ ═
2023-12-25 22:27:37,134 INFO     ___FILE_ONLY___ ═
2023-12-25 22:27:37,258 INFO     ___FILE_ONLY___ ═
2023-12-25 22:27:37,420 INFO     ___FILE_ONLY___ ═
2023-12-25 22:27:37,630 INFO     ___FILE_ONLY___ ═
2023-12-25 22:27:37,754 INFO     ___FILE_ONLY___ ═
2023-12-25 22:27:37,909 INFO     ___FILE_ONLY___ ═
2023-12-25 22:27:38,015 INFO     ___FILE_ONLY___ ═
2023-12-25 22:27:38,146 INFO     ___FILE_ONLY___ ═
2023-12-25 22:27:38,252 INFO     ___FILE_ONLY___ ═
2023-12-25 22:27:38,398 INFO     ___FILE_ONLY___ ═
2023-12-25 22:27:38,525 INFO     ___FILE_ONLY___ ═
2023-12-25 22:27:38,637 INFO     ___FILE_ONLY___ ═
2023-12-25 22:27:38,746 INFO     ___FILE_ONLY___ ═
2023-12-25 22:27:38,851 INFO     ___FILE_ONLY___ ═
2023-12-25 22:27:38,964 INFO     ___FILE_ONLY___ ═
2023-12-25 22:27:39,217 INFO     ___FILE_ONLY___ ═
2023-12-25 22:27:39,352 INFO     ___FILE_ONLY___ ═
2023-12-25 22:27:39,556 INFO     ___FILE_ONLY___ ═
2023-12-25 22:27:39,626 INFO     ___FILE_ONLY___ ═
2023-12-25 22:27:39,743 INFO     ___FILE_ONLY___ ═
2023-12-25 22:27:39,796 INFO     ___FILE_ONLY___ ═
2023-12-25 22:27:39,898 INFO     ___FILE_ONLY___ ═
2023-12-25 22:27:40,048 INFO     ___FILE_ONLY___ ═
2023-12-25 22:27:40,743 INFO     ___FILE_ONLY___ ═
2023-12-25 22:27:40,744 INFO     ___FILE_ONLY___ ╝

2023-12-25 22:27:40,756 INFO     ___FILE_ONLY___ ╔════════════════════════════════════════════════════════════╗

2023-12-25 22:27:40,756 INFO     ___FILE_ONLY___ ╠═ Uninstalling: BigQuery Command Line Tool                 ═╣

2023-12-25 22:27:40,756 INFO     ___FILE_ONLY___ ╚
2023-12-25 22:27:40,760 INFO     ___FILE_ONLY___ ═
2023-12-25 22:27:40,761 INFO     ___FILE_ONLY___ ═
2023-12-25 22:27:40,761 INFO     ___FILE_ONLY___ ═
2023-12-25 22:27:40,762 INFO     ___FILE_ONLY___ ═
2023-12-25 22:27:40,762 INFO     ___FILE_ONLY___ ═
2023-12-25 22:27:40,763 INFO     ___FILE_ONLY___ ═
2023-12-25 22:27:40,763 INFO     ___FILE_ONLY___ ═
2023-12-25 22:27:40,764 INFO     ___FILE_ONLY___ ═
2023-12-25 22:27:40,766 INFO     ___FILE_ONLY___ ═
2023-12-25 22:27:40,767 INFO     ___FILE_ONLY___ ═
2023-12-25 22:27:40,767 INFO     ___FILE_ONLY___ ═
2023-12-25 22:27:40,768 INFO     ___FILE_ONLY___ ═
2023-12-25 22:27:40,769 INFO     ___FILE_ONLY___ ═
2023-12-25 22:27:40,771 INFO     ___FILE_ONLY___ ═
2023-12-25 22:27:40,772 INFO     ___FILE_ONLY___ ═
2023-12-25 22:27:40,772 INFO     ___FILE_ONLY___ ═
2023-12-25 22:27:40,774 INFO     ___FILE_ONLY___ ═
2023-12-25 22:27:40,775 INFO     ___FILE_ONLY___ ═
2023-12-25 22:27:40,775 INFO     ___FILE_ONLY___ ═
2023-12-25 22:27:40,776 INFO     ___FILE_ONLY___ ═
2023-12-25 22:27:40,777 INFO     ___FILE_ONLY___ ═
2023-12-25 22:27:40,777 INFO     ___FILE_ONLY___ ═
2023-12-25 22:27:40,778 INFO     ___FILE_ONLY___ ═
2023-12-25 22:27:40,779 INFO     ___FILE_ONLY___ ═
2023-12-25 22:27:40,780 INFO     ___FILE_ONLY___ ═
2023-12-25 22:27:40,781 INFO     ___FILE_ONLY___ ═
2023-12-25 22:27:40,783 INFO     ___FILE_ONLY___ ═
2023-12-25 22:27:40,783 INFO     ___FILE_ONLY___ ═
2023-12-25 22:27:40,784 INFO     ___FILE_ONLY___ ═
2023-12-25 22:27:40,785 INFO     ___FILE_ONLY___ ═
2023-12-25 22:27:40,786 INFO     ___FILE_ONLY___ ═
2023-12-25 22:27:40,787 INFO     ___FILE_ONLY___ ═
2023-12-25 22:27:40,787 INFO     ___FILE_ONLY___ ═
2023-12-25 22:27:40,788 INFO     ___FILE_ONLY___ ═
2023-12-25 22:27:40,789 INFO     ___FILE_ONLY___ ═
2023-12-25 22:27:40,789 INFO     ___FILE_ONLY___ ═
2023-12-25 22:27:40,790 INFO     ___FILE_ONLY___ ═
2023-12-25 22:27:40,790 INFO     ___FILE_ONLY___ ═
2023-12-25 22:27:40,791 INFO     ___FILE_ONLY___ ═
2023-12-25 22:27:40,791 INFO     ___FILE_ONLY___ ═
2023-12-25 22:27:40,792 INFO     ___FILE_ONLY___ ═
2023-12-25 22:27:40,792 INFO     ___FILE_ONLY___ ═
2023-12-25 22:27:40,793 INFO     ___FILE_ONLY___ ═
2023-12-25 22:27:40,793 INFO     ___FILE_ONLY___ ═
2023-12-25 22:27:40,794 INFO     ___FILE_ONLY___ ═
2023-12-25 22:27:40,795 INFO     ___FILE_ONLY___ ═
2023-12-25 22:27:40,795 INFO     ___FILE_ONLY___ ═
2023-12-25 22:27:40,796 INFO     ___FILE_ONLY___ ═
2023-12-25 22:27:40,797 INFO     ___FILE_ONLY___ ═
2023-12-25 22:27:40,798 INFO     ___FILE_ONLY___ ═
2023-12-25 22:27:40,799 INFO     ___FILE_ONLY___ ═
2023-12-25 22:27:40,800 INFO     ___FILE_ONLY___ ═
2023-12-25 22:27:40,801 INFO     ___FILE_ONLY___ ═
2023-12-25 22:27:40,802 INFO     ___FILE_ONLY___ ═
2023-12-25 22:27:40,803 INFO     ___FILE_ONLY___ ═
2023-12-25 22:27:40,804 INFO     ___FILE_ONLY___ ═
2023-12-25 22:27:40,804 INFO     ___FILE_ONLY___ ═
2023-12-25 22:27:40,805 INFO     ___FILE_ONLY___ ═
2023-12-25 22:27:40,806 INFO     ___FILE_ONLY___ ═
2023-12-25 22:27:40,807 INFO     ___FILE_ONLY___ ═
2023-12-25 22:27:40,807 INFO     ___FILE_ONLY___ ╝

2023-12-25 22:27:40,821 INFO     ___FILE_ONLY___ ╔════════════════════════════════════════════════════════════╗

2023-12-25 22:27:40,821 INFO     ___FILE_ONLY___ ╠═ Uninstalling: BigQuery Command Line Tool (Platform Sp... ═╣

2023-12-25 22:27:40,821 INFO     ___FILE_ONLY___ ╚
2023-12-25 22:27:40,822 INFO     ___FILE_ONLY___ ════════════════════════════════════════════════════════════
2023-12-25 22:27:40,822 INFO     ___FILE_ONLY___ ╝

2023-12-25 22:27:40,825 INFO     ___FILE_ONLY___ ╔════════════════════════════════════════════════════════════╗

2023-12-25 22:27:40,825 INFO     ___FILE_ONLY___ ╠═ Uninstalling: Cloud Storage Command Line Tool            ═╣

2023-12-25 22:27:40,825 INFO     ___FILE_ONLY___ ╚
2023-12-25 22:27:40,831 INFO     ___FILE_ONLY___ ═
2023-12-25 22:27:40,837 INFO     ___FILE_ONLY___ ═
2023-12-25 22:27:40,843 INFO     ___FILE_ONLY___ ═
2023-12-25 22:27:40,849 INFO     ___FILE_ONLY___ ═
2023-12-25 22:27:40,854 INFO     ___FILE_ONLY___ ═
2023-12-25 22:27:40,859 INFO     ___FILE_ONLY___ ═
2023-12-25 22:27:40,864 INFO     ___FILE_ONLY___ ═
2023-12-25 22:27:40,870 INFO     ___FILE_ONLY___ ═
2023-12-25 22:27:40,875 INFO     ___FILE_ONLY___ ═
2023-12-25 22:27:40,879 INFO     ___FILE_ONLY___ ═
2023-12-25 22:27:40,884 INFO     ___FILE_ONLY___ ═
2023-12-25 22:27:40,889 INFO     ___FILE_ONLY___ ═
2023-12-25 22:27:40,895 INFO     ___FILE_ONLY___ ═
2023-12-25 22:27:40,901 INFO     ___FILE_ONLY___ ═
2023-12-25 22:27:40,907 INFO     ___FILE_ONLY___ ═
2023-12-25 22:27:40,914 INFO     ___FILE_ONLY___ ═
2023-12-25 22:27:40,919 INFO     ___FILE_ONLY___ ═
2023-12-25 22:27:40,924 INFO     ___FILE_ONLY___ ═
2023-12-25 22:27:40,931 INFO     ___FILE_ONLY___ ═
2023-12-25 22:27:40,937 INFO     ___FILE_ONLY___ ═
2023-12-25 22:27:40,944 INFO     ___FILE_ONLY___ ═
2023-12-25 22:27:40,950 INFO     ___FILE_ONLY___ ═
2023-12-25 22:27:40,955 INFO     ___FILE_ONLY___ ═
2023-12-25 22:27:40,962 INFO     ___FILE_ONLY___ ═
2023-12-25 22:27:40,975 INFO     ___FILE_ONLY___ ═
2023-12-25 22:27:40,979 INFO     ___FILE_ONLY___ ═
2023-12-25 22:27:40,984 INFO     ___FILE_ONLY___ ═
2023-12-25 22:27:40,993 INFO     ___FILE_ONLY___ ═
2023-12-25 22:27:41,000 INFO     ___FILE_ONLY___ ═
2023-12-25 22:27:41,004 INFO     ___FILE_ONLY___ ═
2023-12-25 22:27:41,080 INFO     ___FILE_ONLY___ ═
2023-12-25 22:27:41,108 INFO     ___FILE_ONLY___ ═
2023-12-25 22:27:41,113 INFO     ___FILE_ONLY___ ═
2023-12-25 22:27:41,121 INFO     ___FILE_ONLY___ ═
2023-12-25 22:27:41,132 INFO     ___FILE_ONLY___ ═
2023-12-25 22:27:41,139 INFO     ___FILE_ONLY___ ═
2023-12-25 22:27:41,144 INFO     ___FILE_ONLY___ ═
2023-12-25 22:27:41,149 INFO     ___FILE_ONLY___ ═
2023-12-25 22:27:41,155 INFO     ___FILE_ONLY___ ═
2023-12-25 22:27:41,158 INFO     ___FILE_ONLY___ ═
2023-12-25 22:27:41,162 INFO     ___FILE_ONLY___ ═
2023-12-25 22:27:41,167 INFO     ___FILE_ONLY___ ═
2023-12-25 22:27:41,173 INFO     ___FILE_ONLY___ ═
2023-12-25 22:27:41,179 INFO     ___FILE_ONLY___ ═
2023-12-25 22:27:41,183 INFO     ___FILE_ONLY___ ═
2023-12-25 22:27:41,189 INFO     ___FILE_ONLY___ ═
2023-12-25 22:27:41,195 INFO     ___FILE_ONLY___ ═
2023-12-25 22:27:41,201 INFO     ___FILE_ONLY___ ═
2023-12-25 22:27:41,207 INFO     ___FILE_ONLY___ ═
2023-12-25 22:27:41,212 INFO     ___FILE_ONLY___ ═
2023-12-25 22:27:41,219 INFO     ___FILE_ONLY___ ═
2023-12-25 22:27:41,226 INFO     ___FILE_ONLY___ ═
2023-12-25 22:27:41,231 INFO     ___FILE_ONLY___ ═
2023-12-25 22:27:41,235 INFO     ___FILE_ONLY___ ═
2023-12-25 22:27:41,240 INFO     ___FILE_ONLY___ ═
2023-12-25 22:27:41,245 INFO     ___FILE_ONLY___ ═
2023-12-25 22:27:41,251 INFO     ___FILE_ONLY___ ═
2023-12-25 22:27:41,255 INFO     ___FILE_ONLY___ ═
2023-12-25 22:27:41,261 INFO     ___FILE_ONLY___ ═
2023-12-25 22:27:41,266 INFO     ___FILE_ONLY___ ═
2023-12-25 22:27:41,266 INFO     ___FILE_ONLY___ ╝

2023-12-25 22:27:41,429 INFO     ___FILE_ONLY___ ╔════════════════════════════════════════════════════════════╗

2023-12-25 22:27:41,429 INFO     ___FILE_ONLY___ ╠═ Uninstalling: Cloud Storage Command Line Tool (Platfo... ═╣

2023-12-25 22:27:41,429 INFO     ___FILE_ONLY___ ╚
2023-12-25 22:27:41,430 INFO     ___FILE_ONLY___ ════════════════════════════════════════════════════════════
2023-12-25 22:27:41,430 INFO     ___FILE_ONLY___ ╝

2023-12-25 22:27:41,434 INFO     ___FILE_ONLY___ ╔════════════════════════════════════════════════════════════╗

2023-12-25 22:27:41,434 INFO     ___FILE_ONLY___ ╠═ Uninstalling: Google Cloud CLI Core Libraries            ═╣

2023-12-25 22:27:41,435 INFO     ___FILE_ONLY___ ╚
2023-12-25 22:27:41,463 INFO     ___FILE_ONLY___ ═
2023-12-25 22:27:41,483 INFO     ___FILE_ONLY___ ═
2023-12-25 22:27:41,505 INFO     ___FILE_ONLY___ ═
2023-12-25 22:27:41,526 INFO     ___FILE_ONLY___ ═
2023-12-25 22:27:41,545 INFO     ___FILE_ONLY___ ═
2023-12-25 22:27:41,564 INFO     ___FILE_ONLY___ ═
2023-12-25 22:27:41,583 INFO     ___FILE_ONLY___ ═
2023-12-25 22:27:41,604 INFO     ___FILE_ONLY___ ═
2023-12-25 22:27:41,622 INFO     ___FILE_ONLY___ ═
2023-12-25 22:27:41,641 INFO     ___FILE_ONLY___ ═
2023-12-25 22:27:41,662 INFO     ___FILE_ONLY___ ═
2023-12-25 22:27:41,681 INFO     ___FILE_ONLY___ ═
2023-12-25 22:27:41,700 INFO     ___FILE_ONLY___ ═
2023-12-25 22:27:41,719 INFO     ___FILE_ONLY___ ═
2023-12-25 22:27:41,739 INFO     ___FILE_ONLY___ ═
2023-12-25 22:27:41,760 INFO     ___FILE_ONLY___ ═
2023-12-25 22:27:41,782 INFO     ___FILE_ONLY___ ═
2023-12-25 22:27:41,806 INFO     ___FILE_ONLY___ ═
2023-12-25 22:27:41,846 INFO     ___FILE_ONLY___ ═
2023-12-25 22:27:41,868 INFO     ___FILE_ONLY___ ═
2023-12-25 22:27:41,888 INFO     ___FILE_ONLY___ ═
2023-12-25 22:27:41,910 INFO     ___FILE_ONLY___ ═
2023-12-25 22:27:41,932 INFO     ___FILE_ONLY___ ═
2023-12-25 22:27:41,953 INFO     ___FILE_ONLY___ ═
2023-12-25 22:27:41,969 INFO     ___FILE_ONLY___ ═
2023-12-25 22:27:41,987 INFO     ___FILE_ONLY___ ═
2023-12-25 22:27:42,005 INFO     ___FILE_ONLY___ ═
2023-12-25 22:27:42,026 INFO     ___FILE_ONLY___ ═
2023-12-25 22:27:42,047 INFO     ___FILE_ONLY___ ═
2023-12-25 22:27:42,072 INFO     ___FILE_ONLY___ ═
2023-12-25 22:27:42,093 INFO     ___FILE_ONLY___ ═
2023-12-25 22:27:42,111 INFO     ___FILE_ONLY___ ═
2023-12-25 22:27:42,128 INFO     ___FILE_ONLY___ ═
2023-12-25 22:27:42,147 INFO     ___FILE_ONLY___ ═
2023-12-25 22:27:42,169 INFO     ___FILE_ONLY___ ═
2023-12-25 22:27:42,190 INFO     ___FILE_ONLY___ ═
2023-12-25 22:27:42,210 INFO     ___FILE_ONLY___ ═
2023-12-25 22:27:42,233 INFO     ___FILE_ONLY___ ═
2023-12-25 22:27:42,251 INFO     ___FILE_ONLY___ ═
2023-12-25 22:27:42,273 INFO     ___FILE_ONLY___ ═
2023-12-25 22:27:42,295 INFO     ___FILE_ONLY___ ═
2023-12-25 22:27:42,314 INFO     ___FILE_ONLY___ ═
2023-12-25 22:27:42,334 INFO     ___FILE_ONLY___ ═
2023-12-25 22:27:42,354 INFO     ___FILE_ONLY___ ═
2023-12-25 22:27:42,410 INFO     ___FILE_ONLY___ ═
2023-12-25 22:27:42,507 INFO     ___FILE_ONLY___ ═
2023-12-25 22:27:42,522 INFO     ___FILE_ONLY___ ═
2023-12-25 22:27:42,539 INFO     ___FILE_ONLY___ ═
2023-12-25 22:27:42,556 INFO     ___FILE_ONLY___ ═
2023-12-25 22:27:42,572 INFO     ___FILE_ONLY___ ═
2023-12-25 22:27:42,588 INFO     ___FILE_ONLY___ ═
2023-12-25 22:27:42,606 INFO     ___FILE_ONLY___ ═
2023-12-25 22:27:42,622 INFO     ___FILE_ONLY___ ═
2023-12-25 22:27:42,639 INFO     ___FILE_ONLY___ ═
2023-12-25 22:27:42,659 INFO     ___FILE_ONLY___ ═
2023-12-25 22:27:42,676 INFO     ___FILE_ONLY___ ═
2023-12-25 22:27:42,692 INFO     ___FILE_ONLY___ ═
2023-12-25 22:27:42,710 INFO     ___FILE_ONLY___ ═
2023-12-25 22:27:42,732 INFO     ___FILE_ONLY___ ═
2023-12-25 22:27:42,751 INFO     ___FILE_ONLY___ ═
2023-12-25 22:27:42,751 INFO     ___FILE_ONLY___ ╝

2023-12-25 22:27:43,032 INFO     ___FILE_ONLY___ ╔════════════════════════════════════════════════════════════╗

2023-12-25 22:27:43,032 INFO     ___FILE_ONLY___ ╠═ Uninstalling: Google Cloud CLI Core Libraries (Platfo... ═╣

2023-12-25 22:27:43,032 INFO     ___FILE_ONLY___ ╚
2023-12-25 22:27:43,035 INFO     ___FILE_ONLY___ ══════════════════════════════
2023-12-25 22:27:43,035 INFO     ___FILE_ONLY___ ══════════════════════════════
2023-12-25 22:27:43,035 INFO     ___FILE_ONLY___ ╝

2023-12-25 22:27:43,039 INFO     ___FILE_ONLY___ ╔════════════════════════════════════════════════════════════╗

2023-12-25 22:27:43,040 INFO     ___FILE_ONLY___ ╠═ Uninstalling: Google Cloud CRC32C Hash Tool              ═╣

2023-12-25 22:27:43,040 INFO     ___FILE_ONLY___ ╚
2023-12-25 22:27:43,042 INFO     ___FILE_ONLY___ ══════════════════════════════
2023-12-25 22:27:43,042 INFO     ___FILE_ONLY___ ══════════════════════════════
2023-12-25 22:27:43,042 INFO     ___FILE_ONLY___ ╝

2023-12-25 22:27:43,045 INFO     ___FILE_ONLY___ ╔════════════════════════════════════════════════════════════╗

2023-12-25 22:27:43,046 INFO     ___FILE_ONLY___ ╠═ Uninstalling: Minikube                                   ═╣

2023-12-25 22:27:43,046 INFO     ___FILE_ONLY___ ╚
2023-12-25 22:27:43,049 INFO     ___FILE_ONLY___ ════════════════════════════════════════════════════════════
2023-12-25 22:27:43,049 INFO     ___FILE_ONLY___ ╝

2023-12-25 22:27:43,052 INFO     ___FILE_ONLY___ ╔════════════════════════════════════════════════════════════╗

2023-12-25 22:27:43,052 INFO     ___FILE_ONLY___ ╠═ Uninstalling: Skaffold                                   ═╣

2023-12-25 22:27:43,052 INFO     ___FILE_ONLY___ ╚
2023-12-25 22:27:43,054 INFO     ___FILE_ONLY___ ════════════════════════════════════════════════════════════
2023-12-25 22:27:43,054 INFO     ___FILE_ONLY___ ╝

2023-12-25 22:27:43,057 INFO     ___FILE_ONLY___ ╔════════════════════════════════════════════════════════════╗

2023-12-25 22:27:43,058 INFO     ___FILE_ONLY___ ╠═ Uninstalling: anthoscli                                  ═╣

2023-12-25 22:27:43,058 INFO     ___FILE_ONLY___ ╚
2023-12-25 22:27:43,061 INFO     ___FILE_ONLY___ ════════════════════
2023-12-25 22:27:43,061 INFO     ___FILE_ONLY___ ════════════════════
2023-12-25 22:27:43,061 INFO     ___FILE_ONLY___ ════════════════════
2023-12-25 22:27:43,061 INFO     ___FILE_ONLY___ ╝

2023-12-25 22:27:43,065 INFO     ___FILE_ONLY___ ╔════════════════════════════════════════════════════════════╗

2023-12-25 22:27:43,065 INFO     ___FILE_ONLY___ ╠═ Uninstalling: gcloud Alpha Commands                      ═╣

2023-12-25 22:27:43,065 INFO     ___FILE_ONLY___ ╚
2023-12-25 22:27:43,067 INFO     ___FILE_ONLY___ ════════════════════════════════════════════════════════════
2023-12-25 22:27:43,067 INFO     ___FILE_ONLY___ ╝

2023-12-25 22:27:43,070 INFO     ___FILE_ONLY___ ╔════════════════════════════════════════════════════════════╗

2023-12-25 22:27:43,071 INFO     ___FILE_ONLY___ ╠═ Uninstalling: gcloud Beta Commands                       ═╣

2023-12-25 22:27:43,071 INFO     ___FILE_ONLY___ ╚
2023-12-25 22:27:43,072 INFO     ___FILE_ONLY___ ════════════════════════════════════════════════════════════
2023-12-25 22:27:43,072 INFO     ___FILE_ONLY___ ╝

2023-12-25 22:27:43,075 INFO     ___FILE_ONLY___ ╔════════════════════════════════════════════════════════════╗

2023-12-25 22:27:43,075 INFO     ___FILE_ONLY___ ╠═ Uninstalling: gcloud cli dependencies                    ═╣

2023-12-25 22:27:43,075 INFO     ___FILE_ONLY___ ╚
2023-12-25 22:27:43,118 INFO     ___FILE_ONLY___ ═
2023-12-25 22:27:43,126 INFO     ___FILE_ONLY___ ═
2023-12-25 22:27:43,133 INFO     ___FILE_ONLY___ ═
2023-12-25 22:27:43,141 INFO     ___FILE_ONLY___ ═
2023-12-25 22:27:43,147 INFO     ___FILE_ONLY___ ═
2023-12-25 22:27:43,153 INFO     ___FILE_ONLY___ ═
2023-12-25 22:27:43,159 INFO     ___FILE_ONLY___ ═
2023-12-25 22:27:43,165 INFO     ___FILE_ONLY___ ═
2023-12-25 22:27:43,171 INFO     ___FILE_ONLY___ ═
2023-12-25 22:27:43,177 INFO     ___FILE_ONLY___ ═
2023-12-25 22:27:43,182 INFO     ___FILE_ONLY___ ═
2023-12-25 22:27:43,188 INFO     ___FILE_ONLY___ ═
2023-12-25 22:27:43,194 INFO     ___FILE_ONLY___ ═
2023-12-25 22:27:43,201 INFO     ___FILE_ONLY___ ═
2023-12-25 22:27:43,208 INFO     ___FILE_ONLY___ ═
2023-12-25 22:27:43,216 INFO     ___FILE_ONLY___ ═
2023-12-25 22:27:43,224 INFO     ___FILE_ONLY___ ═
2023-12-25 22:27:43,232 INFO     ___FILE_ONLY___ ═
2023-12-25 22:27:43,240 INFO     ___FILE_ONLY___ ═
2023-12-25 22:27:43,247 INFO     ___FILE_ONLY___ ═
2023-12-25 22:27:43,254 INFO     ___FILE_ONLY___ ═
2023-12-25 22:27:43,262 INFO     ___FILE_ONLY___ ═
2023-12-25 22:27:43,267 INFO     ___FILE_ONLY___ ═
2023-12-25 22:27:43,275 INFO     ___FILE_ONLY___ ═
2023-12-25 22:27:43,282 INFO     ___FILE_ONLY___ ═
2023-12-25 22:27:43,289 INFO     ___FILE_ONLY___ ═
2023-12-25 22:27:43,294 INFO     ___FILE_ONLY___ ═
2023-12-25 22:27:43,302 INFO     ___FILE_ONLY___ ═
2023-12-25 22:27:43,311 INFO     ___FILE_ONLY___ ═
2023-12-25 22:27:43,315 INFO     ___FILE_ONLY___ ═
2023-12-25 22:27:43,323 INFO     ___FILE_ONLY___ ═
2023-12-25 22:27:43,329 INFO     ___FILE_ONLY___ ═
2023-12-25 22:27:43,340 INFO     ___FILE_ONLY___ ═
2023-12-25 22:27:43,350 INFO     ___FILE_ONLY___ ═
2023-12-25 22:27:43,359 INFO     ___FILE_ONLY___ ═
2023-12-25 22:27:43,367 INFO     ___FILE_ONLY___ ═
2023-12-25 22:27:43,376 INFO     ___FILE_ONLY___ ═
2023-12-25 22:27:43,383 INFO     ___FILE_ONLY___ ═
2023-12-25 22:27:43,391 INFO     ___FILE_ONLY___ ═
2023-12-25 22:27:43,399 INFO     ___FILE_ONLY___ ═
2023-12-25 22:27:43,405 INFO     ___FILE_ONLY___ ═
2023-12-25 22:27:43,412 INFO     ___FILE_ONLY___ ═
2023-12-25 22:27:43,419 INFO     ___FILE_ONLY___ ═
2023-12-25 22:27:43,425 INFO     ___FILE_ONLY___ ═
2023-12-25 22:27:43,431 INFO     ___FILE_ONLY___ ═
2023-12-25 22:27:43,438 INFO     ___FILE_ONLY___ ═
2023-12-25 22:27:43,445 INFO     ___FILE_ONLY___ ═
2023-12-25 22:27:43,450 INFO     ___FILE_ONLY___ ═
2023-12-25 22:27:43,456 INFO     ___FILE_ONLY___ ═
2023-12-25 22:27:43,462 INFO     ___FILE_ONLY___ ═
2023-12-25 22:27:43,469 INFO     ___FILE_ONLY___ ═
2023-12-25 22:27:43,475 INFO     ___FILE_ONLY___ ═
2023-12-25 22:27:43,482 INFO     ___FILE_ONLY___ ═
2023-12-25 22:27:43,487 INFO     ___FILE_ONLY___ ═
2023-12-25 22:27:43,492 INFO     ___FILE_ONLY___ ═
2023-12-25 22:27:43,497 INFO     ___FILE_ONLY___ ═
2023-12-25 22:27:43,504 INFO     ___FILE_ONLY___ ═
2023-12-25 22:27:43,509 INFO     ___FILE_ONLY___ ═
2023-12-25 22:27:43,515 INFO     ___FILE_ONLY___ ═
2023-12-25 22:27:43,522 INFO     ___FILE_ONLY___ ═
2023-12-25 22:27:43,522 INFO     ___FILE_ONLY___ ╝

2023-12-25 22:27:43,607 INFO     ___FILE_ONLY___ ╔════════════════════════════════════════════════════════════╗

2023-12-25 22:27:43,607 INFO     ___FILE_ONLY___ ╠═ Uninstalling: gke-gcloud-auth-plugin                     ═╣

2023-12-25 22:27:43,607 INFO     ___FILE_ONLY___ ╚
2023-12-25 22:27:43,608 INFO     ___FILE_ONLY___ ════════════════════════════════════════════════════════════
2023-12-25 22:27:43,608 INFO     ___FILE_ONLY___ ╝

2023-12-25 22:27:43,610 INFO     ___FILE_ONLY___ ╔════════════════════════════════════════════════════════════╗

2023-12-25 22:27:43,610 INFO     ___FILE_ONLY___ ╠═ Uninstalling: kubectl                                    ═╣

2023-12-25 22:27:43,610 INFO     ___FILE_ONLY___ ╚
2023-12-25 22:27:43,611 INFO     ___FILE_ONLY___ ═══════
2023-12-25 22:27:43,611 INFO     ___FILE_ONLY___ ════════
2023-12-25 22:27:43,611 INFO     ___FILE_ONLY___ ═══════
2023-12-25 22:27:43,612 INFO     ___FILE_ONLY___ ════════
2023-12-25 22:27:43,612 INFO     ___FILE_ONLY___ ═══════
2023-12-25 22:27:43,612 INFO     ___FILE_ONLY___ ════════
2023-12-25 22:27:43,612 INFO     ___FILE_ONLY___ ═══════
2023-12-25 22:27:43,612 INFO     ___FILE_ONLY___ ════════
2023-12-25 22:27:43,612 INFO     ___FILE_ONLY___ ╝

2023-12-25 22:27:43,614 INFO     ___FILE_ONLY___ ╔════════════════════════════════════════════════════════════╗

2023-12-25 22:27:43,615 INFO     ___FILE_ONLY___ ╠═ Uninstalling: kubectl                                    ═╣

2023-12-25 22:27:43,615 INFO     ___FILE_ONLY___ ╚
2023-12-25 22:27:43,615 INFO     ___FILE_ONLY___ ════════════════════════════════════════════════════════════
2023-12-25 22:27:43,615 INFO     ___FILE_ONLY___ ╝

2023-12-25 22:27:43,617 INFO     ___FILE_ONLY___ ╔════════════════════════════════════════════════════════════╗

2023-12-25 22:27:43,617 INFO     ___FILE_ONLY___ ╠═ Installing: BigQuery Command Line Tool                   ═╣

2023-12-25 22:27:43,618 INFO     ___FILE_ONLY___ ╚
2023-12-25 22:27:43,622 DEBUG    urllib3.connectionpool Starting new HTTPS connection (1): dl.google.com:443
2023-12-25 22:27:43,805 DEBUG    urllib3.connectionpool https://dl.google.com:443 "GET /dl/cloudsdk/channels/rapid/components/google-cloud-sdk-bq-20231215195722.tar.gz HTTP/1.1" 200 1678977
2023-12-25 22:27:43,960 INFO     ___FILE_ONLY___ ═
2023-12-25 22:27:43,960 INFO     ___FILE_ONLY___ ═
2023-12-25 22:27:43,961 INFO     ___FILE_ONLY___ ═
2023-12-25 22:27:43,961 INFO     ___FILE_ONLY___ ═
2023-12-25 22:27:43,961 INFO     ___FILE_ONLY___ ═
2023-12-25 22:27:43,961 INFO     ___FILE_ONLY___ ═
2023-12-25 22:27:43,961 INFO     ___FILE_ONLY___ ═
2023-12-25 22:27:43,962 INFO     ___FILE_ONLY___ ═
2023-12-25 22:27:43,962 INFO     ___FILE_ONLY___ ═
2023-12-25 22:27:43,962 INFO     ___FILE_ONLY___ ═
2023-12-25 22:27:43,962 INFO     ___FILE_ONLY___ ═
2023-12-25 22:27:43,962 INFO     ___FILE_ONLY___ ═
2023-12-25 22:27:43,963 INFO     ___FILE_ONLY___ ═
2023-12-25 22:27:43,963 INFO     ___FILE_ONLY___ ═
2023-12-25 22:27:43,963 INFO     ___FILE_ONLY___ ═
2023-12-25 22:27:43,963 INFO     ___FILE_ONLY___ ═
2023-12-25 22:27:43,963 INFO     ___FILE_ONLY___ ═
2023-12-25 22:27:43,964 INFO     ___FILE_ONLY___ ═
2023-12-25 22:27:43,964 INFO     ___FILE_ONLY___ ═
2023-12-25 22:27:43,964 INFO     ___FILE_ONLY___ ═
2023-12-25 22:27:43,965 INFO     ___FILE_ONLY___ ═
2023-12-25 22:27:43,965 INFO     ___FILE_ONLY___ ═
2023-12-25 22:27:43,965 INFO     ___FILE_ONLY___ ═
2023-12-25 22:27:43,965 INFO     ___FILE_ONLY___ ═
2023-12-25 22:27:43,966 INFO     ___FILE_ONLY___ ═
2023-12-25 22:27:43,966 INFO     ___FILE_ONLY___ ═
2023-12-25 22:27:43,966 INFO     ___FILE_ONLY___ ═
2023-12-25 22:27:43,966 INFO     ___FILE_ONLY___ ═
2023-12-25 22:27:43,967 INFO     ___FILE_ONLY___ ═
2023-12-25 22:27:43,967 INFO     ___FILE_ONLY___ ═
2023-12-25 22:27:44,050 INFO     ___FILE_ONLY___ ═
2023-12-25 22:27:44,054 INFO     ___FILE_ONLY___ ═
2023-12-25 22:27:44,059 INFO     ___FILE_ONLY___ ═
2023-12-25 22:27:44,062 INFO     ___FILE_ONLY___ ═
2023-12-25 22:27:44,065 INFO     ___FILE_ONLY___ ═
2023-12-25 22:27:44,068 INFO     ___FILE_ONLY___ ═
2023-12-25 22:27:44,072 INFO     ___FILE_ONLY___ ═
2023-12-25 22:27:44,076 INFO     ___FILE_ONLY___ ═
2023-12-25 22:27:44,079 INFO     ___FILE_ONLY___ ═
2023-12-25 22:27:44,081 INFO     ___FILE_ONLY___ ═
2023-12-25 22:27:44,085 INFO     ___FILE_ONLY___ ═
2023-12-25 22:27:44,087 INFO     ___FILE_ONLY___ ═
2023-12-25 22:27:44,090 INFO     ___FILE_ONLY___ ═
2023-12-25 22:27:44,093 INFO     ___FILE_ONLY___ ═
2023-12-25 22:27:44,097 INFO     ___FILE_ONLY___ ═
2023-12-25 22:27:44,100 INFO     ___FILE_ONLY___ ═
2023-12-25 22:27:44,102 INFO     ___FILE_ONLY___ ═
2023-12-25 22:27:44,105 INFO     ___FILE_ONLY___ ═
2023-12-25 22:27:44,109 INFO     ___FILE_ONLY___ ═
2023-12-25 22:27:44,113 INFO     ___FILE_ONLY___ ═
2023-12-25 22:27:44,116 INFO     ___FILE_ONLY___ ═
2023-12-25 22:27:44,120 INFO     ___FILE_ONLY___ ═
2023-12-25 22:27:44,123 INFO     ___FILE_ONLY___ ═
2023-12-25 22:27:44,127 INFO     ___FILE_ONLY___ ═
2023-12-25 22:27:44,130 INFO     ___FILE_ONLY___ ═
2023-12-25 22:27:44,132 INFO     ___FILE_ONLY___ ═
2023-12-25 22:27:44,135 INFO     ___FILE_ONLY___ ═
2023-12-25 22:27:44,137 INFO     ___FILE_ONLY___ ═
2023-12-25 22:27:44,141 INFO     ___FILE_ONLY___ ═
2023-12-25 22:27:44,144 INFO     ___FILE_ONLY___ ═
2023-12-25 22:27:44,144 INFO     ___FILE_ONLY___ ╝

2023-12-25 22:27:44,152 INFO     ___FILE_ONLY___ ╔════════════════════════════════════════════════════════════╗

2023-12-25 22:27:44,152 INFO     ___FILE_ONLY___ ╠═ Installing: BigQuery Command Line Tool (Platform Spec... ═╣

2023-12-25 22:27:44,152 INFO     ___FILE_ONLY___ ╚
2023-12-25 22:27:44,155 DEBUG    urllib3.connectionpool Starting new HTTPS connection (1): dl.google.com:443
2023-12-25 22:27:44,330 DEBUG    urllib3.connectionpool https://dl.google.com:443 "GET /dl/cloudsdk/channels/rapid/components/google-cloud-sdk-bq-nix-20231220215703.tar.gz HTTP/1.1" 200 2019
2023-12-25 22:27:44,332 INFO     ___FILE_ONLY___ ══════════════════════════════
2023-12-25 22:27:44,334 INFO     ___FILE_ONLY___ ══════════════════════════════
2023-12-25 22:27:44,335 INFO     ___FILE_ONLY___ ╝

2023-12-25 22:27:44,350 INFO     ___FILE_ONLY___ ╔════════════════════════════════════════════════════════════╗

2023-12-25 22:27:44,350 INFO     ___FILE_ONLY___ ╠═ Installing: Cloud Storage Command Line Tool              ═╣

2023-12-25 22:27:44,351 INFO     ___FILE_ONLY___ ╚
2023-12-25 22:27:44,357 DEBUG    urllib3.connectionpool Starting new HTTPS connection (1): dl.google.com:443
2023-12-25 22:27:44,539 DEBUG    urllib3.connectionpool https://dl.google.com:443 "GET /dl/cloudsdk/channels/rapid/components/google-cloud-sdk-gsutil-20231025210228.tar.gz HTTP/1.1" 200 11833901
2023-12-25 22:27:44,905 INFO     ___FILE_ONLY___ ═
2023-12-25 22:27:44,906 INFO     ___FILE_ONLY___ ═
2023-12-25 22:27:44,906 INFO     ___FILE_ONLY___ ═
2023-12-25 22:27:44,906 INFO     ___FILE_ONLY___ ═
2023-12-25 22:27:44,907 INFO     ___FILE_ONLY___ ═
2023-12-25 22:27:44,907 INFO     ___FILE_ONLY___ ═
2023-12-25 22:27:44,907 INFO     ___FILE_ONLY___ ═
2023-12-25 22:27:44,908 INFO     ___FILE_ONLY___ ═
2023-12-25 22:27:44,908 INFO     ___FILE_ONLY___ ═
2023-12-25 22:27:44,908 INFO     ___FILE_ONLY___ ═
2023-12-25 22:27:44,909 INFO     ___FILE_ONLY___ ═
2023-12-25 22:27:44,909 INFO     ___FILE_ONLY___ ═
2023-12-25 22:27:44,910 INFO     ___FILE_ONLY___ ═
2023-12-25 22:27:44,910 INFO     ___FILE_ONLY___ ═
2023-12-25 22:27:44,910 INFO     ___FILE_ONLY___ ═
2023-12-25 22:27:44,911 INFO     ___FILE_ONLY___ ═
2023-12-25 22:27:44,911 INFO     ___FILE_ONLY___ ═
2023-12-25 22:27:44,911 INFO     ___FILE_ONLY___ ═
2023-12-25 22:27:44,912 INFO     ___FILE_ONLY___ ═
2023-12-25 22:27:44,912 INFO     ___FILE_ONLY___ ═
2023-12-25 22:27:44,912 INFO     ___FILE_ONLY___ ═
2023-12-25 22:27:44,913 INFO     ___FILE_ONLY___ ═
2023-12-25 22:27:44,913 INFO     ___FILE_ONLY___ ═
2023-12-25 22:27:44,913 INFO     ___FILE_ONLY___ ═
2023-12-25 22:27:44,914 INFO     ___FILE_ONLY___ ═
2023-12-25 22:27:44,914 INFO     ___FILE_ONLY___ ═
2023-12-25 22:27:44,914 INFO     ___FILE_ONLY___ ═
2023-12-25 22:27:44,915 INFO     ___FILE_ONLY___ ═
2023-12-25 22:27:44,915 INFO     ___FILE_ONLY___ ═
2023-12-25 22:27:44,915 INFO     ___FILE_ONLY___ ═
2023-12-25 22:27:45,221 INFO     ___FILE_ONLY___ ═
2023-12-25 22:27:45,242 INFO     ___FILE_ONLY___ ═
2023-12-25 22:27:45,258 INFO     ___FILE_ONLY___ ═
2023-12-25 22:27:45,276 INFO     ___FILE_ONLY___ ═
2023-12-25 22:27:45,292 INFO     ___FILE_ONLY___ ═
2023-12-25 22:27:45,308 INFO     ___FILE_ONLY___ ═
2023-12-25 22:27:45,321 INFO     ___FILE_ONLY___ ═
2023-12-25 22:27:45,335 INFO     ___FILE_ONLY___ ═
2023-12-25 22:27:45,349 INFO     ___FILE_ONLY___ ═
2023-12-25 22:27:45,364 INFO     ___FILE_ONLY___ ═
2023-12-25 22:27:45,379 INFO     ___FILE_ONLY___ ═
2023-12-25 22:27:45,396 INFO     ___FILE_ONLY___ ═
2023-12-25 22:27:45,413 INFO     ___FILE_ONLY___ ═
2023-12-25 22:27:45,429 INFO     ___FILE_ONLY___ ═
2023-12-25 22:27:45,447 INFO     ___FILE_ONLY___ ═
2023-12-25 22:27:45,466 INFO     ___FILE_ONLY___ ═
2023-12-25 22:27:45,483 INFO     ___FILE_ONLY___ ═
2023-12-25 22:27:45,503 INFO     ___FILE_ONLY___ ═
2023-12-25 22:27:45,515 INFO     ___FILE_ONLY___ ═
2023-12-25 22:27:45,532 INFO     ___FILE_ONLY___ ═
2023-12-25 22:27:45,545 INFO     ___FILE_ONLY___ ═
2023-12-25 22:27:45,562 INFO     ___FILE_ONLY___ ═
2023-12-25 22:27:45,575 INFO     ___FILE_ONLY___ ═
2023-12-25 22:27:45,593 INFO     ___FILE_ONLY___ ═
2023-12-25 22:27:45,605 INFO     ___FILE_ONLY___ ═
2023-12-25 22:27:45,633 INFO     ___FILE_ONLY___ ═
2023-12-25 22:27:45,649 INFO     ___FILE_ONLY___ ═
2023-12-25 22:27:45,668 INFO     ___FILE_ONLY___ ═
2023-12-25 22:27:45,684 INFO     ___FILE_ONLY___ ═
2023-12-25 22:27:45,700 INFO     ___FILE_ONLY___ ═
2023-12-25 22:27:45,700 INFO     ___FILE_ONLY___ ╝

2023-12-25 22:27:45,726 INFO     ___FILE_ONLY___ ╔════════════════════════════════════════════════════════════╗

2023-12-25 22:27:45,726 INFO     ___FILE_ONLY___ ╠═ Installing: Cloud Storage Command Line Tool (Platform... ═╣

2023-12-25 22:27:45,726 INFO     ___FILE_ONLY___ ╚
2023-12-25 22:27:45,729 DEBUG    urllib3.connectionpool Starting new HTTPS connection (1): dl.google.com:443
2023-12-25 22:27:45,939 DEBUG    urllib3.connectionpool https://dl.google.com:443 "GET /dl/cloudsdk/channels/rapid/components/google-cloud-sdk-gsutil-nix-20231220215703.tar.gz HTTP/1.1" 200 2035
2023-12-25 22:27:45,940 INFO     ___FILE_ONLY___ ══════════════════════════════
2023-12-25 22:27:45,941 INFO     ___FILE_ONLY___ ══════════════════════════════
2023-12-25 22:27:45,942 INFO     ___FILE_ONLY___ ╝

2023-12-25 22:27:45,960 INFO     ___FILE_ONLY___ ╔════════════════════════════════════════════════════════════╗

2023-12-25 22:27:45,960 INFO     ___FILE_ONLY___ ╠═ Installing: Google Cloud CLI Core Libraries              ═╣

2023-12-25 22:27:45,961 INFO     ___FILE_ONLY___ ╚
2023-12-25 22:27:45,965 DEBUG    urllib3.connectionpool Starting new HTTPS connection (1): dl.google.com:443
2023-12-25 22:27:46,217 DEBUG    urllib3.connectionpool https://dl.google.com:443 "GET /dl/cloudsdk/channels/rapid/components/google-cloud-sdk-core-20231220215703.tar.gz HTTP/1.1" 200 23272071
2023-12-25 22:27:46,940 INFO     ___FILE_ONLY___ ═
2023-12-25 22:27:46,942 INFO     ___FILE_ONLY___ ═
2023-12-25 22:27:46,943 INFO     ___FILE_ONLY___ ═
2023-12-25 22:27:46,944 INFO     ___FILE_ONLY___ ═
2023-12-25 22:27:46,946 INFO     ___FILE_ONLY___ ═
2023-12-25 22:27:46,947 INFO     ___FILE_ONLY___ ═
2023-12-25 22:27:46,949 INFO     ___FILE_ONLY___ ═
2023-12-25 22:27:46,950 INFO     ___FILE_ONLY___ ═
2023-12-25 22:27:46,951 INFO     ___FILE_ONLY___ ═
2023-12-25 22:27:46,951 INFO     ___FILE_ONLY___ ═
2023-12-25 22:27:46,952 INFO     ___FILE_ONLY___ ═
2023-12-25 22:27:46,953 INFO     ___FILE_ONLY___ ═
2023-12-25 22:27:46,953 INFO     ___FILE_ONLY___ ═
2023-12-25 22:27:46,954 INFO     ___FILE_ONLY___ ═
2023-12-25 22:27:46,956 INFO     ___FILE_ONLY___ ═
2023-12-25 22:27:46,957 INFO     ___FILE_ONLY___ ═
2023-12-25 22:27:46,958 INFO     ___FILE_ONLY___ ═
2023-12-25 22:27:46,960 INFO     ___FILE_ONLY___ ═
2023-12-25 22:27:46,961 INFO     ___FILE_ONLY___ ═
2023-12-25 22:27:46,961 INFO     ___FILE_ONLY___ ═
2023-12-25 22:27:46,962 INFO     ___FILE_ONLY___ ═
2023-12-25 22:27:46,964 INFO     ___FILE_ONLY___ ═
2023-12-25 22:27:46,964 INFO     ___FILE_ONLY___ ═
2023-12-25 22:27:46,965 INFO     ___FILE_ONLY___ ═
2023-12-25 22:27:46,966 INFO     ___FILE_ONLY___ ═
2023-12-25 22:27:46,967 INFO     ___FILE_ONLY___ ═
2023-12-25 22:27:46,968 INFO     ___FILE_ONLY___ ═
2023-12-25 22:27:46,968 INFO     ___FILE_ONLY___ ═
2023-12-25 22:27:46,968 INFO     ___FILE_ONLY___ ═
2023-12-25 22:27:46,969 INFO     ___FILE_ONLY___ ═
2023-12-25 22:27:48,105 INFO     ___FILE_ONLY___ ═
2023-12-25 22:27:48,159 INFO     ___FILE_ONLY___ ═
2023-12-25 22:27:48,216 INFO     ___FILE_ONLY___ ═
2023-12-25 22:27:48,270 INFO     ___FILE_ONLY___ ═
2023-12-25 22:27:48,324 INFO     ___FILE_ONLY___ ═
2023-12-25 22:27:48,402 INFO     ___FILE_ONLY___ ═
2023-12-25 22:27:48,454 INFO     ___FILE_ONLY___ ═
2023-12-25 22:27:48,523 INFO     ___FILE_ONLY___ ═
2023-12-25 22:27:48,629 INFO     ___FILE_ONLY___ ═
2023-12-25 22:27:48,719 INFO     ___FILE_ONLY___ ═
2023-12-25 22:27:48,806 INFO     ___FILE_ONLY___ ═
2023-12-25 22:27:48,881 INFO     ___FILE_ONLY___ ═
2023-12-25 22:27:48,931 INFO     ___FILE_ONLY___ ═
2023-12-25 22:27:48,978 INFO     ___FILE_ONLY___ ═
2023-12-25 22:27:49,026 INFO     ___FILE_ONLY___ ═
2023-12-25 22:27:49,076 INFO     ___FILE_ONLY___ ═
2023-12-25 22:27:49,129 INFO     ___FILE_ONLY___ ═
2023-12-25 22:27:49,181 INFO     ___FILE_ONLY___ ═
2023-12-25 22:27:49,230 INFO     ___FILE_ONLY___ ═
2023-12-25 22:27:49,289 INFO     ___FILE_ONLY___ ═
2023-12-25 22:27:49,343 INFO     ___FILE_ONLY___ ═
2023-12-25 22:27:49,396 INFO     ___FILE_ONLY___ ═
2023-12-25 22:27:49,449 INFO     ___FILE_ONLY___ ═
2023-12-25 22:27:49,501 INFO     ___FILE_ONLY___ ═
2023-12-25 22:27:49,554 INFO     ___FILE_ONLY___ ═
2023-12-25 22:27:49,608 INFO     ___FILE_ONLY___ ═
2023-12-25 22:27:49,702 INFO     ___FILE_ONLY___ ═
2023-12-25 22:27:49,754 INFO     ___FILE_ONLY___ ═
2023-12-25 22:27:49,807 INFO     ___FILE_ONLY___ ═
2023-12-25 22:27:49,870 INFO     ___FILE_ONLY___ ═
2023-12-25 22:27:49,870 INFO     ___FILE_ONLY___ ╝

2023-12-25 22:27:49,934 INFO     ___FILE_ONLY___ ╔════════════════════════════════════════════════════════════╗

2023-12-25 22:27:49,934 INFO     ___FILE_ONLY___ ╠═ Installing: Google Cloud CLI Core Libraries (Platform... ═╣

2023-12-25 22:27:49,934 INFO     ___FILE_ONLY___ ╚
2023-12-25 22:27:49,938 DEBUG    urllib3.connectionpool Starting new HTTPS connection (1): dl.google.com:443
2023-12-25 22:27:50,102 DEBUG    urllib3.connectionpool https://dl.google.com:443 "GET /dl/cloudsdk/channels/rapid/components/google-cloud-sdk-core-nix-20231220215703.tar.gz HTTP/1.1" 200 2402
2023-12-25 22:27:50,104 INFO     ___FILE_ONLY___ ══════════════════════════════
2023-12-25 22:27:50,106 INFO     ___FILE_ONLY___ ═══════════════
2023-12-25 22:27:50,107 INFO     ___FILE_ONLY___ ═══════════════
2023-12-25 22:27:50,107 INFO     ___FILE_ONLY___ ╝

2023-12-25 22:27:50,121 INFO     ___FILE_ONLY___ ╔════════════════════════════════════════════════════════════╗

2023-12-25 22:27:50,122 INFO     ___FILE_ONLY___ ╠═ Installing: Google Cloud CRC32C Hash Tool                ═╣

2023-12-25 22:27:50,122 INFO     ___FILE_ONLY___ ╚
2023-12-25 22:27:50,127 DEBUG    urllib3.connectionpool Starting new HTTPS connection (1): dl.google.com:443
2023-12-25 22:27:50,358 DEBUG    urllib3.connectionpool https://dl.google.com:443 "GET /dl/cloudsdk/channels/rapid/components/google-cloud-sdk-gcloud-crc32c-darwin-arm-20231215195722.tar.gz HTTP/1.1" 200 1242963
2023-12-25 22:27:50,530 INFO     ___FILE_ONLY___ ═
2023-12-25 22:27:50,530 INFO     ___FILE_ONLY___ ═
2023-12-25 22:27:50,530 INFO     ___FILE_ONLY___ ═
2023-12-25 22:27:50,530 INFO     ___FILE_ONLY___ ═
2023-12-25 22:27:50,530 INFO     ___FILE_ONLY___ ═
2023-12-25 22:27:50,531 INFO     ___FILE_ONLY___ ═
2023-12-25 22:27:50,531 INFO     ___FILE_ONLY___ ═
2023-12-25 22:27:50,531 INFO     ___FILE_ONLY___ ═
2023-12-25 22:27:50,531 INFO     ___FILE_ONLY___ ═
2023-12-25 22:27:50,531 INFO     ___FILE_ONLY___ ═
2023-12-25 22:27:50,532 INFO     ___FILE_ONLY___ ═
2023-12-25 22:27:50,532 INFO     ___FILE_ONLY___ ═
2023-12-25 22:27:50,532 INFO     ___FILE_ONLY___ ═
2023-12-25 22:27:50,532 INFO     ___FILE_ONLY___ ═
2023-12-25 22:27:50,533 INFO     ___FILE_ONLY___ ═
2023-12-25 22:27:50,533 INFO     ___FILE_ONLY___ ═
2023-12-25 22:27:50,533 INFO     ___FILE_ONLY___ ═
2023-12-25 22:27:50,533 INFO     ___FILE_ONLY___ ═
2023-12-25 22:27:50,533 INFO     ___FILE_ONLY___ ═
2023-12-25 22:27:50,534 INFO     ___FILE_ONLY___ ═
2023-12-25 22:27:50,534 INFO     ___FILE_ONLY___ ═
2023-12-25 22:27:50,534 INFO     ___FILE_ONLY___ ═
2023-12-25 22:27:50,534 INFO     ___FILE_ONLY___ ═
2023-12-25 22:27:50,539 INFO     ___FILE_ONLY___ ═
2023-12-25 22:27:50,540 INFO     ___FILE_ONLY___ ═
2023-12-25 22:27:50,540 INFO     ___FILE_ONLY___ ═
2023-12-25 22:27:50,540 INFO     ___FILE_ONLY___ ═
2023-12-25 22:27:50,540 INFO     ___FILE_ONLY___ ═
2023-12-25 22:27:50,540 INFO     ___FILE_ONLY___ ═
2023-12-25 22:27:50,541 INFO     ___FILE_ONLY___ ═
2023-12-25 22:27:50,581 INFO     ___FILE_ONLY___ ═══════════════
2023-12-25 22:27:50,581 INFO     ___FILE_ONLY___ ═══════════════
2023-12-25 22:27:50,581 INFO     ___FILE_ONLY___ ╝

2023-12-25 22:27:50,591 INFO     ___FILE_ONLY___ ╔════════════════════════════════════════════════════════════╗

2023-12-25 22:27:50,592 INFO     ___FILE_ONLY___ ╠═ Installing: Minikube                                     ═╣

2023-12-25 22:27:50,592 INFO     ___FILE_ONLY___ ╚
2023-12-25 22:27:50,596 DEBUG    urllib3.connectionpool Starting new HTTPS connection (1): dl.google.com:443
2023-12-25 22:27:50,848 DEBUG    urllib3.connectionpool https://dl.google.com:443 "GET /dl/cloudsdk/channels/rapid/components/google-cloud-sdk-minikube-darwin-arm-20231201141418.tar.gz HTTP/1.1" 200 35193661
2023-12-25 22:27:51,928 INFO     ___FILE_ONLY___ ═
2023-12-25 22:27:51,930 INFO     ___FILE_ONLY___ ═
2023-12-25 22:27:51,931 INFO     ___FILE_ONLY___ ═
2023-12-25 22:27:51,932 INFO     ___FILE_ONLY___ ═
2023-12-25 22:27:51,933 INFO     ___FILE_ONLY___ ═
2023-12-25 22:27:51,934 INFO     ___FILE_ONLY___ ═
2023-12-25 22:27:51,935 INFO     ___FILE_ONLY___ ═
2023-12-25 22:27:51,936 INFO     ___FILE_ONLY___ ═
2023-12-25 22:27:51,938 INFO     ___FILE_ONLY___ ═
2023-12-25 22:27:51,939 INFO     ___FILE_ONLY___ ═
2023-12-25 22:27:51,940 INFO     ___FILE_ONLY___ ═
2023-12-25 22:27:51,941 INFO     ___FILE_ONLY___ ═
2023-12-25 22:27:51,941 INFO     ___FILE_ONLY___ ═
2023-12-25 22:27:51,942 INFO     ___FILE_ONLY___ ═
2023-12-25 22:27:51,944 INFO     ___FILE_ONLY___ ═
2023-12-25 22:27:51,944 INFO     ___FILE_ONLY___ ═
2023-12-25 22:27:51,945 INFO     ___FILE_ONLY___ ═
2023-12-25 22:27:51,946 INFO     ___FILE_ONLY___ ═
2023-12-25 22:27:51,947 INFO     ___FILE_ONLY___ ═
2023-12-25 22:27:51,948 INFO     ___FILE_ONLY___ ═
2023-12-25 22:27:51,949 INFO     ___FILE_ONLY___ ═
2023-12-25 22:27:51,950 INFO     ___FILE_ONLY___ ═
2023-12-25 22:27:51,951 INFO     ___FILE_ONLY___ ═
2023-12-25 22:27:51,951 INFO     ___FILE_ONLY___ ═
2023-12-25 22:27:51,953 INFO     ___FILE_ONLY___ ═
2023-12-25 22:27:51,953 INFO     ___FILE_ONLY___ ═
2023-12-25 22:27:51,954 INFO     ___FILE_ONLY___ ═
2023-12-25 22:27:51,955 INFO     ___FILE_ONLY___ ═
2023-12-25 22:27:51,956 INFO     ___FILE_ONLY___ ═
2023-12-25 22:27:51,956 INFO     ___FILE_ONLY___ ═
2023-12-25 22:27:52,478 INFO     ___FILE_ONLY___ ══════════════════════════════
2023-12-25 22:27:52,478 INFO     ___FILE_ONLY___ ╝

2023-12-25 22:27:52,487 INFO     ___FILE_ONLY___ ╔════════════════════════════════════════════════════════════╗

2023-12-25 22:27:52,487 INFO     ___FILE_ONLY___ ╠═ Installing: Skaffold                                     ═╣

2023-12-25 22:27:52,487 INFO     ___FILE_ONLY___ ╚
2023-12-25 22:27:52,491 DEBUG    urllib3.connectionpool Starting new HTTPS connection (1): dl.google.com:443
2023-12-25 22:27:52,863 DEBUG    urllib3.connectionpool https://dl.google.com:443 "GET /dl/cloudsdk/channels/rapid/components/google-cloud-sdk-skaffold-darwin-arm-20231110155547.tar.gz HTTP/1.1" 200 24426195
2023-12-25 22:27:54,197 INFO     ___FILE_ONLY___ ═
2023-12-25 22:27:54,198 INFO     ___FILE_ONLY___ ═
2023-12-25 22:27:54,199 INFO     ___FILE_ONLY___ ═
2023-12-25 22:27:54,200 INFO     ___FILE_ONLY___ ═
2023-12-25 22:27:54,201 INFO     ___FILE_ONLY___ ═
2023-12-25 22:27:54,201 INFO     ___FILE_ONLY___ ═
2023-12-25 22:27:54,202 INFO     ___FILE_ONLY___ ═
2023-12-25 22:27:54,203 INFO     ___FILE_ONLY___ ═
2023-12-25 22:27:54,203 INFO     ___FILE_ONLY___ ═
2023-12-25 22:27:54,204 INFO     ___FILE_ONLY___ ═
2023-12-25 22:27:54,205 INFO     ___FILE_ONLY___ ═
2023-12-25 22:27:54,205 INFO     ___FILE_ONLY___ ═
2023-12-25 22:27:54,206 INFO     ___FILE_ONLY___ ═
2023-12-25 22:27:54,207 INFO     ___FILE_ONLY___ ═
2023-12-25 22:27:54,207 INFO     ___FILE_ONLY___ ═
2023-12-25 22:27:54,208 INFO     ___FILE_ONLY___ ═
2023-12-25 22:27:54,208 INFO     ___FILE_ONLY___ ═
2023-12-25 22:27:54,209 INFO     ___FILE_ONLY___ ═
2023-12-25 22:27:54,210 INFO     ___FILE_ONLY___ ═
2023-12-25 22:27:54,210 INFO     ___FILE_ONLY___ ═
2023-12-25 22:27:54,211 INFO     ___FILE_ONLY___ ═
2023-12-25 22:27:54,212 INFO     ___FILE_ONLY___ ═
2023-12-25 22:27:54,212 INFO     ___FILE_ONLY___ ═
2023-12-25 22:27:54,213 INFO     ___FILE_ONLY___ ═
2023-12-25 22:27:54,213 INFO     ___FILE_ONLY___ ═
2023-12-25 22:27:54,214 INFO     ___FILE_ONLY___ ═
2023-12-25 22:27:54,214 INFO     ___FILE_ONLY___ ═
2023-12-25 22:27:54,215 INFO     ___FILE_ONLY___ ═
2023-12-25 22:27:54,215 INFO     ___FILE_ONLY___ ═
2023-12-25 22:27:54,216 INFO     ___FILE_ONLY___ ═
2023-12-25 22:27:54,744 INFO     ___FILE_ONLY___ ══════════════════════════════
2023-12-25 22:27:54,744 INFO     ___FILE_ONLY___ ╝

2023-12-25 22:27:54,752 INFO     ___FILE_ONLY___ ╔════════════════════════════════════════════════════════════╗

2023-12-25 22:27:54,752 INFO     ___FILE_ONLY___ ╠═ Installing: anthoscli                                    ═╣

2023-12-25 22:27:54,752 INFO     ___FILE_ONLY___ ╚
2023-12-25 22:27:54,755 DEBUG    urllib3.connectionpool Starting new HTTPS connection (1): dl.google.com:443
2023-12-25 22:27:54,971 DEBUG    urllib3.connectionpool https://dl.google.com:443 "GET /dl/cloudsdk/channels/rapid/components/google-cloud-sdk-anthoscli-darwin-arm-20231215195722.tar.gz HTTP/1.1" 200 70274732
2023-12-25 22:27:57,069 INFO     ___FILE_ONLY___ ═
2023-12-25 22:27:57,071 INFO     ___FILE_ONLY___ ═
2023-12-25 22:27:57,073 INFO     ___FILE_ONLY___ ═
2023-12-25 22:27:57,075 INFO     ___FILE_ONLY___ ═
2023-12-25 22:27:57,077 INFO     ___FILE_ONLY___ ═
2023-12-25 22:27:57,079 INFO     ___FILE_ONLY___ ═
2023-12-25 22:27:57,081 INFO     ___FILE_ONLY___ ═
2023-12-25 22:27:57,083 INFO     ___FILE_ONLY___ ═
2023-12-25 22:27:57,084 INFO     ___FILE_ONLY___ ═
2023-12-25 22:27:57,086 INFO     ___FILE_ONLY___ ═
2023-12-25 22:27:57,088 INFO     ___FILE_ONLY___ ═
2023-12-25 22:27:57,089 INFO     ___FILE_ONLY___ ═
2023-12-25 22:27:57,091 INFO     ___FILE_ONLY___ ═
2023-12-25 22:27:57,092 INFO     ___FILE_ONLY___ ═
2023-12-25 22:27:57,094 INFO     ___FILE_ONLY___ ═
2023-12-25 22:27:57,095 INFO     ___FILE_ONLY___ ═
2023-12-25 22:27:57,097 INFO     ___FILE_ONLY___ ═
2023-12-25 22:27:57,098 INFO     ___FILE_ONLY___ ═
2023-12-25 22:27:57,100 INFO     ___FILE_ONLY___ ═
2023-12-25 22:27:57,101 INFO     ___FILE_ONLY___ ═
2023-12-25 22:27:57,103 INFO     ___FILE_ONLY___ ═
2023-12-25 22:27:57,107 INFO     ___FILE_ONLY___ ═
2023-12-25 22:27:57,108 INFO     ___FILE_ONLY___ ═
2023-12-25 22:27:57,110 INFO     ___FILE_ONLY___ ═
2023-12-25 22:27:57,111 INFO     ___FILE_ONLY___ ═
2023-12-25 22:27:57,113 INFO     ___FILE_ONLY___ ═
2023-12-25 22:27:57,115 INFO     ___FILE_ONLY___ ═
2023-12-25 22:27:57,116 INFO     ___FILE_ONLY___ ═
2023-12-25 22:27:57,119 INFO     ___FILE_ONLY___ ═
2023-12-25 22:27:57,120 INFO     ___FILE_ONLY___ ═
2023-12-25 22:27:58,158 INFO     ___FILE_ONLY___ ══════════
2023-12-25 22:27:58,160 INFO     ___FILE_ONLY___ ═════════
2023-12-25 22:27:58,174 INFO     ___FILE_ONLY___ ═══════════
2023-12-25 22:27:58,174 INFO     ___FILE_ONLY___ ╝

2023-12-25 22:27:58,183 INFO     ___FILE_ONLY___ ╔════════════════════════════════════════════════════════════╗

2023-12-25 22:27:58,184 INFO     ___FILE_ONLY___ ╠═ Installing: gcloud Alpha Commands                        ═╣

2023-12-25 22:27:58,184 INFO     ___FILE_ONLY___ ╚
2023-12-25 22:27:58,190 DEBUG    urllib3.connectionpool Starting new HTTPS connection (1): dl.google.com:443
2023-12-25 22:27:58,406 DEBUG    urllib3.connectionpool https://dl.google.com:443 "GET /dl/cloudsdk/channels/rapid/components/google-cloud-sdk-alpha-20231220215703.tar.gz HTTP/1.1" 200 800
2023-12-25 22:27:58,407 INFO     ___FILE_ONLY___ ══════════════════════════════
2023-12-25 22:27:58,410 INFO     ___FILE_ONLY___ ══════════════════════════════
2023-12-25 22:27:58,411 INFO     ___FILE_ONLY___ ╝

2023-12-25 22:27:58,433 INFO     ___FILE_ONLY___ ╔════════════════════════════════════════════════════════════╗

2023-12-25 22:27:58,434 INFO     ___FILE_ONLY___ ╠═ Installing: gcloud Beta Commands                         ═╣

2023-12-25 22:27:58,434 INFO     ___FILE_ONLY___ ╚
2023-12-25 22:27:58,441 DEBUG    urllib3.connectionpool Starting new HTTPS connection (1): dl.google.com:443
2023-12-25 22:27:58,724 DEBUG    urllib3.connectionpool https://dl.google.com:443 "GET /dl/cloudsdk/channels/rapid/components/google-cloud-sdk-beta-20231220215703.tar.gz HTTP/1.1" 200 797
2023-12-25 22:27:58,726 INFO     ___FILE_ONLY___ ══════════════════════════════
2023-12-25 22:27:58,727 INFO     ___FILE_ONLY___ ══════════════════════════════
2023-12-25 22:27:58,728 INFO     ___FILE_ONLY___ ╝

2023-12-25 22:27:58,761 INFO     ___FILE_ONLY___ ╔════════════════════════════════════════════════════════════╗

2023-12-25 22:27:58,762 INFO     ___FILE_ONLY___ ╠═ Installing: gcloud cli dependencies                      ═╣

2023-12-25 22:27:58,762 INFO     ___FILE_ONLY___ ╚
2023-12-25 22:27:58,770 DEBUG    urllib3.connectionpool Starting new HTTPS connection (1): dl.google.com:443
2023-12-25 22:27:59,027 DEBUG    urllib3.connectionpool https://dl.google.com:443 "GET /dl/cloudsdk/channels/rapid/components/google-cloud-sdk-gcloud-deps-20231208151900.tar.gz HTTP/1.1" 200 12380049
2023-12-25 22:27:59,467 INFO     ___FILE_ONLY___ ═
2023-12-25 22:27:59,467 INFO     ___FILE_ONLY___ ═
2023-12-25 22:27:59,467 INFO     ___FILE_ONLY___ ═
2023-12-25 22:27:59,468 INFO     ___FILE_ONLY___ ═
2023-12-25 22:27:59,468 INFO     ___FILE_ONLY___ ═
2023-12-25 22:27:59,468 INFO     ___FILE_ONLY___ ═
2023-12-25 22:27:59,468 INFO     ___FILE_ONLY___ ═
2023-12-25 22:27:59,469 INFO     ___FILE_ONLY___ ═
2023-12-25 22:27:59,469 INFO     ___FILE_ONLY___ ═
2023-12-25 22:27:59,469 INFO     ___FILE_ONLY___ ═
2023-12-25 22:27:59,469 INFO     ___FILE_ONLY___ ═
2023-12-25 22:27:59,470 INFO     ___FILE_ONLY___ ═
2023-12-25 22:27:59,470 INFO     ___FILE_ONLY___ ═
2023-12-25 22:27:59,470 INFO     ___FILE_ONLY___ ═
2023-12-25 22:27:59,470 INFO     ___FILE_ONLY___ ═
2023-12-25 22:27:59,471 INFO     ___FILE_ONLY___ ═
2023-12-25 22:27:59,471 INFO     ___FILE_ONLY___ ═
2023-12-25 22:27:59,471 INFO     ___FILE_ONLY___ ═
2023-12-25 22:27:59,471 INFO     ___FILE_ONLY___ ═
2023-12-25 22:27:59,472 INFO     ___FILE_ONLY___ ═
2023-12-25 22:27:59,473 INFO     ___FILE_ONLY___ ═
2023-12-25 22:27:59,473 INFO     ___FILE_ONLY___ ═
2023-12-25 22:27:59,473 INFO     ___FILE_ONLY___ ═
2023-12-25 22:27:59,474 INFO     ___FILE_ONLY___ ═
2023-12-25 22:27:59,474 INFO     ___FILE_ONLY___ ═
2023-12-25 22:27:59,474 INFO     ___FILE_ONLY___ ═
2023-12-25 22:27:59,474 INFO     ___FILE_ONLY___ ═
2023-12-25 22:27:59,475 INFO     ___FILE_ONLY___ ═
2023-12-25 22:27:59,475 INFO     ___FILE_ONLY___ ═
2023-12-25 22:27:59,475 INFO     ___FILE_ONLY___ ═
2023-12-25 22:27:59,951 INFO     ___FILE_ONLY___ ═
2023-12-25 22:27:59,992 INFO     ___FILE_ONLY___ ═
2023-12-25 22:28:00,045 INFO     ___FILE_ONLY___ ═
2023-12-25 22:28:00,084 INFO     ___FILE_ONLY___ ═
2023-12-25 22:28:00,128 INFO     ___FILE_ONLY___ ═
2023-12-25 22:28:00,160 INFO     ___FILE_ONLY___ ═
2023-12-25 22:28:00,181 INFO     ___FILE_ONLY___ ═
2023-12-25 22:28:00,201 INFO     ___FILE_ONLY___ ═
2023-12-25 22:28:00,220 INFO     ___FILE_ONLY___ ═
2023-12-25 22:28:00,248 INFO     ___FILE_ONLY___ ═
2023-12-25 22:28:00,269 INFO     ___FILE_ONLY___ ═
2023-12-25 22:28:00,285 INFO     ___FILE_ONLY___ ═
2023-12-25 22:28:00,303 INFO     ___FILE_ONLY___ ═
2023-12-25 22:28:00,323 INFO     ___FILE_ONLY___ ═
2023-12-25 22:28:00,347 INFO     ___FILE_ONLY___ ═
2023-12-25 22:28:00,368 INFO     ___FILE_ONLY___ ═
2023-12-25 22:28:00,389 INFO     ___FILE_ONLY___ ═
2023-12-25 22:28:00,412 INFO     ___FILE_ONLY___ ═
2023-12-25 22:28:00,435 INFO     ___FILE_ONLY___ ═
2023-12-25 22:28:00,458 INFO     ___FILE_ONLY___ ═
2023-12-25 22:28:00,478 INFO     ___FILE_ONLY___ ═
2023-12-25 22:28:00,494 INFO     ___FILE_ONLY___ ═
2023-12-25 22:28:00,514 INFO     ___FILE_ONLY___ ═
2023-12-25 22:28:00,530 INFO     ___FILE_ONLY___ ═
2023-12-25 22:28:00,546 INFO     ___FILE_ONLY___ ═
2023-12-25 22:28:00,570 INFO     ___FILE_ONLY___ ═
2023-12-25 22:28:00,593 INFO     ___FILE_ONLY___ ═
2023-12-25 22:28:00,613 INFO     ___FILE_ONLY___ ═
2023-12-25 22:28:00,636 INFO     ___FILE_ONLY___ ═
2023-12-25 22:28:00,659 INFO     ___FILE_ONLY___ ═
2023-12-25 22:28:00,659 INFO     ___FILE_ONLY___ ╝

2023-12-25 22:28:00,687 INFO     ___FILE_ONLY___ ╔════════════════════════════════════════════════════════════╗

2023-12-25 22:28:00,687 INFO     ___FILE_ONLY___ ╠═ Installing: gke-gcloud-auth-plugin                       ═╣

2023-12-25 22:28:00,687 INFO     ___FILE_ONLY___ ╚
2023-12-25 22:28:00,690 DEBUG    urllib3.connectionpool Starting new HTTPS connection (1): dl.google.com:443
2023-12-25 22:28:00,923 DEBUG    urllib3.connectionpool https://dl.google.com:443 "GET /dl/cloudsdk/channels/rapid/components/google-cloud-sdk-gke-gcloud-auth-plugin-darwin-arm-20231208151900.tar.gz HTTP/1.1" 200 7779288
2023-12-25 22:28:01,209 INFO     ___FILE_ONLY___ ═
2023-12-25 22:28:01,210 INFO     ___FILE_ONLY___ ═
2023-12-25 22:28:01,210 INFO     ___FILE_ONLY___ ═
2023-12-25 22:28:01,210 INFO     ___FILE_ONLY___ ═
2023-12-25 22:28:01,211 INFO     ___FILE_ONLY___ ═
2023-12-25 22:28:01,211 INFO     ___FILE_ONLY___ ═
2023-12-25 22:28:01,211 INFO     ___FILE_ONLY___ ═
2023-12-25 22:28:01,211 INFO     ___FILE_ONLY___ ═
2023-12-25 22:28:01,212 INFO     ___FILE_ONLY___ ═
2023-12-25 22:28:01,212 INFO     ___FILE_ONLY___ ═
2023-12-25 22:28:01,213 INFO     ___FILE_ONLY___ ═
2023-12-25 22:28:01,213 INFO     ___FILE_ONLY___ ═
2023-12-25 22:28:01,213 INFO     ___FILE_ONLY___ ═
2023-12-25 22:28:01,214 INFO     ___FILE_ONLY___ ═
2023-12-25 22:28:01,214 INFO     ___FILE_ONLY___ ═
2023-12-25 22:28:01,214 INFO     ___FILE_ONLY___ ═
2023-12-25 22:28:01,214 INFO     ___FILE_ONLY___ ═
2023-12-25 22:28:01,215 INFO     ___FILE_ONLY___ ═
2023-12-25 22:28:01,215 INFO     ___FILE_ONLY___ ═
2023-12-25 22:28:01,216 INFO     ___FILE_ONLY___ ═
2023-12-25 22:28:01,216 INFO     ___FILE_ONLY___ ═
2023-12-25 22:28:01,217 INFO     ___FILE_ONLY___ ═
2023-12-25 22:28:01,217 INFO     ___FILE_ONLY___ ═
2023-12-25 22:28:01,217 INFO     ___FILE_ONLY___ ═
2023-12-25 22:28:01,218 INFO     ___FILE_ONLY___ ═
2023-12-25 22:28:01,218 INFO     ___FILE_ONLY___ ═
2023-12-25 22:28:01,218 INFO     ___FILE_ONLY___ ═
2023-12-25 22:28:01,218 INFO     ___FILE_ONLY___ ═
2023-12-25 22:28:01,219 INFO     ___FILE_ONLY___ ═
2023-12-25 22:28:01,219 INFO     ___FILE_ONLY___ ═
2023-12-25 22:28:01,332 INFO     ___FILE_ONLY___ ══════════════════════════════
2023-12-25 22:28:01,332 INFO     ___FILE_ONLY___ ╝

2023-12-25 22:28:01,339 INFO     ___FILE_ONLY___ ╔════════════════════════════════════════════════════════════╗

2023-12-25 22:28:01,340 INFO     ___FILE_ONLY___ ╠═ Installing: kubectl                                      ═╣

2023-12-25 22:28:01,340 INFO     ___FILE_ONLY___ ╚
2023-12-25 22:28:01,343 DEBUG    urllib3.connectionpool Starting new HTTPS connection (1): dl.google.com:443
2023-12-25 22:28:01,542 DEBUG    urllib3.connectionpool https://dl.google.com:443 "GET /dl/cloudsdk/channels/rapid/components/google-cloud-sdk-kubectl-darwin-arm-20231215195722.tar.gz HTTP/1.1" 200 89584427
2023-12-25 22:28:05,377 INFO     ___FILE_ONLY___ ═
2023-12-25 22:28:05,380 INFO     ___FILE_ONLY___ ═
2023-12-25 22:28:05,383 INFO     ___FILE_ONLY___ ═
2023-12-25 22:28:05,385 INFO     ___FILE_ONLY___ ═
2023-12-25 22:28:05,388 INFO     ___FILE_ONLY___ ═
2023-12-25 22:28:05,390 INFO     ___FILE_ONLY___ ═
2023-12-25 22:28:05,393 INFO     ___FILE_ONLY___ ═
2023-12-25 22:28:05,395 INFO     ___FILE_ONLY___ ═
2023-12-25 22:28:05,398 INFO     ___FILE_ONLY___ ═
2023-12-25 22:28:05,400 INFO     ___FILE_ONLY___ ═
2023-12-25 22:28:05,402 INFO     ___FILE_ONLY___ ═
2023-12-25 22:28:05,405 INFO     ___FILE_ONLY___ ═
2023-12-25 22:28:05,407 INFO     ___FILE_ONLY___ ═
2023-12-25 22:28:05,409 INFO     ___FILE_ONLY___ ═
2023-12-25 22:28:05,412 INFO     ___FILE_ONLY___ ═
2023-12-25 22:28:05,414 INFO     ___FILE_ONLY___ ═
2023-12-25 22:28:05,417 INFO     ___FILE_ONLY___ ═
2023-12-25 22:28:05,419 INFO     ___FILE_ONLY___ ═
2023-12-25 22:28:05,420 INFO     ___FILE_ONLY___ ═
2023-12-25 22:28:05,423 INFO     ___FILE_ONLY___ ═
2023-12-25 22:28:05,424 INFO     ___FILE_ONLY___ ═
2023-12-25 22:28:05,426 INFO     ___FILE_ONLY___ ═
2023-12-25 22:28:05,428 INFO     ___FILE_ONLY___ ═
2023-12-25 22:28:05,429 INFO     ___FILE_ONLY___ ═
2023-12-25 22:28:05,431 INFO     ___FILE_ONLY___ ═
2023-12-25 22:28:05,433 INFO     ___FILE_ONLY___ ═
2023-12-25 22:28:05,435 INFO     ___FILE_ONLY___ ═
2023-12-25 22:28:05,437 INFO     ___FILE_ONLY___ ═
2023-12-25 22:28:05,438 INFO     ___FILE_ONLY___ ═
2023-12-25 22:28:05,440 INFO     ___FILE_ONLY___ ═
2023-12-25 22:28:06,457 INFO     ___FILE_ONLY___ ═════
2023-12-25 22:28:06,627 INFO     ___FILE_ONLY___ ═════
2023-12-25 22:28:06,834 INFO     ___FILE_ONLY___ ═════
2023-12-25 22:28:07,011 INFO     ___FILE_ONLY___ ════
2023-12-25 22:28:07,191 INFO     ___FILE_ONLY___ ══════
2023-12-25 22:28:07,374 INFO     ___FILE_ONLY___ ═════
2023-12-25 22:28:07,374 INFO     ___FILE_ONLY___ ╝

2023-12-25 22:28:07,384 INFO     ___FILE_ONLY___ ╔════════════════════════════════════════════════════════════╗

2023-12-25 22:28:07,385 INFO     ___FILE_ONLY___ ╠═ Installing: kubectl                                      ═╣

2023-12-25 22:28:07,385 INFO     ___FILE_ONLY___ ╚
2023-12-25 22:28:07,388 DEBUG    urllib3.connectionpool Starting new HTTPS connection (1): dl.google.com:443
2023-12-25 22:28:07,607 DEBUG    urllib3.connectionpool https://dl.google.com:443 "GET /dl/cloudsdk/channels/rapid/components/google-cloud-sdk-kubectl-20231215195722.tar.gz HTTP/1.1" 200 35802
2023-12-25 22:28:07,636 INFO     ___FILE_ONLY___ ═════════════
2023-12-25 22:28:07,636 INFO     ___FILE_ONLY___ ══════════════
2023-12-25 22:28:07,637 INFO     ___FILE_ONLY___ ═══
2023-12-25 22:28:07,643 INFO     ___FILE_ONLY___ ══════════════════════════════
2023-12-25 22:28:07,643 INFO     ___FILE_ONLY___ ╝

2023-12-25 22:28:07,668 INFO     ___FILE_ONLY___ ╔════════════════════════════════════════════════════════════╗

2023-12-25 22:28:07,669 INFO     ___FILE_ONLY___ ╠═ Creating backup and activating new installation          ═╣

2023-12-25 22:28:07,669 INFO     ___FILE_ONLY___ ╚
2023-12-25 22:28:07,670 DEBUG    root            Attempting to move directory [/Users/prathyureddy/Library/Application Support/cloud-code/installer/google-cloud-sdk] to [/Users/prathyureddy/Library/Application Support/cloud-code/installer/google-cloud-sdk.staging/.install/.backup]
2023-12-25 22:28:07,670 INFO     ___FILE_ONLY___ ══════════════════════════════
2023-12-25 22:28:07,670 DEBUG    root            Attempting to move directory [/Users/prathyureddy/Library/Application Support/cloud-code/installer/google-cloud-sdk.staging] to [/Users/prathyureddy/Library/Application Support/cloud-code/installer/google-cloud-sdk]
2023-12-25 22:28:07,670 INFO     ___FILE_ONLY___ ══════════════════════════════
2023-12-25 22:28:07,670 INFO     ___FILE_ONLY___ ╝

2023-12-25 22:28:07,681 DEBUG    root            Updating notification cache...
2023-12-25 22:28:07,681 INFO     ___FILE_ONLY___ 

2023-12-25 22:28:07,687 INFO     ___FILE_ONLY___ Performing post processing steps...
2023-12-25 22:28:07,688 DEBUG    root            Executing command: ['/Library/Developer/CommandLineTools/usr/bin/python3', '-S', '/Users/prathyureddy/Library/Application Support/cloud-code/installer/google-cloud-sdk/lib/gcloud.py', 'components', 'post-process', '--no-compile-python']
2023-12-25 22:28:08,495 DEBUG    ___FILE_ONLY___ 
2023-12-25 22:28:08,495 DEBUG    ___FILE_ONLY___ 
2023-12-25 22:28:08,709 INFO     ___FILE_ONLY___ 
Update done!


2023-12-25 22:28:08,710 INFO     ___FILE_ONLY___ To revert your CLI to the previously installed version, you may run:
  $ gcloud components update --version 437.0.1


2023-12-25 22:28:08,731 DEBUG    root            Chosen display Format:none
2023-12-25 22:28:08,732 INFO     root            Display format: "none"
