2023-12-25 22:29:05,680 DEBUG    root            Metrics collector initialized...
2023-12-25 22:29:05,681 DEBUG    root            Loaded Command Group: ['gcloud', 'components']
2023-12-25 22:29:05,683 DEBUG    root            Loaded Command Group: ['gcloud', 'components', 'update']
2023-12-25 22:29:05,684 DEBUG    root            Running [gcloud.components.update] with arguments: [--allow-no-backup: "True", --no-compile-python: "False", --quiet: "True", COMPONENT-IDS:6: "['alpha', 'beta', 'gke-gcloud-auth-plugin', 'kubectl', 'skaffold', 'minikube']"]
2023-12-25 22:29:05,685 INFO     ___FILE_ONLY___ Beginning update. This process may take several minutes.

2023-12-25 22:29:05,691 DEBUG    urllib3.connectionpool Starting new HTTPS connection (1): dl.google.com:443
2023-12-25 22:29:05,866 DEBUG    urllib3.connectionpool https://dl.google.com:443 "GET /dl/cloudsdk/channels/rapid/components-2.json HTTP/1.1" 200 214443
2023-12-25 22:29:05,965 INFO     ___FILE_ONLY___ 

2023-12-25 22:29:05,966 INFO     ___FILE_ONLY___ 
Your current Google Cloud CLI version is: 458.0.1

2023-12-25 22:29:05,966 INFO     ___FILE_ONLY___ Installing components from version: 458.0.1

2023-12-25 22:29:05,966 INFO     ___FILE_ONLY___ 

2023-12-25 22:29:05,967 DEBUG    root            Chosen display Format:table[box,title="These components will be removed."](details.display_name:label=Name:align=left,version.version_string:label=Version:align=right,data.size.size(zero="",min=1048576):label=Size:align=right)
2023-12-25 22:29:05,968 DEBUG    root            Chosen display Format:table[box,title="These components will be updated."](details.display_name:label=Name:align=left,version.version_string:label=Version:align=right,data.size.size(zero="",min=1048576):label=Size:align=right)
2023-12-25 22:29:05,969 DEBUG    root            Chosen display Format:table[box,title="These components will be installed."](details.display_name:label=Name:align=left,version.version_string:label=Version:align=right,data.size.size(zero="",min=1048576):label=Size:align=right)
2023-12-25 22:29:05,975 INFO     ___FILE_ONLY___ ┌─────────────────────────────────────────────────────────────────────────────┐
2023-12-25 22:29:05,975 INFO     ___FILE_ONLY___ 

2023-12-25 22:29:05,976 INFO     ___FILE_ONLY___ │                     These components will be installed.                     │
2023-12-25 22:29:05,976 INFO     ___FILE_ONLY___ 

2023-12-25 22:29:05,976 INFO     ___FILE_ONLY___ ├─────────────────────────────────────────────────────┬────────────┬──────────┤
2023-12-25 22:29:05,976 INFO     ___FILE_ONLY___ 

2023-12-25 22:29:05,976 INFO     ___FILE_ONLY___ │                         Name                        │  Version   │   Size   │
2023-12-25 22:29:05,976 INFO     ___FILE_ONLY___ 

2023-12-25 22:29:05,976 INFO     ___FILE_ONLY___ ├─────────────────────────────────────────────────────┼────────────┼──────────┤
2023-12-25 22:29:05,976 INFO     ___FILE_ONLY___ 

2023-12-25 22:29:05,976 INFO     ___FILE_ONLY___ │ 
2023-12-25 22:29:05,976 INFO     ___FILE_ONLY___ Google Cloud CLI Core Libraries (Platform Specific)
2023-12-25 22:29:05,976 INFO     ___FILE_ONLY___  
2023-12-25 22:29:05,976 INFO     ___FILE_ONLY___ │ 
2023-12-25 22:29:05,976 INFO     ___FILE_ONLY___ 2023.12.20
2023-12-25 22:29:05,976 INFO     ___FILE_ONLY___  
2023-12-25 22:29:05,976 INFO     ___FILE_ONLY___ │ 
2023-12-25 22:29:05,976 INFO     ___FILE_ONLY___  < 1 MiB
2023-12-25 22:29:05,977 INFO     ___FILE_ONLY___  
2023-12-25 22:29:05,977 INFO     ___FILE_ONLY___ │
2023-12-25 22:29:05,977 INFO     ___FILE_ONLY___ 

2023-12-25 22:29:05,977 INFO     ___FILE_ONLY___ │ 
2023-12-25 22:29:05,977 INFO     ___FILE_ONLY___ Minikube                                           
2023-12-25 22:29:05,977 INFO     ___FILE_ONLY___  
2023-12-25 22:29:05,977 INFO     ___FILE_ONLY___ │ 
2023-12-25 22:29:05,977 INFO     ___FILE_ONLY___     1.32.0
2023-12-25 22:29:05,977 INFO     ___FILE_ONLY___  
2023-12-25 22:29:05,977 INFO     ___FILE_ONLY___ │ 
2023-12-25 22:29:05,977 INFO     ___FILE_ONLY___ 33.6 MiB
2023-12-25 22:29:05,977 INFO     ___FILE_ONLY___  
2023-12-25 22:29:05,977 INFO     ___FILE_ONLY___ │
2023-12-25 22:29:05,977 INFO     ___FILE_ONLY___ 

2023-12-25 22:29:05,977 INFO     ___FILE_ONLY___ │ 
2023-12-25 22:29:05,977 INFO     ___FILE_ONLY___ Skaffold                                           
2023-12-25 22:29:05,977 INFO     ___FILE_ONLY___  
2023-12-25 22:29:05,978 INFO     ___FILE_ONLY___ │ 
2023-12-25 22:29:05,978 INFO     ___FILE_ONLY___      2.9.0
2023-12-25 22:29:05,978 INFO     ___FILE_ONLY___  
2023-12-25 22:29:05,978 INFO     ___FILE_ONLY___ │ 
2023-12-25 22:29:05,978 INFO     ___FILE_ONLY___ 23.3 MiB
2023-12-25 22:29:05,978 INFO     ___FILE_ONLY___  
2023-12-25 22:29:05,978 INFO     ___FILE_ONLY___ │
2023-12-25 22:29:05,978 INFO     ___FILE_ONLY___ 

2023-12-25 22:29:05,978 INFO     ___FILE_ONLY___ │ 
2023-12-25 22:29:05,978 INFO     ___FILE_ONLY___ gcloud Alpha Commands                              
2023-12-25 22:29:05,978 INFO     ___FILE_ONLY___  
2023-12-25 22:29:05,978 INFO     ___FILE_ONLY___ │ 
2023-12-25 22:29:05,978 INFO     ___FILE_ONLY___ 2023.12.20
2023-12-25 22:29:05,978 INFO     ___FILE_ONLY___  
2023-12-25 22:29:05,978 INFO     ___FILE_ONLY___ │ 
2023-12-25 22:29:05,978 INFO     ___FILE_ONLY___  < 1 MiB
2023-12-25 22:29:05,978 INFO     ___FILE_ONLY___  
2023-12-25 22:29:05,979 INFO     ___FILE_ONLY___ │
2023-12-25 22:29:05,979 INFO     ___FILE_ONLY___ 

2023-12-25 22:29:05,979 INFO     ___FILE_ONLY___ │ 
2023-12-25 22:29:05,979 INFO     ___FILE_ONLY___ gcloud Beta Commands                               
2023-12-25 22:29:05,979 INFO     ___FILE_ONLY___  
2023-12-25 22:29:05,979 INFO     ___FILE_ONLY___ │ 
2023-12-25 22:29:05,979 INFO     ___FILE_ONLY___ 2023.12.20
2023-12-25 22:29:05,979 INFO     ___FILE_ONLY___  
2023-12-25 22:29:05,979 INFO     ___FILE_ONLY___ │ 
2023-12-25 22:29:05,979 INFO     ___FILE_ONLY___  < 1 MiB
2023-12-25 22:29:05,979 INFO     ___FILE_ONLY___  
2023-12-25 22:29:05,979 INFO     ___FILE_ONLY___ │
2023-12-25 22:29:05,979 INFO     ___FILE_ONLY___ 

2023-12-25 22:29:05,979 INFO     ___FILE_ONLY___ │ 
2023-12-25 22:29:05,979 INFO     ___FILE_ONLY___ gcloud cli dependencies                            
2023-12-25 22:29:05,979 INFO     ___FILE_ONLY___  
2023-12-25 22:29:05,979 INFO     ___FILE_ONLY___ │ 
2023-12-25 22:29:05,979 INFO     ___FILE_ONLY___ 2021.04.16
2023-12-25 22:29:05,980 INFO     ___FILE_ONLY___  
2023-12-25 22:29:05,980 INFO     ___FILE_ONLY___ │ 
2023-12-25 22:29:05,980 INFO     ___FILE_ONLY___  < 1 MiB
2023-12-25 22:29:05,980 INFO     ___FILE_ONLY___  
2023-12-25 22:29:05,980 INFO     ___FILE_ONLY___ │
2023-12-25 22:29:05,980 INFO     ___FILE_ONLY___ 

2023-12-25 22:29:05,980 INFO     ___FILE_ONLY___ │ 
2023-12-25 22:29:05,980 INFO     ___FILE_ONLY___ gke-gcloud-auth-plugin                             
2023-12-25 22:29:05,980 INFO     ___FILE_ONLY___  
2023-12-25 22:29:05,980 INFO     ___FILE_ONLY___ │ 
2023-12-25 22:29:05,980 INFO     ___FILE_ONLY___      0.5.7
2023-12-25 22:29:05,980 INFO     ___FILE_ONLY___  
2023-12-25 22:29:05,980 INFO     ___FILE_ONLY___ │ 
2023-12-25 22:29:05,980 INFO     ___FILE_ONLY___  7.4 MiB
2023-12-25 22:29:05,980 INFO     ___FILE_ONLY___  
2023-12-25 22:29:05,980 INFO     ___FILE_ONLY___ │
2023-12-25 22:29:05,980 INFO     ___FILE_ONLY___ 

2023-12-25 22:29:05,980 INFO     ___FILE_ONLY___ │ 
2023-12-25 22:29:05,981 INFO     ___FILE_ONLY___ kubectl                                            
2023-12-25 22:29:05,981 INFO     ___FILE_ONLY___  
2023-12-25 22:29:05,981 INFO     ___FILE_ONLY___ │ 
2023-12-25 22:29:05,981 INFO     ___FILE_ONLY___     1.27.8
2023-12-25 22:29:05,981 INFO     ___FILE_ONLY___  
2023-12-25 22:29:05,981 INFO     ___FILE_ONLY___ │ 
2023-12-25 22:29:05,981 INFO     ___FILE_ONLY___ 85.4 MiB
2023-12-25 22:29:05,981 INFO     ___FILE_ONLY___  
2023-12-25 22:29:05,981 INFO     ___FILE_ONLY___ │
2023-12-25 22:29:05,981 INFO     ___FILE_ONLY___ 

2023-12-25 22:29:05,981 INFO     ___FILE_ONLY___ │ 
2023-12-25 22:29:05,981 INFO     ___FILE_ONLY___ kubectl                                            
2023-12-25 22:29:05,981 INFO     ___FILE_ONLY___  
2023-12-25 22:29:05,981 INFO     ___FILE_ONLY___ │ 
2023-12-25 22:29:05,981 INFO     ___FILE_ONLY___     1.27.8
2023-12-25 22:29:05,981 INFO     ___FILE_ONLY___  
2023-12-25 22:29:05,981 INFO     ___FILE_ONLY___ │ 
2023-12-25 22:29:05,981 INFO     ___FILE_ONLY___  < 1 MiB
2023-12-25 22:29:05,982 INFO     ___FILE_ONLY___  
2023-12-25 22:29:05,982 INFO     ___FILE_ONLY___ │
2023-12-25 22:29:05,982 INFO     ___FILE_ONLY___ 

2023-12-25 22:29:05,982 INFO     ___FILE_ONLY___ └─────────────────────────────────────────────────────┴────────────┴──────────┘
2023-12-25 22:29:05,982 INFO     ___FILE_ONLY___ 

2023-12-25 22:29:05,982 INFO     ___FILE_ONLY___ 

2023-12-25 22:29:05,987 DEBUG    urllib3.connectionpool Starting new HTTPS connection (1): dl.google.com:443
2023-12-25 22:29:06,155 DEBUG    urllib3.connectionpool https://dl.google.com:443 "GET /dl/cloudsdk/channels/rapid/RELEASE_NOTES HTTP/1.1" 200 1129488
2023-12-25 22:29:06,318 INFO     ___FILE_ONLY___ For the latest full release notes, please visit:
  https://cloud.google.com/sdk/release_notes


2023-12-25 22:29:06,323 INFO     ___FILE_ONLY___ ╔════════════════════════════════════════════════════════════╗

2023-12-25 22:29:06,324 INFO     ___FILE_ONLY___ ╠═ Creating update staging area                             ═╣

2023-12-25 22:29:06,324 INFO     ___FILE_ONLY___ ╚
2023-12-25 22:29:06,324 INFO     ___FILE_ONLY___ ══════
2023-12-25 22:29:06,324 INFO     ___FILE_ONLY___ ══════
2023-12-25 22:29:06,324 INFO     ___FILE_ONLY___ ══════
2023-12-25 22:29:06,590 INFO     ___FILE_ONLY___ ═
2023-12-25 22:29:06,682 INFO     ___FILE_ONLY___ ═
2023-12-25 22:29:06,782 INFO     ___FILE_ONLY___ ═
2023-12-25 22:29:06,864 INFO     ___FILE_ONLY___ ═
2023-12-25 22:29:06,921 INFO     ___FILE_ONLY___ ═
2023-12-25 22:29:06,984 INFO     ___FILE_ONLY___ ═
2023-12-25 22:29:07,061 INFO     ___FILE_ONLY___ ═
2023-12-25 22:29:07,139 INFO     ___FILE_ONLY___ ═
2023-12-25 22:29:07,223 INFO     ___FILE_ONLY___ ═
2023-12-25 22:29:07,303 INFO     ___FILE_ONLY___ ═
2023-12-25 22:29:07,380 INFO     ___FILE_ONLY___ ═
2023-12-25 22:29:07,475 INFO     ___FILE_ONLY___ ═
2023-12-25 22:29:07,554 INFO     ___FILE_ONLY___ ═
2023-12-25 22:29:07,623 INFO     ___FILE_ONLY___ ═
2023-12-25 22:29:07,690 INFO     ___FILE_ONLY___ ═
2023-12-25 22:29:07,752 INFO     ___FILE_ONLY___ ═
2023-12-25 22:29:07,838 INFO     ___FILE_ONLY___ ═
2023-12-25 22:29:07,925 INFO     ___FILE_ONLY___ ═
2023-12-25 22:29:08,009 INFO     ___FILE_ONLY___ ═
2023-12-25 22:29:08,101 INFO     ___FILE_ONLY___ ═
2023-12-25 22:29:08,198 INFO     ___FILE_ONLY___ ═
2023-12-25 22:29:08,281 INFO     ___FILE_ONLY___ ═
2023-12-25 22:29:08,382 INFO     ___FILE_ONLY___ ═
2023-12-25 22:29:08,469 INFO     ___FILE_ONLY___ ═
2023-12-25 22:29:08,551 INFO     ___FILE_ONLY___ ═
2023-12-25 22:29:08,652 INFO     ___FILE_ONLY___ ═
2023-12-25 22:29:08,797 INFO     ___FILE_ONLY___ ═
2023-12-25 22:29:08,880 INFO     ___FILE_ONLY___ ═
2023-12-25 22:29:08,968 INFO     ___FILE_ONLY___ ═
2023-12-25 22:29:09,058 INFO     ___FILE_ONLY___ ═
2023-12-25 22:29:09,168 INFO     ___FILE_ONLY___ ═
2023-12-25 22:29:09,279 INFO     ___FILE_ONLY___ ═
2023-12-25 22:29:09,462 INFO     ___FILE_ONLY___ ═
2023-12-25 22:29:09,694 INFO     ___FILE_ONLY___ ═
2023-12-25 22:29:09,770 INFO     ___FILE_ONLY___ ═
2023-12-25 22:29:09,836 INFO     ___FILE_ONLY___ ═
2023-12-25 22:29:09,882 INFO     ___FILE_ONLY___ ═
2023-12-25 22:29:09,922 INFO     ___FILE_ONLY___ ═
2023-12-25 22:29:09,964 INFO     ___FILE_ONLY___ ═
2023-12-25 22:29:10,025 INFO     ___FILE_ONLY___ ═
2023-12-25 22:29:10,162 INFO     ___FILE_ONLY___ ═
2023-12-25 22:29:10,479 INFO     ___FILE_ONLY___ ═
2023-12-25 22:29:10,479 INFO     ___FILE_ONLY___ ╝

2023-12-25 22:29:10,488 INFO     ___FILE_ONLY___ ╔════════════════════════════════════════════════════════════╗

2023-12-25 22:29:10,488 INFO     ___FILE_ONLY___ ╠═ Installing: Google Cloud CLI Core Libraries (Platform... ═╣

2023-12-25 22:29:10,488 INFO     ___FILE_ONLY___ ╚
2023-12-25 22:29:10,491 DEBUG    urllib3.connectionpool Starting new HTTPS connection (1): dl.google.com:443
2023-12-25 22:29:10,722 DEBUG    urllib3.connectionpool https://dl.google.com:443 "GET /dl/cloudsdk/channels/rapid/components/google-cloud-sdk-core-nix-20231220215703.tar.gz HTTP/1.1" 200 2402
2023-12-25 22:29:10,724 INFO     ___FILE_ONLY___ ══════════════════════════════
2023-12-25 22:29:10,727 INFO     ___FILE_ONLY___ ═══════════════
2023-12-25 22:29:10,728 INFO     ___FILE_ONLY___ ═══════════════
2023-12-25 22:29:10,728 INFO     ___FILE_ONLY___ ╝

2023-12-25 22:29:10,756 INFO     ___FILE_ONLY___ ╔════════════════════════════════════════════════════════════╗

2023-12-25 22:29:10,757 INFO     ___FILE_ONLY___ ╠═ Installing: Minikube                                     ═╣

2023-12-25 22:29:10,757 INFO     ___FILE_ONLY___ ╚
2023-12-25 22:29:10,764 INFO     ___FILE_ONLY___ ════════════════════════════════════════════════════════════
2023-12-25 22:29:10,764 INFO     ___FILE_ONLY___ ╝

2023-12-25 22:29:10,769 INFO     ___FILE_ONLY___ ╔════════════════════════════════════════════════════════════╗

2023-12-25 22:29:10,770 INFO     ___FILE_ONLY___ ╠═ Installing: Minikube                                     ═╣

2023-12-25 22:29:10,770 INFO     ___FILE_ONLY___ ╚
2023-12-25 22:29:10,776 DEBUG    urllib3.connectionpool Starting new HTTPS connection (1): dl.google.com:443
2023-12-25 22:29:11,096 DEBUG    urllib3.connectionpool https://dl.google.com:443 "GET /dl/cloudsdk/channels/rapid/components/google-cloud-sdk-minikube-darwin-arm-20231201141418.tar.gz HTTP/1.1" 200 35193661
2023-12-25 22:29:12,021 INFO     ___FILE_ONLY___ ═
2023-12-25 22:29:12,025 INFO     ___FILE_ONLY___ ═
2023-12-25 22:29:12,026 INFO     ___FILE_ONLY___ ═
2023-12-25 22:29:12,027 INFO     ___FILE_ONLY___ ═
2023-12-25 22:29:12,028 INFO     ___FILE_ONLY___ ═
2023-12-25 22:29:12,028 INFO     ___FILE_ONLY___ ═
2023-12-25 22:29:12,029 INFO     ___FILE_ONLY___ ═
2023-12-25 22:29:12,032 INFO     ___FILE_ONLY___ ═
2023-12-25 22:29:12,033 INFO     ___FILE_ONLY___ ═
2023-12-25 22:29:12,034 INFO     ___FILE_ONLY___ ═
2023-12-25 22:29:12,035 INFO     ___FILE_ONLY___ ═
2023-12-25 22:29:12,035 INFO     ___FILE_ONLY___ ═
2023-12-25 22:29:12,036 INFO     ___FILE_ONLY___ ═
2023-12-25 22:29:12,037 INFO     ___FILE_ONLY___ ═
2023-12-25 22:29:12,039 INFO     ___FILE_ONLY___ ═
2023-12-25 22:29:12,047 INFO     ___FILE_ONLY___ ═
2023-12-25 22:29:12,048 INFO     ___FILE_ONLY___ ═
2023-12-25 22:29:12,050 INFO     ___FILE_ONLY___ ═
2023-12-25 22:29:12,051 INFO     ___FILE_ONLY___ ═
2023-12-25 22:29:12,056 INFO     ___FILE_ONLY___ ═
2023-12-25 22:29:12,083 INFO     ___FILE_ONLY___ ═
2023-12-25 22:29:12,137 INFO     ___FILE_ONLY___ ═
2023-12-25 22:29:12,139 INFO     ___FILE_ONLY___ ═
2023-12-25 22:29:12,142 INFO     ___FILE_ONLY___ ═
2023-12-25 22:29:12,144 INFO     ___FILE_ONLY___ ═
2023-12-25 22:29:12,147 INFO     ___FILE_ONLY___ ═
2023-12-25 22:29:12,149 INFO     ___FILE_ONLY___ ═
2023-12-25 22:29:12,151 INFO     ___FILE_ONLY___ ═
2023-12-25 22:29:12,164 INFO     ___FILE_ONLY___ ═
2023-12-25 22:29:12,166 INFO     ___FILE_ONLY___ ═
2023-12-25 22:29:12,714 INFO     ___FILE_ONLY___ ══════════════════════════════
2023-12-25 22:29:12,715 INFO     ___FILE_ONLY___ ╝

2023-12-25 22:29:12,724 INFO     ___FILE_ONLY___ ╔════════════════════════════════════════════════════════════╗

2023-12-25 22:29:12,724 INFO     ___FILE_ONLY___ ╠═ Installing: Skaffold                                     ═╣

2023-12-25 22:29:12,724 INFO     ___FILE_ONLY___ ╚
2023-12-25 22:29:12,728 DEBUG    urllib3.connectionpool Starting new HTTPS connection (1): dl.google.com:443
2023-12-25 22:29:12,940 DEBUG    urllib3.connectionpool https://dl.google.com:443 "GET /dl/cloudsdk/channels/rapid/components/google-cloud-sdk-skaffold-darwin-arm-20231110155547.tar.gz HTTP/1.1" 200 24426195
2023-12-25 22:29:13,665 INFO     ___FILE_ONLY___ ═
2023-12-25 22:29:13,666 INFO     ___FILE_ONLY___ ═
2023-12-25 22:29:13,666 INFO     ___FILE_ONLY___ ═
2023-12-25 22:29:13,667 INFO     ___FILE_ONLY___ ═
2023-12-25 22:29:13,668 INFO     ___FILE_ONLY___ ═
2023-12-25 22:29:13,669 INFO     ___FILE_ONLY___ ═
2023-12-25 22:29:13,669 INFO     ___FILE_ONLY___ ═
2023-12-25 22:29:13,670 INFO     ___FILE_ONLY___ ═
2023-12-25 22:29:13,670 INFO     ___FILE_ONLY___ ═
2023-12-25 22:29:13,671 INFO     ___FILE_ONLY___ ═
2023-12-25 22:29:13,672 INFO     ___FILE_ONLY___ ═
2023-12-25 22:29:13,672 INFO     ___FILE_ONLY___ ═
2023-12-25 22:29:13,673 INFO     ___FILE_ONLY___ ═
2023-12-25 22:29:13,674 INFO     ___FILE_ONLY___ ═
2023-12-25 22:29:13,674 INFO     ___FILE_ONLY___ ═
2023-12-25 22:29:13,675 INFO     ___FILE_ONLY___ ═
2023-12-25 22:29:13,675 INFO     ___FILE_ONLY___ ═
2023-12-25 22:29:13,676 INFO     ___FILE_ONLY___ ═
2023-12-25 22:29:13,677 INFO     ___FILE_ONLY___ ═
2023-12-25 22:29:13,677 INFO     ___FILE_ONLY___ ═
2023-12-25 22:29:13,678 INFO     ___FILE_ONLY___ ═
2023-12-25 22:29:13,679 INFO     ___FILE_ONLY___ ═
2023-12-25 22:29:13,679 INFO     ___FILE_ONLY___ ═
2023-12-25 22:29:13,680 INFO     ___FILE_ONLY___ ═
2023-12-25 22:29:13,680 INFO     ___FILE_ONLY___ ═
2023-12-25 22:29:13,681 INFO     ___FILE_ONLY___ ═
2023-12-25 22:29:13,682 INFO     ___FILE_ONLY___ ═
2023-12-25 22:29:13,682 INFO     ___FILE_ONLY___ ═
2023-12-25 22:29:13,683 INFO     ___FILE_ONLY___ ═
2023-12-25 22:29:13,683 INFO     ___FILE_ONLY___ ═
2023-12-25 22:29:14,231 INFO     ___FILE_ONLY___ ══════════════════════════════
2023-12-25 22:29:14,231 INFO     ___FILE_ONLY___ ╝

2023-12-25 22:29:14,240 INFO     ___FILE_ONLY___ ╔════════════════════════════════════════════════════════════╗

2023-12-25 22:29:14,240 INFO     ___FILE_ONLY___ ╠═ Installing: Skaffold                                     ═╣

2023-12-25 22:29:14,240 INFO     ___FILE_ONLY___ ╚
2023-12-25 22:29:14,242 INFO     ___FILE_ONLY___ ════════════════════════════════════════════════════════════
2023-12-25 22:29:14,242 INFO     ___FILE_ONLY___ ╝

2023-12-25 22:29:14,245 INFO     ___FILE_ONLY___ ╔════════════════════════════════════════════════════════════╗

2023-12-25 22:29:14,245 INFO     ___FILE_ONLY___ ╠═ Installing: gcloud Alpha Commands                        ═╣

2023-12-25 22:29:14,245 INFO     ___FILE_ONLY___ ╚
2023-12-25 22:29:14,248 DEBUG    urllib3.connectionpool Starting new HTTPS connection (1): dl.google.com:443
2023-12-25 22:29:14,417 DEBUG    urllib3.connectionpool https://dl.google.com:443 "GET /dl/cloudsdk/channels/rapid/components/google-cloud-sdk-alpha-20231220215703.tar.gz HTTP/1.1" 200 800
2023-12-25 22:29:14,419 INFO     ___FILE_ONLY___ ══════════════════════════════
2023-12-25 22:29:14,421 INFO     ___FILE_ONLY___ ══════════════════════════════
2023-12-25 22:29:14,421 INFO     ___FILE_ONLY___ ╝

2023-12-25 22:29:14,437 INFO     ___FILE_ONLY___ ╔════════════════════════════════════════════════════════════╗

2023-12-25 22:29:14,438 INFO     ___FILE_ONLY___ ╠═ Installing: gcloud Beta Commands                         ═╣

2023-12-25 22:29:14,438 INFO     ___FILE_ONLY___ ╚
2023-12-25 22:29:14,444 DEBUG    urllib3.connectionpool Starting new HTTPS connection (1): dl.google.com:443
2023-12-25 22:29:14,650 DEBUG    urllib3.connectionpool https://dl.google.com:443 "GET /dl/cloudsdk/channels/rapid/components/google-cloud-sdk-beta-20231220215703.tar.gz HTTP/1.1" 200 797
2023-12-25 22:29:14,652 INFO     ___FILE_ONLY___ ══════════════════════════════
2023-12-25 22:29:14,654 INFO     ___FILE_ONLY___ ══════════════════════════════
2023-12-25 22:29:14,654 INFO     ___FILE_ONLY___ ╝

2023-12-25 22:29:14,675 INFO     ___FILE_ONLY___ ╔════════════════════════════════════════════════════════════╗

2023-12-25 22:29:14,676 INFO     ___FILE_ONLY___ ╠═ Installing: gcloud cli dependencies                      ═╣

2023-12-25 22:29:14,676 INFO     ___FILE_ONLY___ ╚
2023-12-25 22:29:14,686 DEBUG    urllib3.connectionpool Starting new HTTPS connection (1): dl.google.com:443
2023-12-25 22:29:14,907 DEBUG    urllib3.connectionpool https://dl.google.com:443 "GET /dl/cloudsdk/channels/rapid/components/google-cloud-sdk-gcloud-deps-darwin-x86_64-20210416153011.tar.gz HTTP/1.1" 200 105
2023-12-25 22:29:14,908 INFO     ___FILE_ONLY___ ══════════════════════════════
2023-12-25 22:29:14,909 INFO     ___FILE_ONLY___ ══════════════════════════════
2023-12-25 22:29:14,909 INFO     ___FILE_ONLY___ ╝

2023-12-25 22:29:14,937 INFO     ___FILE_ONLY___ ╔════════════════════════════════════════════════════════════╗

2023-12-25 22:29:14,938 INFO     ___FILE_ONLY___ ╠═ Installing: gke-gcloud-auth-plugin                       ═╣

2023-12-25 22:29:14,938 INFO     ___FILE_ONLY___ ╚
2023-12-25 22:29:14,944 INFO     ___FILE_ONLY___ ════════════════════════════════════════════════════════════
2023-12-25 22:29:14,944 INFO     ___FILE_ONLY___ ╝

2023-12-25 22:29:14,950 INFO     ___FILE_ONLY___ ╔════════════════════════════════════════════════════════════╗

2023-12-25 22:29:14,950 INFO     ___FILE_ONLY___ ╠═ Installing: gke-gcloud-auth-plugin                       ═╣

2023-12-25 22:29:14,950 INFO     ___FILE_ONLY___ ╚
2023-12-25 22:29:14,957 DEBUG    urllib3.connectionpool Starting new HTTPS connection (1): dl.google.com:443
2023-12-25 22:29:15,178 DEBUG    urllib3.connectionpool https://dl.google.com:443 "GET /dl/cloudsdk/channels/rapid/components/google-cloud-sdk-gke-gcloud-auth-plugin-darwin-arm-20231208151900.tar.gz HTTP/1.1" 200 7779288
2023-12-25 22:29:15,583 INFO     ___FILE_ONLY___ ═
2023-12-25 22:29:15,585 INFO     ___FILE_ONLY___ ═
2023-12-25 22:29:15,586 INFO     ___FILE_ONLY___ ═
2023-12-25 22:29:15,586 INFO     ___FILE_ONLY___ ═
2023-12-25 22:29:15,587 INFO     ___FILE_ONLY___ ═
2023-12-25 22:29:15,587 INFO     ___FILE_ONLY___ ═
2023-12-25 22:29:15,588 INFO     ___FILE_ONLY___ ═
2023-12-25 22:29:15,588 INFO     ___FILE_ONLY___ ═
2023-12-25 22:29:15,589 INFO     ___FILE_ONLY___ ═
2023-12-25 22:29:15,589 INFO     ___FILE_ONLY___ ═
2023-12-25 22:29:15,589 INFO     ___FILE_ONLY___ ═
2023-12-25 22:29:15,590 INFO     ___FILE_ONLY___ ═
2023-12-25 22:29:15,590 INFO     ___FILE_ONLY___ ═
2023-12-25 22:29:15,591 INFO     ___FILE_ONLY___ ═
2023-12-25 22:29:15,591 INFO     ___FILE_ONLY___ ═
2023-12-25 22:29:15,591 INFO     ___FILE_ONLY___ ═
2023-12-25 22:29:15,592 INFO     ___FILE_ONLY___ ═
2023-12-25 22:29:15,592 INFO     ___FILE_ONLY___ ═
2023-12-25 22:29:15,592 INFO     ___FILE_ONLY___ ═
2023-12-25 22:29:15,593 INFO     ___FILE_ONLY___ ═
2023-12-25 22:29:15,593 INFO     ___FILE_ONLY___ ═
2023-12-25 22:29:15,594 INFO     ___FILE_ONLY___ ═
2023-12-25 22:29:15,594 INFO     ___FILE_ONLY___ ═
2023-12-25 22:29:15,594 INFO     ___FILE_ONLY___ ═
2023-12-25 22:29:15,595 INFO     ___FILE_ONLY___ ═
2023-12-25 22:29:15,595 INFO     ___FILE_ONLY___ ═
2023-12-25 22:29:15,596 INFO     ___FILE_ONLY___ ═
2023-12-25 22:29:15,596 INFO     ___FILE_ONLY___ ═
2023-12-25 22:29:15,596 INFO     ___FILE_ONLY___ ═
2023-12-25 22:29:15,597 INFO     ___FILE_ONLY___ ═
2023-12-25 22:29:15,718 INFO     ___FILE_ONLY___ ══════════════════════════════
2023-12-25 22:29:15,718 INFO     ___FILE_ONLY___ ╝

2023-12-25 22:29:15,725 INFO     ___FILE_ONLY___ ╔════════════════════════════════════════════════════════════╗

2023-12-25 22:29:15,725 INFO     ___FILE_ONLY___ ╠═ Installing: kubectl                                      ═╣

2023-12-25 22:29:15,726 INFO     ___FILE_ONLY___ ╚
2023-12-25 22:29:15,729 DEBUG    urllib3.connectionpool Starting new HTTPS connection (1): dl.google.com:443
2023-12-25 22:29:15,940 DEBUG    urllib3.connectionpool https://dl.google.com:443 "GET /dl/cloudsdk/channels/rapid/components/google-cloud-sdk-kubectl-darwin-arm-20231215195722.tar.gz HTTP/1.1" 200 89584427
2023-12-25 22:29:18,599 INFO     ___FILE_ONLY___ ═
2023-12-25 22:29:18,601 INFO     ___FILE_ONLY___ ═
2023-12-25 22:29:18,604 INFO     ___FILE_ONLY___ ═
2023-12-25 22:29:18,606 INFO     ___FILE_ONLY___ ═
2023-12-25 22:29:18,608 INFO     ___FILE_ONLY___ ═
2023-12-25 22:29:18,611 INFO     ___FILE_ONLY___ ═
2023-12-25 22:29:18,613 INFO     ___FILE_ONLY___ ═
2023-12-25 22:29:18,615 INFO     ___FILE_ONLY___ ═
2023-12-25 22:29:18,618 INFO     ___FILE_ONLY___ ═
2023-12-25 22:29:18,620 INFO     ___FILE_ONLY___ ═
2023-12-25 22:29:18,623 INFO     ___FILE_ONLY___ ═
2023-12-25 22:29:18,625 INFO     ___FILE_ONLY___ ═
2023-12-25 22:29:18,627 INFO     ___FILE_ONLY___ ═
2023-12-25 22:29:18,629 INFO     ___FILE_ONLY___ ═
2023-12-25 22:29:18,631 INFO     ___FILE_ONLY___ ═
2023-12-25 22:29:18,633 INFO     ___FILE_ONLY___ ═
2023-12-25 22:29:18,635 INFO     ___FILE_ONLY___ ═
2023-12-25 22:29:18,637 INFO     ___FILE_ONLY___ ═
2023-12-25 22:29:18,641 INFO     ___FILE_ONLY___ ═
2023-12-25 22:29:18,643 INFO     ___FILE_ONLY___ ═
2023-12-25 22:29:18,645 INFO     ___FILE_ONLY___ ═
2023-12-25 22:29:18,647 INFO     ___FILE_ONLY___ ═
2023-12-25 22:29:18,649 INFO     ___FILE_ONLY___ ═
2023-12-25 22:29:18,650 INFO     ___FILE_ONLY___ ═
2023-12-25 22:29:18,652 INFO     ___FILE_ONLY___ ═
2023-12-25 22:29:18,654 INFO     ___FILE_ONLY___ ═
2023-12-25 22:29:18,656 INFO     ___FILE_ONLY___ ═
2023-12-25 22:29:18,658 INFO     ___FILE_ONLY___ ═
2023-12-25 22:29:18,660 INFO     ___FILE_ONLY___ ═
2023-12-25 22:29:18,662 INFO     ___FILE_ONLY___ ═
2023-12-25 22:29:19,735 INFO     ___FILE_ONLY___ ═════
2023-12-25 22:29:20,005 INFO     ___FILE_ONLY___ ═════
2023-12-25 22:29:20,187 INFO     ___FILE_ONLY___ ═════
2023-12-25 22:29:20,366 INFO     ___FILE_ONLY___ ════
2023-12-25 22:29:20,551 INFO     ___FILE_ONLY___ ══════
2023-12-25 22:29:20,735 INFO     ___FILE_ONLY___ ═════
2023-12-25 22:29:20,735 INFO     ___FILE_ONLY___ ╝

2023-12-25 22:29:20,744 INFO     ___FILE_ONLY___ ╔════════════════════════════════════════════════════════════╗

2023-12-25 22:29:20,745 INFO     ___FILE_ONLY___ ╠═ Installing: kubectl                                      ═╣

2023-12-25 22:29:20,745 INFO     ___FILE_ONLY___ ╚
2023-12-25 22:29:20,748 DEBUG    urllib3.connectionpool Starting new HTTPS connection (1): dl.google.com:443
2023-12-25 22:29:20,959 DEBUG    urllib3.connectionpool https://dl.google.com:443 "GET /dl/cloudsdk/channels/rapid/components/google-cloud-sdk-kubectl-20231215195722.tar.gz HTTP/1.1" 200 35802
2023-12-25 22:29:20,985 INFO     ___FILE_ONLY___ ═════════════
2023-12-25 22:29:20,985 INFO     ___FILE_ONLY___ ══════════════
2023-12-25 22:29:20,985 INFO     ___FILE_ONLY___ ═══
2023-12-25 22:29:20,991 INFO     ___FILE_ONLY___ ══════════════════════════════
2023-12-25 22:29:20,991 INFO     ___FILE_ONLY___ ╝

2023-12-25 22:29:21,007 INFO     ___FILE_ONLY___ ╔════════════════════════════════════════════════════════════╗

2023-12-25 22:29:21,008 INFO     ___FILE_ONLY___ ╠═ Creating backup and activating new installation          ═╣

2023-12-25 22:29:21,008 INFO     ___FILE_ONLY___ ╚
2023-12-25 22:29:21,008 DEBUG    root            Attempting to move directory [/Users/prathyureddy/Library/Application Support/cloud-code/installer/google-cloud-sdk] to [/Users/prathyureddy/Library/Application Support/cloud-code/installer/google-cloud-sdk.staging/.install/.backup]
2023-12-25 22:29:21,008 INFO     ___FILE_ONLY___ ══════════════════════════════
2023-12-25 22:29:21,008 DEBUG    root            Attempting to move directory [/Users/prathyureddy/Library/Application Support/cloud-code/installer/google-cloud-sdk.staging] to [/Users/prathyureddy/Library/Application Support/cloud-code/installer/google-cloud-sdk]
2023-12-25 22:29:21,008 INFO     ___FILE_ONLY___ ══════════════════════════════
2023-12-25 22:29:21,008 INFO     ___FILE_ONLY___ ╝

2023-12-25 22:29:21,012 DEBUG    root            Updating notification cache...
2023-12-25 22:29:21,013 INFO     ___FILE_ONLY___ 

2023-12-25 22:29:21,016 INFO     ___FILE_ONLY___ Performing post processing steps...
2023-12-25 22:29:21,017 DEBUG    root            Executing command: ['/Library/Developer/CommandLineTools/usr/bin/python3', '-S', '/Users/prathyureddy/Library/Application Support/cloud-code/installer/google-cloud-sdk/lib/gcloud.py', 'components', 'post-process', '--no-compile-python']
2023-12-25 22:29:21,599 DEBUG    ___FILE_ONLY___ 
2023-12-25 22:29:21,600 DEBUG    ___FILE_ONLY___ 
2023-12-25 22:29:21,779 INFO     ___FILE_ONLY___ 
Update done!


2023-12-25 22:29:21,784 DEBUG    root            Chosen display Format:none
2023-12-25 22:29:21,785 INFO     root            Display format: "none"
2023-12-25 22:29:21,808 DEBUG    root            Executing command: ['curl', '--silent', '-O', 'https://dl.google.com/dl/cloudsdk/channels/rapid/python-3.11.6-macos11.tar.gz']
2023-12-25 22:29:23,992 DEBUG    root            Executing command: ['tar', '-xf', 'python-3.11.6-macos11.tar.gz']
2023-12-25 22:29:24,104 DEBUG    root            Executing command: ['sudo', 'installer', '-target', '/', '-pkg', './python-3.11.6-macos11.pkg']
